<?xml version="1.0" encoding="UTF-8"?>
<testsuites>
<testsuite name="php-src" tests="154" failures="0" errors="0" skip="74" time="8.2345">
<testsuite name="php-src.ext.bz2.tests" tests="10" failures="0" errors="0" skip="0" time="0.237">
<testcase classname='php-src.ext.bz2.tests' name='001.phpt - bzopen() and invalid parameters' time='0.0257'>
</testcase>
<testcase classname='php-src.ext.bz2.tests' name='002.phpt - bzopen() using fd opened in wrong mode' time='0.0302'>
</testcase>
<testcase classname='php-src.ext.bz2.tests' name='003.phpt - bzread() tests' time='0.0250'>
</testcase>
<testcase classname='php-src.ext.bz2.tests' name='004.phpt - bzread() tests with invalid files' time='0.0208'>
</testcase>
<testcase classname='php-src.ext.bz2.tests' name='005.phpt - bzcompress()/bzdecompress() tests' time='0.0196'>
</testcase>
<testcase classname='php-src.ext.bz2.tests' name='bug51997.phpt - Bug #51997 (SEEK_CUR with 0 value, returns a warning)' time='0.0320'>
</testcase>
<testcase classname='php-src.ext.bz2.tests' name='bz2_filter_compress.phpt - bzip2.compress (with convert.base64-encode)' time='0.0225'>
</testcase>
<testcase classname='php-src.ext.bz2.tests' name='bz2_filter_decompress.phpt - bzip2.decompress (with convert.base64-decode)' time='0.0205'>
</testcase>
<testcase classname='php-src.ext.bz2.tests' name='with_files.phpt - BZ2 with files' time='0.0185'>
</testcase>
<testcase classname='php-src.ext.bz2.tests' name='with_strings.phpt - BZ2 with strings' time='0.0222'>
</testcase>
</testsuite>
<testsuite name="php-src.ext.ctype.tests" tests="70" failures="0" errors="0" skip="0" time="1.702">
<testcase classname='php-src.ext.ctype.tests' name='001.phpt - ctype on integers' time='0.0187'>
</testcase>
<testcase classname='php-src.ext.ctype.tests' name='002.phpt - ctype on strings' time='0.0243'>
</testcase>
<testcase classname='php-src.ext.ctype.tests' name='bug25745.phpt - Bug #25745 (ctype functions fail with non-ascii characters)' time='0.0251'>
</testcase>
<testcase classname='php-src.ext.ctype.tests' name='bug34645.phpt - Bug #34645 (ctype corrupts memory when validating large numbers)' time='0.0241'>
</testcase>
<testcase classname='php-src.ext.ctype.tests' name='ctype_alnum_basic.phpt - Test ctype_alnum() function : basic functionality' time='0.0285'>
</testcase>
<testcase classname='php-src.ext.ctype.tests' name='ctype_alnum_error.phpt - Test ctype_alnum() function : error conditions - Incorrect number of args' time='0.0323'>
</testcase>
<testcase classname='php-src.ext.ctype.tests' name='ctype_alnum_variation1.phpt - Test ctype_alnum() function : usage variations - Different data types as $c arg' time='0.0182'>
</testcase>
<testcase classname='php-src.ext.ctype.tests' name='ctype_alnum_variation2.phpt - Test ctype_alnum() function : usage variations - different integers' time='0.0161'>
</testcase>
<testcase classname='php-src.ext.ctype.tests' name='ctype_alnum_variation3.phpt - Test ctype_alnum() function : usage variations - different string values' time='0.0216'>
</testcase>
<testcase classname='php-src.ext.ctype.tests' name='ctype_alnum_variation4.phpt - Test ctype_alnum() function : usage variations  - octal and hexadecimal values' time='0.0353'>
</testcase>
<testcase classname='php-src.ext.ctype.tests' name='ctype_alpha_basic.phpt - Test ctype_alpha() function : basic functionality' time='0.0316'>
</testcase>
<testcase classname='php-src.ext.ctype.tests' name='ctype_alpha_error.phpt - Test ctype_alpha() function : error conditions - Incorrect number of arguments' time='0.0238'>
</testcase>
<testcase classname='php-src.ext.ctype.tests' name='ctype_alpha_variation1.phpt - Test ctype_alpha() function : usage variations - different data types as $c arg' time='0.0273'>
</testcase>
<testcase classname='php-src.ext.ctype.tests' name='ctype_alpha_variation2.phpt - Test ctype_alpha() function : usage variations - different integers' time='0.0273'>
</testcase>
<testcase classname='php-src.ext.ctype.tests' name='ctype_alpha_variation3.phpt - Test ctype_alpha() function : usage variations - different strings' time='0.0165'>
</testcase>
<testcase classname='php-src.ext.ctype.tests' name='ctype_alpha_variation4.phpt - Test ctype_alpha() function : usage variations - Octal and hexadecimal values' time='0.0257'>
</testcase>
<testcase classname='php-src.ext.ctype.tests' name='ctype_cntrl_basic.phpt - Test ctype_cntrl() function : basic functionality' time='0.0321'>
</testcase>
<testcase classname='php-src.ext.ctype.tests' name='ctype_cntrl_error.phpt - Test ctype_cntrl() function : error conditions - Incorrect number of args' time='0.0216'>
</testcase>
<testcase classname='php-src.ext.ctype.tests' name='ctype_cntrl_variation1.phpt - Test ctype_cntrl() function : usage variations - Different data types as $c arg' time='0.0262'>
</testcase>
<testcase classname='php-src.ext.ctype.tests' name='ctype_cntrl_variation2.phpt - Test ctype_cntrl() function : usage variations - different integers' time='0.0289'>
</testcase>
<testcase classname='php-src.ext.ctype.tests' name='ctype_cntrl_variation3.phpt - Test ctype_cntrl() function : usage variations - Different strings' time='0.0281'>
</testcase>
<testcase classname='php-src.ext.ctype.tests' name='ctype_cntrl_variation4.phpt - Test ctype_cntrl() function : usage variations - Octal and hexadecimal values' time='0.0253'>
</testcase>
<testcase classname='php-src.ext.ctype.tests' name='ctype_digit_basic.phpt - Test ctype_digit() function : basic functionality' time='0.0279'>
</testcase>
<testcase classname='php-src.ext.ctype.tests' name='ctype_digit_error.phpt - Test ctype_digit() function : error conditions - incorrect number of arguments' time='0.0274'>
</testcase>
<testcase classname='php-src.ext.ctype.tests' name='ctype_digit_variation1.phpt - Test ctype_digit() function : usage variations - different data types as $c arg' time='0.0216'>
</testcase>
<testcase classname='php-src.ext.ctype.tests' name='ctype_digit_variation2.phpt - Test ctype_digit() function : usage variations - different integers' time='0.0227'>
</testcase>
<testcase classname='php-src.ext.ctype.tests' name='ctype_digit_variation3.phpt - Test ctype_digit() function : usage variations - different strings' time='0.0304'>
</testcase>
<testcase classname='php-src.ext.ctype.tests' name='ctype_digit_variation4.phpt - Test ctype_digit() function : usage variations - octal and hexadecimal values' time='0.0348'>
</testcase>
<testcase classname='php-src.ext.ctype.tests' name='ctype_graph_basic.phpt - Test ctype_graph() function : basic functionality' time='0.0197'>
</testcase>
<testcase classname='php-src.ext.ctype.tests' name='ctype_graph_error.phpt - Test ctype_graph() function : error conditions - incorrect number of arguments' time='0.0264'>
</testcase>
<testcase classname='php-src.ext.ctype.tests' name='ctype_graph_variation1.phpt - Test ctype_graph() function : usage variations - different data types as $c arg' time='0.0292'>
</testcase>
<testcase classname='php-src.ext.ctype.tests' name='ctype_graph_variation2.phpt - Test ctype_graph() function : usage variations - different integers' time='0.0196'>
</testcase>
<testcase classname='php-src.ext.ctype.tests' name='ctype_graph_variation3.phpt - Test ctype_graph() function : usage variations - different strings' time='0.0283'>
</testcase>
<testcase classname='php-src.ext.ctype.tests' name='ctype_graph_variation4.phpt - Test ctype_graph() function : usage variations - octal and hexadecimal values' time='0.0218'>
</testcase>
<testcase classname='php-src.ext.ctype.tests' name='ctype_lower_basic.phpt - Test ctype_lower() function : basic functionality' time='0.0242'>
</testcase>
<testcase classname='php-src.ext.ctype.tests' name='ctype_lower_error.phpt - Test ctype_lower() function : error conditions - incorrect number of args' time='0.0210'>
</testcase>
<testcase classname='php-src.ext.ctype.tests' name='ctype_lower_variation1.phpt - Test ctype_lower() function : usage variations - different data types as $c arg' time='0.0213'>
</testcase>
<testcase classname='php-src.ext.ctype.tests' name='ctype_lower_variation2.phpt - Test ctype_lower() function : usage variations - different integers' time='0.0237'>
</testcase>
<testcase classname='php-src.ext.ctype.tests' name='ctype_lower_variation3.phpt - Test ctype_lower() function : usage variations - different strings' time='0.0252'>
</testcase>
<testcase classname='php-src.ext.ctype.tests' name='ctype_lower_variation4.phpt - Test ctype_lower() function : usage variations - octal and hexadecimal values' time='0.0276'>
</testcase>
<testcase classname='php-src.ext.ctype.tests' name='ctype_print_basic.phpt - Test ctype_print() function : basic functionality' time='0.0281'>
</testcase>
<testcase classname='php-src.ext.ctype.tests' name='ctype_print_error.phpt - Test ctype_print() function : error conditions - incorrect number of args' time='0.0211'>
</testcase>
<testcase classname='php-src.ext.ctype.tests' name='ctype_print_variation1.phpt - Test ctype_print() function : usage variations - different data types as $c arg' time='0.0219'>
</testcase>
<testcase classname='php-src.ext.ctype.tests' name='ctype_print_variation2.phpt - Test ctype_print() function : usage variations - different integers' time='0.0322'>
</testcase>
<testcase classname='php-src.ext.ctype.tests' name='ctype_print_variation3.phpt - Test ctype_print() function : usage variations - different strings' time='0.0175'>
</testcase>
<testcase classname='php-src.ext.ctype.tests' name='ctype_print_variation4.phpt - Test ctype_print() function : usage variations - octal and hexadecimal values' time='0.0220'>
</testcase>
<testcase classname='php-src.ext.ctype.tests' name='ctype_punct_basic.phpt - Test ctype_punct() function : basic functionality' time='0.0191'>
</testcase>
<testcase classname='php-src.ext.ctype.tests' name='ctype_punct_error.phpt - Test ctype_punct() function : error conditions - incorrect number of args' time='0.0182'>
</testcase>
<testcase classname='php-src.ext.ctype.tests' name='ctype_punct_variation1.phpt - Test ctype_punct() function : usage variations - different data types as $c argument' time='0.0192'>
</testcase>
<testcase classname='php-src.ext.ctype.tests' name='ctype_punct_variation2.phpt - Test ctype_punct() function : usage variations - different integers' time='0.0189'>
</testcase>
<testcase classname='php-src.ext.ctype.tests' name='ctype_punct_variation3.phpt - Test ctype_punct() function : usage variations - different punctuation' time='0.0219'>
</testcase>
<testcase classname='php-src.ext.ctype.tests' name='ctype_punct_variation4.phpt - Test ctype_punct() function : usage variations - Octal and Hexadecimal values' time='0.0210'>
</testcase>
<testcase classname='php-src.ext.ctype.tests' name='ctype_space_basic.phpt - Test ctype_space() function : basic functionality' time='0.0254'>
</testcase>
<testcase classname='php-src.ext.ctype.tests' name='ctype_space_error.phpt - Test ctype_space() function : error conditions - Incorrect number of args' time='0.0255'>
</testcase>
<testcase classname='php-src.ext.ctype.tests' name='ctype_space_variation1.phpt - Test ctype_space() function : usage variations - different data types as $c argument' time='0.0241'>
</testcase>
<testcase classname='php-src.ext.ctype.tests' name='ctype_space_variation2.phpt - Test ctype_space() function : usage variations - different integers' time='0.0232'>
</testcase>
<testcase classname='php-src.ext.ctype.tests' name='ctype_space_variation3.phpt - Test ctype_space() function : usage variations - different strings' time='0.0189'>
</testcase>
<testcase classname='php-src.ext.ctype.tests' name='ctype_space_variation4.phpt - Test ctype_space() function : usage variations - octal and hexadecimal values' time='0.0185'>
</testcase>
<testcase classname='php-src.ext.ctype.tests' name='ctype_upper_basic.phpt - Test ctype_upper() function : basic functionality' time='0.0187'>
</testcase>
<testcase classname='php-src.ext.ctype.tests' name='ctype_upper_error.phpt - Test ctype_upper() function : error conditions - incorrect number of args' time='0.0158'>
</testcase>
<testcase classname='php-src.ext.ctype.tests' name='ctype_upper_variation1.phpt - Test ctype_upper() function : usage variations - different data types' time='0.0260'>
</testcase>
<testcase classname='php-src.ext.ctype.tests' name='ctype_upper_variation2.phpt - Test ctype_upper() function : usage variations - different integers' time='0.0214'>
</testcase>
<testcase classname='php-src.ext.ctype.tests' name='ctype_upper_variation3.phpt - Test ctype_upper() function : usage variations - different strings' time='0.0186'>
</testcase>
<testcase classname='php-src.ext.ctype.tests' name='ctype_upper_variation4.phpt - Test ctype_upper() function : usage variations - octal and hexadecimal values' time='0.0267'>
</testcase>
<testcase classname='php-src.ext.ctype.tests' name='ctype_xdigit_basic.phpt - Test ctype_xdigit() function : basic functionality' time='0.0278'>
</testcase>
<testcase classname='php-src.ext.ctype.tests' name='ctype_xdigit_error.phpt - Test ctype_xdigit() function : error conditions - Incorrect number of args' time='0.0336'>
</testcase>
<testcase classname='php-src.ext.ctype.tests' name='ctype_xdigit_variation1.phpt - Test ctype_xdigit() function : usage variations - different data typse as $c arg' time='0.0264'>
</testcase>
<testcase classname='php-src.ext.ctype.tests' name='ctype_xdigit_variation2.phpt - Test ctype_xdigit() function : usage variations - different integers' time='0.0290'>
</testcase>
<testcase classname='php-src.ext.ctype.tests' name='ctype_xdigit_variation3.phpt - Test ctype_xdigit() function : usage variations - Different strings' time='0.0305'>
</testcase>
<testcase classname='php-src.ext.ctype.tests' name='ctype_xdigit_variation4.phpt - Test ctype_xdigit() function : usage variations - heaxadecimal and octal values' time='0.0194'>
</testcase>
</testsuite>
<testsuite name="php-src.ext.curl.tests" tests="74" failures="0" errors="0" skip="74" time="6.2955">
<testcase classname='php-src.ext.curl.tests' name='bug27023.phpt - Bug #27023 (CURLOPT_POSTFIELDS does not parse content types for files)' time='0.0127'>
<skipped><![CDATA[
curl extension not loaded
]]></skipped>
</testcase>
<testcase classname='php-src.ext.curl.tests' name='bug45161.phpt - Bug #45161 (Reusing a curl handle leaks memory)' time='0.0115'>
<skipped><![CDATA[
curl extension not loaded
]]></skipped>
</testcase>
<testcase classname='php-src.ext.curl.tests' name='bug46711.phpt - Bug #46711 (lost memory when foreach is used for values passed to curl_setopt())' time='0.0124'>
<skipped><![CDATA[
curl extension not loaded
]]></skipped>
</testcase>
<testcase classname='php-src.ext.curl.tests' name='bug46739.phpt - Bug #46739 (array returned by curl_getinfo should contain content_type key)' time='0.0161'>
<skipped><![CDATA[
curl extension not loaded
]]></skipped>
</testcase>
<testcase classname='php-src.ext.curl.tests' name='bug48203.phpt - Bug #48203 (Crash when CURLOPT_STDERR is set to regular file)' time='0.0130'>
<skipped><![CDATA[
curl extension not loaded
]]></skipped>
</testcase>
<testcase classname='php-src.ext.curl.tests' name='bug48203_multi.phpt - Variation of bug #48203 with curl_multi_exec (Crash when file pointers passed to curl are closed before calling curl_multi_exec)' time='0.0116'>
<skipped><![CDATA[
curl extension not loaded
]]></skipped>
</testcase>
<testcase classname='php-src.ext.curl.tests' name='bug48207.phpt - Test curl_setopt() CURLOPT_FILE readonly file handle' time='0.0088'>
<skipped><![CDATA[

]]></skipped>
</testcase>
<testcase classname='php-src.ext.curl.tests' name='bug48514.phpt - Bug #48514 (cURL extension uses same resource name for simple and multi APIs)' time='0.0107'>
<skipped><![CDATA[
curl extension not loaded
]]></skipped>
</testcase>
<testcase classname='php-src.ext.curl.tests' name='bug52202.phpt - Bug #52202 (CURLOPT_PRIVATE gets clobbered)' time='0.0123'>
<skipped><![CDATA[
curl extension not loaded
]]></skipped>
</testcase>
<testcase classname='php-src.ext.curl.tests' name='bug52827.phpt - Bug #52827 (curl_setopt with CURLOPT_STDERR erroneously increments the resource refcount)' time='0.0139'>
<skipped><![CDATA[
curl extension not loaded
]]></skipped>
</testcase>
<testcase classname='php-src.ext.curl.tests' name='bug54798.phpt - Bug #54798 (Segfault when CURLOPT_STDERR file pointer is closed before calling curl_exec)' time='0.0139'>
<skipped><![CDATA[
curl extension not loaded
]]></skipped>
</testcase>
<testcase classname='php-src.ext.curl.tests' name='bug54995.phpt - Bug #54995 (Missing CURLINFO_RESPONSE_CODE support)' time='0.0140'>
<skipped><![CDATA[
curl extension not loaded
]]></skipped>
</testcase>
<testcase classname='php-src.ext.curl.tests' name='bug55767.phpt - Test curl_opt() function with POST params from array with a numeric key' time='0.0140'>
<skipped><![CDATA[
curl extension not loaded
]]></skipped>
</testcase>
<testcase classname='php-src.ext.curl.tests' name='curl_CURLOPT_READDATA.phpt - Test CURLOPT_READDATA without a callback function' time='0.0091'>
<skipped><![CDATA[
need PHP_CURL_HTTP_REMOTE_SERVER environment variable
]]></skipped>
</testcase>
<testcase classname='php-src.ext.curl.tests' name='curl_basic_001.phpt - Test curl_exec() function with basic functionality' time='0.0120'>
<skipped><![CDATA[
curl extension not loaded
]]></skipped>
</testcase>
<testcase classname='php-src.ext.curl.tests' name='curl_basic_002.phpt - Test curl_opt() function with CURLOPT_RETURNTRANSFER parameter set to 1' time='0.0115'>
<skipped><![CDATA[
curl extension not loaded
]]></skipped>
</testcase>
<testcase classname='php-src.ext.curl.tests' name='curl_basic_003.phpt - Test curl_opt() function with POST parameters' time='0.0093'>
<skipped><![CDATA[
curl extension not loaded
]]></skipped>
</testcase>
<testcase classname='php-src.ext.curl.tests' name='curl_basic_004.phpt - Test curl_opt() function with setting referer' time='0.0106'>
<skipped><![CDATA[
curl extension not loaded
]]></skipped>
</testcase>
<testcase classname='php-src.ext.curl.tests' name='curl_basic_005.phpt - Test curl_opt() function with user agent' time='0.0122'>
<skipped><![CDATA[
curl extension not loaded
]]></skipped>
</testcase>
<testcase classname='php-src.ext.curl.tests' name='curl_basic_006.phpt - Test curl_opt() function with CURLOPT_WRITEFUNCTION parameter set to a closure' time='0.0128'>
<skipped><![CDATA[
curl extension not loaded
]]></skipped>
</testcase>
<testcase classname='php-src.ext.curl.tests' name='curl_basic_007.phpt - Test curl_error() &amp; curl_errno() function without url' time='0.0136'>
<skipped><![CDATA[

]]></skipped>
</testcase>
<testcase classname='php-src.ext.curl.tests' name='curl_basic_008.phpt - Test curl_error() &amp; curl_errno() function with problematic host' time='5.2231'>
<skipped><![CDATA[

]]></skipped>
</testcase>
<testcase classname='php-src.ext.curl.tests' name='curl_basic_009.phpt - Test curl_error() &amp; curl_errno() function with problematic protocol' time='0.0139'>
<skipped><![CDATA[

]]></skipped>
</testcase>
<testcase classname='php-src.ext.curl.tests' name='curl_basic_010.phpt - Test curl_error() &amp; curl_errno() function with problematic proxy' time='0.2030'>
<skipped><![CDATA[

]]></skipped>
</testcase>
<testcase classname='php-src.ext.curl.tests' name='curl_basic_011.phpt - Test curl_opt() function with COOKIE' time='0.0103'>
<skipped><![CDATA[
need PHP_CURL_HTTP_REMOTE_SERVER environment variable
]]></skipped>
</testcase>
<testcase classname='php-src.ext.curl.tests' name='curl_basic_012.phpt - Test curl_opt() function with CURLOPT_HTTP_VERSION/CURL_HTTP_VERSION_1_0' time='0.0085'>
<skipped><![CDATA[

]]></skipped>
</testcase>
<testcase classname='php-src.ext.curl.tests' name='curl_basic_013.phpt - Test curl_opt() function with CURLOPT_HTTP_VERSION/CURL_HTTP_VERSION_1_1' time='0.0080'>
<skipped><![CDATA[

]]></skipped>
</testcase>
<testcase classname='php-src.ext.curl.tests' name='curl_basic_014.phpt - Test curl_init() function with basic functionality' time='0.0082'>
<skipped><![CDATA[
curl extension not loaded
]]></skipped>
</testcase>
<testcase classname='php-src.ext.curl.tests' name='curl_basic_015.phpt - Test curl_init() function with $url parameter defined' time='0.0118'>
<skipped><![CDATA[
curl extension not loaded
]]></skipped>
</testcase>
<testcase classname='php-src.ext.curl.tests' name='curl_basic_016.phpt - Test curl_getinfo() function with basic functionality' time='0.0096'>
<skipped><![CDATA[
curl extension not loaded
]]></skipped>
</testcase>
<testcase classname='php-src.ext.curl.tests' name='curl_basic_017.phpt - Test curl_multi_exec() function with basic functionality' time='0.0091'>
<skipped><![CDATA[

]]></skipped>
</testcase>
<testcase classname='php-src.ext.curl.tests' name='curl_basic_018.phpt - Test curl_setopt() with curl_multi function with basic functionality' time='0.0109'>
<skipped><![CDATA[

]]></skipped>
</testcase>
<testcase classname='php-src.ext.curl.tests' name='curl_basic_019.phpt - Test curl_getinfo() function with CURLINFO_EFFECTIVE_URL parameter' time='0.0151'>
<skipped><![CDATA[
curl extension not loaded
]]></skipped>
</testcase>
<testcase classname='php-src.ext.curl.tests' name='curl_basic_020.phpt - Test curl_getinfo() function with CURLINFO_HTTP_CODE parameter' time='0.0137'>
<skipped><![CDATA[
curl extension not loaded
]]></skipped>
</testcase>
<testcase classname='php-src.ext.curl.tests' name='curl_basic_021.phpt - Test curl_getinfo() function with CURLINFO_CONTENT_TYPE parameter' time='0.0118'>
<skipped><![CDATA[
curl extension not loaded
]]></skipped>
</testcase>
<testcase classname='php-src.ext.curl.tests' name='curl_basic_022.phpt - Test curl_getinfo() function with CURLINFO_COOKIELIST parameter' time='0.0120'>
<skipped><![CDATA[

]]></skipped>
</testcase>
<testcase classname='php-src.ext.curl.tests' name='curl_close_basic.phpt - curl_close' time='0.0115'>
<skipped><![CDATA[

]]></skipped>
</testcase>
<testcase classname='php-src.ext.curl.tests' name='curl_copy_handle_basic.phpt - Test curl_copy_handle() function with basic functionality' time='0.0077'>
<skipped><![CDATA[
curl extension not loaded
]]></skipped>
</testcase>
<testcase classname='php-src.ext.curl.tests' name='curl_copy_handle_basic_001.phpt - Test curl_copy_handle() with simple get' time='0.0135'>
<skipped><![CDATA[
need PHP_CURL_HTTP_REMOTE_SERVER environment variable
]]></skipped>
</testcase>
<testcase classname='php-src.ext.curl.tests' name='curl_copy_handle_basic_002.phpt - Test curl_copy_handle() with simple POST' time='0.0100'>
<skipped><![CDATA[
need PHP_CURL_HTTP_REMOTE_SERVER environment variable
]]></skipped>
</testcase>
<testcase classname='php-src.ext.curl.tests' name='curl_copy_handle_basic_004.phpt - Test curl_copy_handle() after exec()' time='0.0113'>
<skipped><![CDATA[
need PHP_CURL_HTTP_REMOTE_SERVER environment variable
]]></skipped>
</testcase>
<testcase classname='php-src.ext.curl.tests' name='curl_copy_handle_basic_005.phpt - Test curl_copy_handle() after exec() with POST' time='0.0102'>
<skipped><![CDATA[
need PHP_CURL_HTTP_REMOTE_SERVER environment variable
]]></skipped>
</testcase>
<testcase classname='php-src.ext.curl.tests' name='curl_copy_handle_basic_006.phpt - Test curl_copy_handle() with User Agent' time='0.0119'>
<skipped><![CDATA[
need PHP_CURL_HTTP_REMOTE_SERVER environment variable
]]></skipped>
</testcase>
<testcase classname='php-src.ext.curl.tests' name='curl_copy_handle_basic_007.phpt - Test curl_copy_handle() with simple POST' time='0.0104'>
<skipped><![CDATA[
need PHP_CURL_HTTP_REMOTE_SERVER environment variable
]]></skipped>
</testcase>
<testcase classname='php-src.ext.curl.tests' name='curl_copy_handle_basic_008.phpt - Test curl_copy_handle() with CURLOPT_PROGRESSFUNCTION' time='0.0113'>
<skipped><![CDATA[
need PHP_CURL_HTTP_REMOTE_SERVER environment variable
]]></skipped>
</testcase>
<testcase classname='php-src.ext.curl.tests' name='curl_copy_handle_variation1.phpt - Test curl_copy_handle() change options in one handle' time='0.0147'>
<skipped><![CDATA[
curl extension not loaded
]]></skipped>
</testcase>
<testcase classname='php-src.ext.curl.tests' name='curl_copy_handle_variation2.phpt - Test curl_copy_handle() add options to the handles' time='0.0132'>
<skipped><![CDATA[
curl extension not loaded
]]></skipped>
</testcase>
<testcase classname='php-src.ext.curl.tests' name='curl_error_basic.phpt - curl_error() function - basic test for curl_error using a fake url' time='0.0144'>
<skipped><![CDATA[

]]></skipped>
</testcase>
<testcase classname='php-src.ext.curl.tests' name='curl_escape.phpt - Test curl_escape and curl_unescape() functions' time='0.0148'>
<skipped><![CDATA[
curl extension not loaded
]]></skipped>
</testcase>
<testcase classname='php-src.ext.curl.tests' name='curl_file_deleted_before_curl_close.phpt - Memory corruption error if fp of just created file is closed before curl_close.' time='0.0157'>
<skipped><![CDATA[

]]></skipped>
</testcase>
<testcase classname='php-src.ext.curl.tests' name='curl_ftp_pasv.phpt - Test curl_exec() function with basic functionality' time='0.0152'>
<skipped><![CDATA[
curl extension not loaded
]]></skipped>
</testcase>
<testcase classname='php-src.ext.curl.tests' name='curl_multi_close_basic.phpt - curl_multi_close' time='0.0145'>
<skipped><![CDATA[

]]></skipped>
</testcase>
<testcase classname='php-src.ext.curl.tests' name='curl_multi_getcontent_basic3.phpt - Curl_multi_getcontent() basic test with different sources (local file/http)' time='0.0133'>
<skipped><![CDATA[
need ext/curlskip PHP_CURL_HTTP_REMOTE_SERVER env variable is not defined
]]></skipped>
</testcase>
<testcase classname='php-src.ext.curl.tests' name='curl_multi_getcontent_error1.phpt - Curl_multi_getcontent() error test' time='0.0113'>
<skipped><![CDATA[

]]></skipped>
</testcase>
<testcase classname='php-src.ext.curl.tests' name='curl_multi_getcontent_error2.phpt - Curl_multi_getcontent() error test' time='0.0100'>
<skipped><![CDATA[

]]></skipped>
</testcase>
<testcase classname='php-src.ext.curl.tests' name='curl_multi_getcontent_error3.phpt - Curl_multi_getcontent() error test' time='0.0109'>
<skipped><![CDATA[

]]></skipped>
</testcase>
<testcase classname='php-src.ext.curl.tests' name='curl_multi_getcontent_error4.phpt - Curl_multi_getcontent() error test  with undefined handle' time='0.0131'>
<skipped><![CDATA[

]]></skipped>
</testcase>
<testcase classname='php-src.ext.curl.tests' name='curl_multi_init_basic.phpt - Test curl_multi_init()' time='0.0100'>
<skipped><![CDATA[

]]></skipped>
</testcase>
<testcase classname='php-src.ext.curl.tests' name='curl_multi_select_basic1.phpt - Test curl_multi_select()' time='0.0109'>
<skipped><![CDATA[

]]></skipped>
</testcase>
<testcase classname='php-src.ext.curl.tests' name='curl_reset.phpt - Test curl_reset' time='0.0163'>
<skipped><![CDATA[
skip curl_reset doesn't exists (require libcurl >= 7.12.1)
]]></skipped>
</testcase>
<testcase classname='php-src.ext.curl.tests' name='curl_setopt_CURLOPT_FOLLOWLOCATION_open_basedir.phpt - CURLOPT_FOLLOWLOCATION case check open_basedir' time='0.0172'>
<skipped><![CDATA[
cURL not loaded
]]></skipped>
</testcase>
<testcase classname='php-src.ext.curl.tests' name='curl_setopt_CURLOPT_READFUNCTION.phpt - cURL option CURLOPT_READFUNCTION' time='0.0132'>
<skipped><![CDATA[
cURL extension not loaded
]]></skipped>
</testcase>
<testcase classname='php-src.ext.curl.tests' name='curl_setopt_array_basic.phpt - curl_setopt_array() function - tests setting multiple cURL options with curl_setopt_array()' time='0.0092'>
<skipped><![CDATA[

]]></skipped>
</testcase>
<testcase classname='php-src.ext.curl.tests' name='curl_setopt_basic002.phpt - curl_setopt basic tests with CURLOPT_STDERR.' time='0.0118'>
<skipped><![CDATA[
need PHP_CURL_HTTP_REMOTE_SERVER environment variable
]]></skipped>
</testcase>
<testcase classname='php-src.ext.curl.tests' name='curl_setopt_basic003.phpt - curl_setopt() call with CURLOPT_HTTPHEADER' time='0.0143'>
<skipped><![CDATA[
need PHP_CURL_HTTP_REMOTE_SERVER environment variable
]]></skipped>
</testcase>
<testcase classname='php-src.ext.curl.tests' name='curl_setopt_basic004.phpt - curl_setopt() call with CURLOPT_RETURNTRANSFER' time='0.0150'>
<skipped><![CDATA[
need PHP_CURL_HTTP_REMOTE_SERVER environment variable
]]></skipped>
</testcase>
<testcase classname='php-src.ext.curl.tests' name='curl_setopt_error.phpt - curl_setopt() basic parameter test' time='0.0223'>
<skipped><![CDATA[

]]></skipped>
</testcase>
<testcase classname='php-src.ext.curl.tests' name='curl_version_error.phpt - Test curl_version() function : error conditions' time='0.0098'>
<skipped><![CDATA[
- curl extension not available in this build
]]></skipped>
</testcase>
<testcase classname='php-src.ext.curl.tests' name='curl_version_variation1.phpt - Test curl_version() function : usage variations - test values for $ascii argument' time='0.0088'>
<skipped><![CDATA[
- curl extension not available in this buildskip need PHP_CURL_HTTP_REMOTE_SERVER environment variable
]]></skipped>
</testcase>
<testcase classname='php-src.ext.curl.tests' name='curl_write_callback.phpt - Test curl option CURLOPT_WRITEFUNCTION' time='0.0104'>
<skipped><![CDATA[

]]></skipped>
</testcase>
<testcase classname='php-src.ext.curl.tests' name='curl_write_file.phpt - Test curl option CURLOPT_FILE' time='0.0088'>
<skipped><![CDATA[

]]></skipped>
</testcase>
<testcase classname='php-src.ext.curl.tests' name='curl_write_return.phpt - Test curl option CURLOPT_RETURNTRANSFER' time='0.0111'>
<skipped><![CDATA[

]]></skipped>
</testcase>
<testcase classname='php-src.ext.curl.tests' name='curl_write_stdout.phpt - Test curl option CURLOPT_FILE with STDOUT handle' time='0.0113'>
<skipped><![CDATA[

]]></skipped>
</testcase>
<testcase classname='php-src.ext.curl.tests' name='curl_writeheader_callback.phpt - Test curl option CURLOPT_HEADERFUNCTION' time='0.0112'>
<skipped><![CDATA[
- curl extension not available in this buildskip need PHP_CURL_HTTP_REMOTE_SERVER environment variable
]]></skipped>
</testcase>
</testsuite>
</testsuite>
</testsuites>