<?xml version="1.0" encoding="UTF-8"?>
<testsuites>
  <testsuite name="php-src" tests="13" failures="0" errors="0" skip="1" time="96.9359">
    <testsuite name="php-src.tests" tests="10" failures="0" errors="0" skip="1" time="96.9359">
      <testsuite name="php-src.tests.run-test" tests="10" failures="0" errors="0" skip="1" time="0.086">
        <testcase classname='php-src.tests.run-test' name='test001 - EXPECT' time='0.0081'></testcase>
        <testcase classname='php-src.tests.run-test' name='test002 - EXPECTF' time='0.0076'></testcase>
        <testcase classname='php-src.tests.run-test' name='test003 - EXPECTREGEX' time='0.0077'></testcase>
        <testcase classname='php-src.tests.run-test' name='test004 - INI section allows &#039;=&#039;' time='0.0077'></testcase>
        <testcase classname='php-src.tests.run-test' name='test005 - Error message handling (without ZendOptimizer)' time='0.0075'></testcase>
        <testcase classname='php-src.tests.run-test' name='test006 - Error messages are shown' time='0.0076'></testcase>
        <testcase classname='php-src.tests.run-test' name='test007 - dirname test' time='0.0083'></testcase>
        <testcase classname='php-src.tests.run-test' name='test008 - Error message handling (with ZendOptimizer)' time='0.0077'>
          <skipped><![CDATA[
            Zend Optimizer is not loaded
          ]]></skipped>
        </testcase>
        <testcase classname='php-src.tests.run-test' name='test009 - print_r(Object)' time='0.0080'></testcase>
        <testcase classname='php-src.tests.run-test' name='test010 - STDIN input' time='0.0081'></testcase>
      </testsuite>
    </testsuite>
    <testsuite name="php-src.tests.basic" tests="3" failures="0" errors="0" skip="0" time="0.549">
      <testcase classname='php-src.tests.basic' name='001 - Trivial &quot;Hello World&quot; test' time='0.0077'></testcase>
      <testcase classname='php-src.tests.basic' name='002 - Simple POST Method test' time='0.0078'></testcase>
      <testcase classname='php-src.tests.basic' name='003 - GET and POST Method combined' time='0.0076'></testcase>
    </testsuite>
  </testsuite>
  <testsuite name="pecl-sqlite" tests="3" failures="0" errors="0" skip="0" time="0.4200">
    <testsuite name="pecl-sqlite.tests.basic" tests="3" failures="0" errors="0" skip="0" time="0.549">
      <testcase classname='pecl-sqlite.tests.basic' name='001 - Trivial &quot;Hello World&quot; test' time='0.0077'></testcase>
      <testcase classname='pecl-sqlite.tests.basic' name='002 - Simple POST Method test' time='0.0078'></testcase>
      <testcase classname='pecl-sqlite.tests.basic' name='003 - GET and POST Method combined' time='0.0076'></testcase>
    </testsuite>
  </testsuite>
</testsuites>
