<?xml version="1.0" encoding="UTF-8"?>
<testsuites>
<testsuite name="php-src" tests="671" failures="3" errors="0" skip="144" time="20.9986">
<testsuite name="php-src.ext.ctype.tests" tests="70" failures="0" errors="0" skip="0" time="1.9065">
<testcase classname='php-src.ext.ctype.tests' name='001.phpt - ctype on integers' time='0.0423'>
</testcase>
<testcase classname='php-src.ext.ctype.tests' name='002.phpt - ctype on strings' time='0.0482'>
</testcase>
<testcase classname='php-src.ext.ctype.tests' name='bug25745.phpt - Bug #25745 (ctype functions fail with non-ascii characters)' time='0.0266'>
</testcase>
<testcase classname='php-src.ext.ctype.tests' name='bug34645.phpt - Bug #34645 (ctype corrupts memory when validating large numbers)' time='0.0203'>
</testcase>
<testcase classname='php-src.ext.ctype.tests' name='ctype_alnum_basic.phpt - Test ctype_alnum() function : basic functionality' time='0.0239'>
</testcase>
<testcase classname='php-src.ext.ctype.tests' name='ctype_alnum_error.phpt - Test ctype_alnum() function : error conditions - Incorrect number of args' time='0.0310'>
</testcase>
<testcase classname='php-src.ext.ctype.tests' name='ctype_alnum_variation1.phpt - Test ctype_alnum() function : usage variations - Different data types as $c arg' time='0.0279'>
</testcase>
<testcase classname='php-src.ext.ctype.tests' name='ctype_alnum_variation2.phpt - Test ctype_alnum() function : usage variations - different integers' time='0.0252'>
</testcase>
<testcase classname='php-src.ext.ctype.tests' name='ctype_alnum_variation3.phpt - Test ctype_alnum() function : usage variations - different string values' time='0.0298'>
</testcase>
<testcase classname='php-src.ext.ctype.tests' name='ctype_alnum_variation4.phpt - Test ctype_alnum() function : usage variations  - octal and hexadecimal values' time='0.0233'>
</testcase>
<testcase classname='php-src.ext.ctype.tests' name='ctype_alpha_basic.phpt - Test ctype_alpha() function : basic functionality' time='0.0222'>
</testcase>
<testcase classname='php-src.ext.ctype.tests' name='ctype_alpha_error.phpt - Test ctype_alpha() function : error conditions - Incorrect number of arguments' time='0.0261'>
</testcase>
<testcase classname='php-src.ext.ctype.tests' name='ctype_alpha_variation1.phpt - Test ctype_alpha() function : usage variations - different data types as $c arg' time='0.0290'>
</testcase>
<testcase classname='php-src.ext.ctype.tests' name='ctype_alpha_variation2.phpt - Test ctype_alpha() function : usage variations - different integers' time='0.0190'>
</testcase>
<testcase classname='php-src.ext.ctype.tests' name='ctype_alpha_variation3.phpt - Test ctype_alpha() function : usage variations - different strings' time='0.0289'>
</testcase>
<testcase classname='php-src.ext.ctype.tests' name='ctype_alpha_variation4.phpt - Test ctype_alpha() function : usage variations - Octal and hexadecimal values' time='0.0294'>
</testcase>
<testcase classname='php-src.ext.ctype.tests' name='ctype_cntrl_basic.phpt - Test ctype_cntrl() function : basic functionality' time='0.0235'>
</testcase>
<testcase classname='php-src.ext.ctype.tests' name='ctype_cntrl_error.phpt - Test ctype_cntrl() function : error conditions - Incorrect number of args' time='0.0230'>
</testcase>
<testcase classname='php-src.ext.ctype.tests' name='ctype_cntrl_variation1.phpt - Test ctype_cntrl() function : usage variations - Different data types as $c arg' time='0.0190'>
</testcase>
<testcase classname='php-src.ext.ctype.tests' name='ctype_cntrl_variation2.phpt - Test ctype_cntrl() function : usage variations - different integers' time='0.0246'>
</testcase>
<testcase classname='php-src.ext.ctype.tests' name='ctype_cntrl_variation3.phpt - Test ctype_cntrl() function : usage variations - Different strings' time='0.0236'>
</testcase>
<testcase classname='php-src.ext.ctype.tests' name='ctype_cntrl_variation4.phpt - Test ctype_cntrl() function : usage variations - Octal and hexadecimal values' time='0.0227'>
</testcase>
<testcase classname='php-src.ext.ctype.tests' name='ctype_digit_basic.phpt - Test ctype_digit() function : basic functionality' time='0.0305'>
</testcase>
<testcase classname='php-src.ext.ctype.tests' name='ctype_digit_error.phpt - Test ctype_digit() function : error conditions - incorrect number of arguments' time='0.0315'>
</testcase>
<testcase classname='php-src.ext.ctype.tests' name='ctype_digit_variation1.phpt - Test ctype_digit() function : usage variations - different data types as $c arg' time='0.0310'>
</testcase>
<testcase classname='php-src.ext.ctype.tests' name='ctype_digit_variation2.phpt - Test ctype_digit() function : usage variations - different integers' time='0.0323'>
</testcase>
<testcase classname='php-src.ext.ctype.tests' name='ctype_digit_variation3.phpt - Test ctype_digit() function : usage variations - different strings' time='0.0183'>
</testcase>
<testcase classname='php-src.ext.ctype.tests' name='ctype_digit_variation4.phpt - Test ctype_digit() function : usage variations - octal and hexadecimal values' time='0.0237'>
</testcase>
<testcase classname='php-src.ext.ctype.tests' name='ctype_graph_basic.phpt - Test ctype_graph() function : basic functionality' time='0.0399'>
</testcase>
<testcase classname='php-src.ext.ctype.tests' name='ctype_graph_error.phpt - Test ctype_graph() function : error conditions - incorrect number of arguments' time='0.0365'>
</testcase>
<testcase classname='php-src.ext.ctype.tests' name='ctype_graph_variation1.phpt - Test ctype_graph() function : usage variations - different data types as $c arg' time='0.0251'>
</testcase>
<testcase classname='php-src.ext.ctype.tests' name='ctype_graph_variation2.phpt - Test ctype_graph() function : usage variations - different integers' time='0.0280'>
</testcase>
<testcase classname='php-src.ext.ctype.tests' name='ctype_graph_variation3.phpt - Test ctype_graph() function : usage variations - different strings' time='0.0258'>
</testcase>
<testcase classname='php-src.ext.ctype.tests' name='ctype_graph_variation4.phpt - Test ctype_graph() function : usage variations - octal and hexadecimal values' time='0.0246'>
</testcase>
<testcase classname='php-src.ext.ctype.tests' name='ctype_lower_basic.phpt - Test ctype_lower() function : basic functionality' time='0.0276'>
</testcase>
<testcase classname='php-src.ext.ctype.tests' name='ctype_lower_error.phpt - Test ctype_lower() function : error conditions - incorrect number of args' time='0.0229'>
</testcase>
<testcase classname='php-src.ext.ctype.tests' name='ctype_lower_variation1.phpt - Test ctype_lower() function : usage variations - different data types as $c arg' time='0.0180'>
</testcase>
<testcase classname='php-src.ext.ctype.tests' name='ctype_lower_variation2.phpt - Test ctype_lower() function : usage variations - different integers' time='0.0258'>
</testcase>
<testcase classname='php-src.ext.ctype.tests' name='ctype_lower_variation3.phpt - Test ctype_lower() function : usage variations - different strings' time='0.0278'>
</testcase>
<testcase classname='php-src.ext.ctype.tests' name='ctype_lower_variation4.phpt - Test ctype_lower() function : usage variations - octal and hexadecimal values' time='0.0288'>
</testcase>
<testcase classname='php-src.ext.ctype.tests' name='ctype_print_basic.phpt - Test ctype_print() function : basic functionality' time='0.0181'>
</testcase>
<testcase classname='php-src.ext.ctype.tests' name='ctype_print_error.phpt - Test ctype_print() function : error conditions - incorrect number of args' time='0.0325'>
</testcase>
<testcase classname='php-src.ext.ctype.tests' name='ctype_print_variation1.phpt - Test ctype_print() function : usage variations - different data types as $c arg' time='0.0229'>
</testcase>
<testcase classname='php-src.ext.ctype.tests' name='ctype_print_variation2.phpt - Test ctype_print() function : usage variations - different integers' time='0.0201'>
</testcase>
<testcase classname='php-src.ext.ctype.tests' name='ctype_print_variation3.phpt - Test ctype_print() function : usage variations - different strings' time='0.0250'>
</testcase>
<testcase classname='php-src.ext.ctype.tests' name='ctype_print_variation4.phpt - Test ctype_print() function : usage variations - octal and hexadecimal values' time='0.0276'>
</testcase>
<testcase classname='php-src.ext.ctype.tests' name='ctype_punct_basic.phpt - Test ctype_punct() function : basic functionality' time='0.0258'>
</testcase>
<testcase classname='php-src.ext.ctype.tests' name='ctype_punct_error.phpt - Test ctype_punct() function : error conditions - incorrect number of args' time='0.0271'>
</testcase>
<testcase classname='php-src.ext.ctype.tests' name='ctype_punct_variation1.phpt - Test ctype_punct() function : usage variations - different data types as $c argument' time='0.0348'>
</testcase>
<testcase classname='php-src.ext.ctype.tests' name='ctype_punct_variation2.phpt - Test ctype_punct() function : usage variations - different integers' time='0.0234'>
</testcase>
<testcase classname='php-src.ext.ctype.tests' name='ctype_punct_variation3.phpt - Test ctype_punct() function : usage variations - different punctuation' time='0.0210'>
</testcase>
<testcase classname='php-src.ext.ctype.tests' name='ctype_punct_variation4.phpt - Test ctype_punct() function : usage variations - Octal and Hexadecimal values' time='0.0284'>
</testcase>
<testcase classname='php-src.ext.ctype.tests' name='ctype_space_basic.phpt - Test ctype_space() function : basic functionality' time='0.0309'>
</testcase>
<testcase classname='php-src.ext.ctype.tests' name='ctype_space_error.phpt - Test ctype_space() function : error conditions - Incorrect number of args' time='0.0311'>
</testcase>
<testcase classname='php-src.ext.ctype.tests' name='ctype_space_variation1.phpt - Test ctype_space() function : usage variations - different data types as $c argument' time='0.0187'>
</testcase>
<testcase classname='php-src.ext.ctype.tests' name='ctype_space_variation2.phpt - Test ctype_space() function : usage variations - different integers' time='0.0348'>
</testcase>
<testcase classname='php-src.ext.ctype.tests' name='ctype_space_variation3.phpt - Test ctype_space() function : usage variations - different strings' time='0.0282'>
</testcase>
<testcase classname='php-src.ext.ctype.tests' name='ctype_space_variation4.phpt - Test ctype_space() function : usage variations - octal and hexadecimal values' time='0.0259'>
</testcase>
<testcase classname='php-src.ext.ctype.tests' name='ctype_upper_basic.phpt - Test ctype_upper() function : basic functionality' time='0.0292'>
</testcase>
<testcase classname='php-src.ext.ctype.tests' name='ctype_upper_error.phpt - Test ctype_upper() function : error conditions - incorrect number of args' time='0.0297'>
</testcase>
<testcase classname='php-src.ext.ctype.tests' name='ctype_upper_variation1.phpt - Test ctype_upper() function : usage variations - different data types' time='0.0331'>
</testcase>
<testcase classname='php-src.ext.ctype.tests' name='ctype_upper_variation2.phpt - Test ctype_upper() function : usage variations - different integers' time='0.0276'>
</testcase>
<testcase classname='php-src.ext.ctype.tests' name='ctype_upper_variation3.phpt - Test ctype_upper() function : usage variations - different strings' time='0.0319'>
</testcase>
<testcase classname='php-src.ext.ctype.tests' name='ctype_upper_variation4.phpt - Test ctype_upper() function : usage variations - octal and hexadecimal values' time='0.0291'>
</testcase>
<testcase classname='php-src.ext.ctype.tests' name='ctype_xdigit_basic.phpt - Test ctype_xdigit() function : basic functionality' time='0.0273'>
</testcase>
<testcase classname='php-src.ext.ctype.tests' name='ctype_xdigit_error.phpt - Test ctype_xdigit() function : error conditions - Incorrect number of args' time='0.0274'>
</testcase>
<testcase classname='php-src.ext.ctype.tests' name='ctype_xdigit_variation1.phpt - Test ctype_xdigit() function : usage variations - different data typse as $c arg' time='0.0262'>
</testcase>
<testcase classname='php-src.ext.ctype.tests' name='ctype_xdigit_variation2.phpt - Test ctype_xdigit() function : usage variations - different integers' time='0.0335'>
</testcase>
<testcase classname='php-src.ext.ctype.tests' name='ctype_xdigit_variation3.phpt - Test ctype_xdigit() function : usage variations - Different strings' time='0.0182'>
</testcase>
<testcase classname='php-src.ext.ctype.tests' name='ctype_xdigit_variation4.phpt - Test ctype_xdigit() function : usage variations - heaxadecimal and octal values' time='0.0294'>
</testcase>
</testsuite>
<testsuite name="php-src.ext.curl.tests" tests="74" failures="0" errors="0" skip="74" time="1.2987">
<testcase classname='php-src.ext.curl.tests' name='bug27023.phpt - Bug #27023 (CURLOPT_POSTFIELDS does not parse content types for files)' time='0.0095'>
<skipped><![CDATA[
curl extension not loaded
]]></skipped>
</testcase>
<testcase classname='php-src.ext.curl.tests' name='bug45161.phpt - Bug #45161 (Reusing a curl handle leaks memory)' time='0.0179'>
<skipped><![CDATA[
curl extension not loaded
]]></skipped>
</testcase>
<testcase classname='php-src.ext.curl.tests' name='bug46711.phpt - Bug #46711 (lost memory when foreach is used for values passed to curl_setopt())' time='0.0135'>
<skipped><![CDATA[
curl extension not loaded
]]></skipped>
</testcase>
<testcase classname='php-src.ext.curl.tests' name='bug46739.phpt - Bug #46739 (array returned by curl_getinfo should contain content_type key)' time='0.0140'>
<skipped><![CDATA[
curl extension not loaded
]]></skipped>
</testcase>
<testcase classname='php-src.ext.curl.tests' name='bug48203.phpt - Bug #48203 (Crash when CURLOPT_STDERR is set to regular file)' time='0.0111'>
<skipped><![CDATA[
curl extension not loaded
]]></skipped>
</testcase>
<testcase classname='php-src.ext.curl.tests' name='bug48203_multi.phpt - Variation of bug #48203 with curl_multi_exec (Crash when file pointers passed to curl are closed before calling curl_multi_exec)' time='0.0096'>
<skipped><![CDATA[
curl extension not loaded
]]></skipped>
</testcase>
<testcase classname='php-src.ext.curl.tests' name='bug48207.phpt - Test curl_setopt() CURLOPT_FILE readonly file handle' time='0.0114'>
<skipped><![CDATA[

]]></skipped>
</testcase>
<testcase classname='php-src.ext.curl.tests' name='bug48514.phpt - Bug #48514 (cURL extension uses same resource name for simple and multi APIs)' time='0.0149'>
<skipped><![CDATA[
curl extension not loaded
]]></skipped>
</testcase>
<testcase classname='php-src.ext.curl.tests' name='bug52202.phpt - Bug #52202 (CURLOPT_PRIVATE gets clobbered)' time='0.0144'>
<skipped><![CDATA[
curl extension not loaded
]]></skipped>
</testcase>
<testcase classname='php-src.ext.curl.tests' name='bug52827.phpt - Bug #52827 (curl_setopt with CURLOPT_STDERR erroneously increments the resource refcount)' time='0.0372'>
<skipped><![CDATA[
curl extension not loaded
]]></skipped>
</testcase>
<testcase classname='php-src.ext.curl.tests' name='bug54798.phpt - Bug #54798 (Segfault when CURLOPT_STDERR file pointer is closed before calling curl_exec)' time='0.0194'>
<skipped><![CDATA[
curl extension not loaded
]]></skipped>
</testcase>
<testcase classname='php-src.ext.curl.tests' name='bug54995.phpt - Bug #54995 (Missing CURLINFO_RESPONSE_CODE support)' time='0.0153'>
<skipped><![CDATA[
curl extension not loaded
]]></skipped>
</testcase>
<testcase classname='php-src.ext.curl.tests' name='bug55767.phpt - Test curl_opt() function with POST params from array with a numeric key' time='0.0261'>
<skipped><![CDATA[
curl extension not loaded
]]></skipped>
</testcase>
<testcase classname='php-src.ext.curl.tests' name='curl_CURLOPT_READDATA.phpt - Test CURLOPT_READDATA without a callback function' time='0.0091'>
<skipped><![CDATA[
need PHP_CURL_HTTP_REMOTE_SERVER environment variable
]]></skipped>
</testcase>
<testcase classname='php-src.ext.curl.tests' name='curl_basic_001.phpt - Test curl_exec() function with basic functionality' time='0.0097'>
<skipped><![CDATA[
curl extension not loaded
]]></skipped>
</testcase>
<testcase classname='php-src.ext.curl.tests' name='curl_basic_002.phpt - Test curl_opt() function with CURLOPT_RETURNTRANSFER parameter set to 1' time='0.0125'>
<skipped><![CDATA[
curl extension not loaded
]]></skipped>
</testcase>
<testcase classname='php-src.ext.curl.tests' name='curl_basic_003.phpt - Test curl_opt() function with POST parameters' time='0.0108'>
<skipped><![CDATA[
curl extension not loaded
]]></skipped>
</testcase>
<testcase classname='php-src.ext.curl.tests' name='curl_basic_004.phpt - Test curl_opt() function with setting referer' time='0.0164'>
<skipped><![CDATA[
curl extension not loaded
]]></skipped>
</testcase>
<testcase classname='php-src.ext.curl.tests' name='curl_basic_005.phpt - Test curl_opt() function with user agent' time='0.0137'>
<skipped><![CDATA[
curl extension not loaded
]]></skipped>
</testcase>
<testcase classname='php-src.ext.curl.tests' name='curl_basic_006.phpt - Test curl_opt() function with CURLOPT_WRITEFUNCTION parameter set to a closure' time='0.0141'>
<skipped><![CDATA[
curl extension not loaded
]]></skipped>
</testcase>
<testcase classname='php-src.ext.curl.tests' name='curl_basic_007.phpt - Test curl_error() &amp; curl_errno() function without url' time='0.0175'>
<skipped><![CDATA[

]]></skipped>
</testcase>
<testcase classname='php-src.ext.curl.tests' name='curl_basic_008.phpt - Test curl_error() &amp; curl_errno() function with problematic host' time='0.2049'>
<skipped><![CDATA[

]]></skipped>
</testcase>
<testcase classname='php-src.ext.curl.tests' name='curl_basic_009.phpt - Test curl_error() &amp; curl_errno() function with problematic protocol' time='0.0142'>
<skipped><![CDATA[

]]></skipped>
</testcase>
<testcase classname='php-src.ext.curl.tests' name='curl_basic_010.phpt - Test curl_error() &amp; curl_errno() function with problematic proxy' time='0.1806'>
<skipped><![CDATA[

]]></skipped>
</testcase>
<testcase classname='php-src.ext.curl.tests' name='curl_basic_011.phpt - Test curl_opt() function with COOKIE' time='0.0098'>
<skipped><![CDATA[
need PHP_CURL_HTTP_REMOTE_SERVER environment variable
]]></skipped>
</testcase>
<testcase classname='php-src.ext.curl.tests' name='curl_basic_012.phpt - Test curl_opt() function with CURLOPT_HTTP_VERSION/CURL_HTTP_VERSION_1_0' time='0.0097'>
<skipped><![CDATA[

]]></skipped>
</testcase>
<testcase classname='php-src.ext.curl.tests' name='curl_basic_013.phpt - Test curl_opt() function with CURLOPT_HTTP_VERSION/CURL_HTTP_VERSION_1_1' time='0.0091'>
<skipped><![CDATA[

]]></skipped>
</testcase>
<testcase classname='php-src.ext.curl.tests' name='curl_basic_014.phpt - Test curl_init() function with basic functionality' time='0.0137'>
<skipped><![CDATA[
curl extension not loaded
]]></skipped>
</testcase>
<testcase classname='php-src.ext.curl.tests' name='curl_basic_015.phpt - Test curl_init() function with $url parameter defined' time='0.0133'>
<skipped><![CDATA[
curl extension not loaded
]]></skipped>
</testcase>
<testcase classname='php-src.ext.curl.tests' name='curl_basic_016.phpt - Test curl_getinfo() function with basic functionality' time='0.0169'>
<skipped><![CDATA[
curl extension not loaded
]]></skipped>
</testcase>
<testcase classname='php-src.ext.curl.tests' name='curl_basic_017.phpt - Test curl_multi_exec() function with basic functionality' time='0.0113'>
<skipped><![CDATA[

]]></skipped>
</testcase>
<testcase classname='php-src.ext.curl.tests' name='curl_basic_018.phpt - Test curl_setopt() with curl_multi function with basic functionality' time='0.0082'>
<skipped><![CDATA[

]]></skipped>
</testcase>
<testcase classname='php-src.ext.curl.tests' name='curl_basic_019.phpt - Test curl_getinfo() function with CURLINFO_EFFECTIVE_URL parameter' time='0.0132'>
<skipped><![CDATA[
curl extension not loaded
]]></skipped>
</testcase>
<testcase classname='php-src.ext.curl.tests' name='curl_basic_020.phpt - Test curl_getinfo() function with CURLINFO_HTTP_CODE parameter' time='0.0150'>
<skipped><![CDATA[
curl extension not loaded
]]></skipped>
</testcase>
<testcase classname='php-src.ext.curl.tests' name='curl_basic_021.phpt - Test curl_getinfo() function with CURLINFO_CONTENT_TYPE parameter' time='0.0090'>
<skipped><![CDATA[
curl extension not loaded
]]></skipped>
</testcase>
<testcase classname='php-src.ext.curl.tests' name='curl_basic_022.phpt - Test curl_getinfo() function with CURLINFO_COOKIELIST parameter' time='0.0116'>
<skipped><![CDATA[

]]></skipped>
</testcase>
<testcase classname='php-src.ext.curl.tests' name='curl_close_basic.phpt - curl_close' time='0.0101'>
<skipped><![CDATA[

]]></skipped>
</testcase>
<testcase classname='php-src.ext.curl.tests' name='curl_copy_handle_basic.phpt - Test curl_copy_handle() function with basic functionality' time='0.0094'>
<skipped><![CDATA[
curl extension not loaded
]]></skipped>
</testcase>
<testcase classname='php-src.ext.curl.tests' name='curl_copy_handle_basic_001.phpt - Test curl_copy_handle() with simple get' time='0.0087'>
<skipped><![CDATA[
need PHP_CURL_HTTP_REMOTE_SERVER environment variable
]]></skipped>
</testcase>
<testcase classname='php-src.ext.curl.tests' name='curl_copy_handle_basic_002.phpt - Test curl_copy_handle() with simple POST' time='0.0123'>
<skipped><![CDATA[
need PHP_CURL_HTTP_REMOTE_SERVER environment variable
]]></skipped>
</testcase>
<testcase classname='php-src.ext.curl.tests' name='curl_copy_handle_basic_004.phpt - Test curl_copy_handle() after exec()' time='0.0095'>
<skipped><![CDATA[
need PHP_CURL_HTTP_REMOTE_SERVER environment variable
]]></skipped>
</testcase>
<testcase classname='php-src.ext.curl.tests' name='curl_copy_handle_basic_005.phpt - Test curl_copy_handle() after exec() with POST' time='0.0082'>
<skipped><![CDATA[
need PHP_CURL_HTTP_REMOTE_SERVER environment variable
]]></skipped>
</testcase>
<testcase classname='php-src.ext.curl.tests' name='curl_copy_handle_basic_006.phpt - Test curl_copy_handle() with User Agent' time='0.0154'>
<skipped><![CDATA[
need PHP_CURL_HTTP_REMOTE_SERVER environment variable
]]></skipped>
</testcase>
<testcase classname='php-src.ext.curl.tests' name='curl_copy_handle_basic_007.phpt - Test curl_copy_handle() with simple POST' time='0.0106'>
<skipped><![CDATA[
need PHP_CURL_HTTP_REMOTE_SERVER environment variable
]]></skipped>
</testcase>
<testcase classname='php-src.ext.curl.tests' name='curl_copy_handle_basic_008.phpt - Test curl_copy_handle() with CURLOPT_PROGRESSFUNCTION' time='0.0139'>
<skipped><![CDATA[
need PHP_CURL_HTTP_REMOTE_SERVER environment variable
]]></skipped>
</testcase>
<testcase classname='php-src.ext.curl.tests' name='curl_copy_handle_variation1.phpt - Test curl_copy_handle() change options in one handle' time='0.0145'>
<skipped><![CDATA[
curl extension not loaded
]]></skipped>
</testcase>
<testcase classname='php-src.ext.curl.tests' name='curl_copy_handle_variation2.phpt - Test curl_copy_handle() add options to the handles' time='0.0133'>
<skipped><![CDATA[
curl extension not loaded
]]></skipped>
</testcase>
<testcase classname='php-src.ext.curl.tests' name='curl_error_basic.phpt - curl_error() function - basic test for curl_error using a fake url' time='0.0161'>
<skipped><![CDATA[

]]></skipped>
</testcase>
<testcase classname='php-src.ext.curl.tests' name='curl_escape.phpt - Test curl_escape and curl_unescape() functions' time='0.0142'>
<skipped><![CDATA[
curl extension not loaded
]]></skipped>
</testcase>
<testcase classname='php-src.ext.curl.tests' name='curl_file_deleted_before_curl_close.phpt - Memory corruption error if fp of just created file is closed before curl_close.' time='0.0143'>
<skipped><![CDATA[

]]></skipped>
</testcase>
<testcase classname='php-src.ext.curl.tests' name='curl_ftp_pasv.phpt - Test curl_exec() function with basic functionality' time='0.0140'>
<skipped><![CDATA[
curl extension not loaded
]]></skipped>
</testcase>
<testcase classname='php-src.ext.curl.tests' name='curl_multi_close_basic.phpt - curl_multi_close' time='0.0101'>
<skipped><![CDATA[

]]></skipped>
</testcase>
<testcase classname='php-src.ext.curl.tests' name='curl_multi_getcontent_basic3.phpt - Curl_multi_getcontent() basic test with different sources (local file/http)' time='0.0102'>
<skipped><![CDATA[
need ext/curlskip PHP_CURL_HTTP_REMOTE_SERVER env variable is not defined
]]></skipped>
</testcase>
<testcase classname='php-src.ext.curl.tests' name='curl_multi_getcontent_error1.phpt - Curl_multi_getcontent() error test' time='0.0090'>
<skipped><![CDATA[

]]></skipped>
</testcase>
<testcase classname='php-src.ext.curl.tests' name='curl_multi_getcontent_error2.phpt - Curl_multi_getcontent() error test' time='0.0087'>
<skipped><![CDATA[

]]></skipped>
</testcase>
<testcase classname='php-src.ext.curl.tests' name='curl_multi_getcontent_error3.phpt - Curl_multi_getcontent() error test' time='0.0117'>
<skipped><![CDATA[

]]></skipped>
</testcase>
<testcase classname='php-src.ext.curl.tests' name='curl_multi_getcontent_error4.phpt - Curl_multi_getcontent() error test  with undefined handle' time='0.0144'>
<skipped><![CDATA[

]]></skipped>
</testcase>
<testcase classname='php-src.ext.curl.tests' name='curl_multi_init_basic.phpt - Test curl_multi_init()' time='0.0098'>
<skipped><![CDATA[

]]></skipped>
</testcase>
<testcase classname='php-src.ext.curl.tests' name='curl_multi_select_basic1.phpt - Test curl_multi_select()' time='0.0106'>
<skipped><![CDATA[

]]></skipped>
</testcase>
<testcase classname='php-src.ext.curl.tests' name='curl_reset.phpt - Test curl_reset' time='0.0108'>
<skipped><![CDATA[
skip curl_reset doesn't exists (require libcurl >= 7.12.1)
]]></skipped>
</testcase>
<testcase classname='php-src.ext.curl.tests' name='curl_setopt_CURLOPT_FOLLOWLOCATION_open_basedir.phpt - CURLOPT_FOLLOWLOCATION case check open_basedir' time='0.0118'>
<skipped><![CDATA[
cURL not loaded
]]></skipped>
</testcase>
<testcase classname='php-src.ext.curl.tests' name='curl_setopt_CURLOPT_READFUNCTION.phpt - cURL option CURLOPT_READFUNCTION' time='0.0104'>
<skipped><![CDATA[
cURL extension not loaded
]]></skipped>
</testcase>
<testcase classname='php-src.ext.curl.tests' name='curl_setopt_array_basic.phpt - curl_setopt_array() function - tests setting multiple cURL options with curl_setopt_array()' time='0.0090'>
<skipped><![CDATA[

]]></skipped>
</testcase>
<testcase classname='php-src.ext.curl.tests' name='curl_setopt_basic002.phpt - curl_setopt basic tests with CURLOPT_STDERR.' time='0.0109'>
<skipped><![CDATA[
need PHP_CURL_HTTP_REMOTE_SERVER environment variable
]]></skipped>
</testcase>
<testcase classname='php-src.ext.curl.tests' name='curl_setopt_basic003.phpt - curl_setopt() call with CURLOPT_HTTPHEADER' time='0.0137'>
<skipped><![CDATA[
need PHP_CURL_HTTP_REMOTE_SERVER environment variable
]]></skipped>
</testcase>
<testcase classname='php-src.ext.curl.tests' name='curl_setopt_basic004.phpt - curl_setopt() call with CURLOPT_RETURNTRANSFER' time='0.0134'>
<skipped><![CDATA[
need PHP_CURL_HTTP_REMOTE_SERVER environment variable
]]></skipped>
</testcase>
<testcase classname='php-src.ext.curl.tests' name='curl_setopt_error.phpt - curl_setopt() basic parameter test' time='0.0120'>
<skipped><![CDATA[

]]></skipped>
</testcase>
<testcase classname='php-src.ext.curl.tests' name='curl_version_error.phpt - Test curl_version() function : error conditions' time='0.0082'>
<skipped><![CDATA[
- curl extension not available in this build
]]></skipped>
</testcase>
<testcase classname='php-src.ext.curl.tests' name='curl_version_variation1.phpt - Test curl_version() function : usage variations - test values for $ascii argument' time='0.0122'>
<skipped><![CDATA[
- curl extension not available in this buildskip need PHP_CURL_HTTP_REMOTE_SERVER environment variable
]]></skipped>
</testcase>
<testcase classname='php-src.ext.curl.tests' name='curl_write_callback.phpt - Test curl option CURLOPT_WRITEFUNCTION' time='0.0093'>
<skipped><![CDATA[

]]></skipped>
</testcase>
<testcase classname='php-src.ext.curl.tests' name='curl_write_file.phpt - Test curl option CURLOPT_FILE' time='0.0079'>
<skipped><![CDATA[

]]></skipped>
</testcase>
<testcase classname='php-src.ext.curl.tests' name='curl_write_return.phpt - Test curl option CURLOPT_RETURNTRANSFER' time='0.0148'>
<skipped><![CDATA[

]]></skipped>
</testcase>
<testcase classname='php-src.ext.curl.tests' name='curl_write_stdout.phpt - Test curl option CURLOPT_FILE with STDOUT handle' time='0.0146'>
<skipped><![CDATA[

]]></skipped>
</testcase>
<testcase classname='php-src.ext.curl.tests' name='curl_writeheader_callback.phpt - Test curl option CURLOPT_HEADERFUNCTION' time='0.0121'>
<skipped><![CDATA[
- curl extension not available in this buildskip need PHP_CURL_HTTP_REMOTE_SERVER environment variable
]]></skipped>
</testcase>
</testsuite>
<testsuite name="php-src.ext.phar.tests" tests="279" failures="3" errors="0" skip="45" time="10.7057">
<testcase classname='php-src.ext.phar.tests' name='001.phpt - Phar::apiVersion' time='0.0207'>
</testcase>
<testcase classname='php-src.ext.phar.tests' name='002.phpt - Phar::mapPhar truncated manifest/improper params' time='0.0281'>
</testcase>
<testcase classname='php-src.ext.phar.tests' name='003.phpt - Phar::canCompress' time='0.0297'>
</testcase>
<testcase classname='php-src.ext.phar.tests' name='003a.phpt - Phar::canCompress, specific' time='0.0289'>
</testcase>
<testcase classname='php-src.ext.phar.tests' name='004.phpt - Phar::mapPhar no __HALT_COMPILER();' time='0.0346'>
</testcase>
<testcase classname='php-src.ext.phar.tests' name='005.phpt - Phar::mapPhar truncated manifest (none)' time='0.0267'>
</testcase>
<testcase classname='php-src.ext.phar.tests' name='006.phpt - Phar::mapPhar truncated manifest (manifest length truncated)' time='0.0327'>
</testcase>
<testcase classname='php-src.ext.phar.tests' name='007.phpt - Phar::mapPhar manifest too big' time='0.0302'>
</testcase>
<testcase classname='php-src.ext.phar.tests' name='008.phpt - Phar::mapPhar truncated manifest (not enough for manifest length)' time='0.0316'>
</testcase>
<testcase classname='php-src.ext.phar.tests' name='009.phpt - Phar::mapPhar too many manifest entries' time='0.0382'>
</testcase>
<testcase classname='php-src.ext.phar.tests' name='010.phpt - Phar::mapPhar buffer overrun' time='0.0232'>
</testcase>
<testcase classname='php-src.ext.phar.tests' name='011.phpt - Phar::mapPhar filesize too small in manifest' time='0.0526'>
</testcase>
<testcase classname='php-src.ext.phar.tests' name='012.phpt - Phar::mapPhar valid file' time='0.0301'>
</testcase>
<testcase classname='php-src.ext.phar.tests' name='013.phpt - Phar::mapPhar filesize mismatch' time='0.0272'>
</testcase>
<testcase classname='php-src.ext.phar.tests' name='014.phpt - Phar::mapPhar filesize mismatch' time='0.0192'>
</testcase>
<testcase classname='php-src.ext.phar.tests' name='015.phpt - Phar::mapPhar valid file (gzipped)' time='0.0300'>
</testcase>
<testcase classname='php-src.ext.phar.tests' name='015b.phpt - Phar::mapPhar valid file (bzip2)' time='0.0318'>
</testcase>
<testcase classname='php-src.ext.phar.tests' name='016.phpt - Phar::mapPhar invalid file (gzipped file length is too short)' time='0.0298'>
</testcase>
<testcase classname='php-src.ext.phar.tests' name='016b.phpt - Phar::mapPhar invalid file (gzipped file length is too short)' time='0.0295'>
</testcase>
<testcase classname='php-src.ext.phar.tests' name='017.phpt - Phar: opendir test - no dir specified at all' time='0.0273'>
</testcase>
<testcase classname='php-src.ext.phar.tests' name='017U.phpt - Phar: opendir test - no dir specified at all' time='0.0201'>
<skipped><![CDATA[
Unicode support required
]]></skipped>
</testcase>
<testcase classname='php-src.ext.phar.tests' name='018.phpt - Phar: opendir test, root directory' time='0.0312'>
</testcase>
<testcase classname='php-src.ext.phar.tests' name='018U.phpt - Phar: opendir test, root directory' time='0.0158'>
<skipped><![CDATA[
Unicode support required
]]></skipped>
</testcase>
<testcase classname='php-src.ext.phar.tests' name='019.phpt - Phar: opendir test, subdirectory' time='0.0336'>
</testcase>
<testcase classname='php-src.ext.phar.tests' name='019b.phpt - Phar: opendir test, recurse into' time='0.0223'>
</testcase>
<testcase classname='php-src.ext.phar.tests' name='019bU.phpt - Phar: opendir test, recurse into' time='0.0127'>
<skipped><![CDATA[
Unicode support required
]]></skipped>
</testcase>
<testcase classname='php-src.ext.phar.tests' name='019c.phpt - Phar: opendir test, recurse into' time='0.0327'>
</testcase>
<testcase classname='php-src.ext.phar.tests' name='019cU.phpt - Phar: opendir test, recurse into' time='0.0128'>
<skipped><![CDATA[
Unicode support required
]]></skipped>
</testcase>
<testcase classname='php-src.ext.phar.tests' name='020.phpt - Phar: url stat' time='0.0313'>
</testcase>
<testcase classname='php-src.ext.phar.tests' name='021.phpt - Phar: stream stat' time='0.0216'>
</testcase>
<testcase classname='php-src.ext.phar.tests' name='022.phpt - Phar: stream stat' time='0.0294'>
</testcase>
<testcase classname='php-src.ext.phar.tests' name='023.phpt - Phar: phar:// file_get_contents' time='0.0246'>
</testcase>
<testcase classname='php-src.ext.phar.tests' name='024.phpt - Phar: phar:// include' time='0.0290'>
</testcase>
<testcase classname='php-src.ext.phar.tests' name='025.phpt - Phar: phar:// include (repeated names)' time='0.0243'>
</testcase>
<testcase classname='php-src.ext.phar.tests' name='026.phpt - Phar: phar:// require from within' time='0.0268'>
</testcase>
<testcase classname='php-src.ext.phar.tests' name='027.phpt - Phar: phar:// opendir' time='0.0332'>
</testcase>
<testcase classname='php-src.ext.phar.tests' name='027U.phpt - Phar: phar:// opendir' time='0.0086'>
<skipped><![CDATA[
Unicode support required
]]></skipped>
</testcase>
<testcase classname='php-src.ext.phar.tests' name='028.phpt - Phar::loadPhar' time='0.0224'>
</testcase>
<testcase classname='php-src.ext.phar.tests' name='029.phpt - Phar::loadPhar overloading alias names' time='0.0320'>
</testcase>
<testcase classname='php-src.ext.phar.tests' name='030.phpt - Phar::loadPhar ignoring alias' time='0.0171'>
</testcase>
<testcase classname='php-src.ext.phar.tests' name='031.phpt - Phar: include and parser error' time='0.0302'>
</testcase>
<testcase classname='php-src.ext.phar.tests' name='032.phpt - Phar: require hash' time='0.0339'>
</testcase>
<testcase classname='php-src.ext.phar.tests' name='033.phpt - Phar::chmod' time='0.0348'>
</testcase>
<testcase classname='php-src.ext.phar.tests' name='033a.phpt - Phar::chmod' time='0.0245'>
</testcase>
<testcase classname='php-src.ext.phar.tests' name='addfuncs.phpt - Phar: addFile/addFromString' time='0.0255'>
</testcase>
<testcase classname='php-src.ext.phar.tests' name='alias_acrobatics.phpt - Phar: alias edge cases' time='0.0300'>
</testcase>
<testcase classname='php-src.ext.phar.tests' name='badparameters.phpt - Phar: bad parameters to various methods' time='0.0425'>
</testcase>
<testcase classname='php-src.ext.phar.tests' name='bug13727.phpt - Phar: SLOW TEST bug #13727: &quot;Number of files in the Phar&quot; limited to 2042' time='2.7958'>
</testcase>
<testcase classname='php-src.ext.phar.tests' name='bug13786.phpt - Phar: bug #13786: &quot;PHP crashes on phar recreate after unlink&quot;' time='0.0251'>
</testcase>
<testcase classname='php-src.ext.phar.tests' name='bug45218_SLOWTEST.phpt - Phar::buildFromIterator() iterator, too many files for open file handles (Bug #45218)' time='0.2581'>
</testcase>
<testcase classname='php-src.ext.phar.tests' name='bug45218_SLOWTESTU.phpt - Phar::buildFromIterator() iterator, too many files for open file handles (Bug #45218)' time='0.0119'>
<skipped><![CDATA[
Unicode support required
]]></skipped>
</testcase>
<testcase classname='php-src.ext.phar.tests' name='bug46032.phpt - Phar: bug #46032: PharData::__construct wrong memory read' time='0.0219'>
</testcase>
<testcase classname='php-src.ext.phar.tests' name='bug46060.phpt - Phar: Bug #46060: addEmptyDir() breaks' time='0.0276'>
</testcase>
<testcase classname='php-src.ext.phar.tests' name='bug46178.phpt - Phar: PHP bug #46178: &quot;memory leak in ext/phar&quot;' time='0.0313'>
</testcase>
<testcase classname='php-src.ext.phar.tests' name='bug47085.phpt - Phar: PHP bug #47085: &quot;rename() returns true even if the file in PHAR does not exist&quot;' time='0.0282'>
</testcase>
<testcase classname='php-src.ext.phar.tests' name='bug48377.2.phpt - Phar: PHP bug #48377 &quot;error message unclear on converting phar with existing file&quot; test #2' time='0.0221'>
</testcase>
<testcase classname='php-src.ext.phar.tests' name='bug48377.phpt - Phar: PHP bug #48377 &quot;error message unclear on converting phar with existing file&quot;' time='0.0295'>
</testcase>
<testcase classname='php-src.ext.phar.tests' name='bug52013.phpt - Test for bug 52013 about Phar::decompressFiles().' time='0.0563'>
</testcase>
<testcase classname='php-src.ext.phar.tests' name='bug53872.phpt - bug#53872 (internal corruption of phar)' time='0.0374'>
</testcase>
<testcase classname='php-src.ext.phar.tests' name='bug54395.phpt - Bug #54395 (Phar::mount() crashes when calling with wrong parameters)' time='0.0331'>
</testcase>
<testcase classname='php-src.ext.phar.tests' name='bug60164.phpt - Phar: verify stub of specific length does not break __HALT_COMPILER(); scanning in php' time='0.0379'>
</testcase>
<testcase classname='php-src.ext.phar.tests' name='bug60261.phpt - Bug #60261 (phar dos null pointer)' time='0.0314'>
</testcase>
<testcase classname='php-src.ext.phar.tests' name='cached_manifest_1.phpt - Phar: phar.cache_list basic read test' time='0.0226'>
</testcase>
<testcase classname='php-src.ext.phar.tests' name='cached_manifest_1U.phpt - Phar: phar.cache_list basic read test' time='0.0081'>
<skipped><![CDATA[
Unicode support required
]]></skipped>
</testcase>
<testcase classname='php-src.ext.phar.tests' name='create_new_and_modify.phpt - Phar: create and modify phar' time='0.0329'>
</testcase>
<testcase classname='php-src.ext.phar.tests' name='create_new_phar.phpt - Phar: create a completely new phar' time='0.0346'>
</testcase>
<testcase classname='php-src.ext.phar.tests' name='create_new_phar_b.phpt - Phar: create a completely new phar' time='0.0324'>
</testcase>
<testcase classname='php-src.ext.phar.tests' name='create_new_phar_c.phpt - Phar: create a completely new phar' time='0.0180'>
</testcase>
<testcase classname='php-src.ext.phar.tests' name='create_path_error.phpt - Phar: create with illegal path' time='0.0306'>
</testcase>
<testcase classname='php-src.ext.phar.tests' name='delete.phpt - Phar: delete test' time='0.0275'>
</testcase>
<testcase classname='php-src.ext.phar.tests' name='delete_in_phar.phpt - Phar: delete a file within a .phar' time='0.0263'>
</testcase>
<testcase classname='php-src.ext.phar.tests' name='delete_in_phar_b.phpt - Phar: delete a file within a .phar' time='0.0303'>
</testcase>
<testcase classname='php-src.ext.phar.tests' name='delete_in_phar_confirm.phpt - Phar: delete a file within a .phar (confirm disk file is changed)' time='0.0281'>
</testcase>
<testcase classname='php-src.ext.phar.tests' name='dir.phpt - Phar: mkdir/rmdir test' time='0.0317'>
</testcase>
<testcase classname='php-src.ext.phar.tests' name='fatal_error_webphar.phpt - Phar web-based phar with fatal error' time='0.0336'>
</testcase>
<testcase classname='php-src.ext.phar.tests' name='fgc_edgecases.phpt - Phar: test edge cases of file_get_contents() function interception' time='0.0293'>
</testcase>
<testcase classname='php-src.ext.phar.tests' name='file_get_contents.phpt - Phar: test file_get_contents() interception' time='0.0231'>
</testcase>
<testcase classname='php-src.ext.phar.tests' name='fopen.phpt - Phar: test fopen() interception' time='0.0333'>
</testcase>
<testcase classname='php-src.ext.phar.tests' name='fopen5.2.phpt - Phar: test fopen() interception' time='0.0140'>
<skipped><![CDATA[
PHP 5.2 required for this test
]]></skipped>
</testcase>
<testcase classname='php-src.ext.phar.tests' name='fopen_edgecases.phpt - Phar: fopen/stat/fseek/unlink/rename edge cases' time='0.0280'>
</testcase>
<testcase classname='php-src.ext.phar.tests' name='fopen_edgecases2.phpt - Phar: test edge cases of fopen() function interception #2' time='0.0203'>
</testcase>
<testcase classname='php-src.ext.phar.tests' name='fopen_edgecases2U.phpt - Phar: test edge cases of fopen() function interception #2 (PHP 6)' time='0.0157'>
<skipped><![CDATA[
Unicode support required
]]></skipped>
</testcase>
<testcase classname='php-src.ext.phar.tests' name='front.phar.phpt - Phar front controller with mounted external file' time='0.0371'>
</testcase>
<testcase classname='php-src.ext.phar.tests' name='frontcontroller1.phpt - Phar front controller other' time='0.0228'>
</testcase>
<testcase classname='php-src.ext.phar.tests' name='frontcontroller10.phpt - Phar front controller rewrite access denied' time='0.0318'>
</testcase>
<testcase classname='php-src.ext.phar.tests' name='frontcontroller11.phpt - Phar front controller mime type extension is not a string' time='0.0138'>
<skipped><![CDATA[

]]></skipped>
</testcase>
<testcase classname='php-src.ext.phar.tests' name='frontcontroller12.phpt - Phar front controller mime type unknown int' time='0.0190'>
</testcase>
<testcase classname='php-src.ext.phar.tests' name='frontcontroller13.phpt - Phar front controller mime type not string/int' time='0.0341'>
</testcase>
<testcase classname='php-src.ext.phar.tests' name='frontcontroller14.phpt - Phar front controller mime type override, other' time='0.0189'>
</testcase>
<testcase classname='php-src.ext.phar.tests' name='frontcontroller15.phpt - Phar front controller mime type override, Phar::PHPS' time='0.0281'>
</testcase>
<testcase classname='php-src.ext.phar.tests' name='frontcontroller16.phpt - Phar front controller mime type override, Phar::PHP' time='0.0323'>
</testcase>
<testcase classname='php-src.ext.phar.tests' name='frontcontroller17.phpt - Phar front controller mime type unknown' time='0.0254'>
</testcase>
<testcase classname='php-src.ext.phar.tests' name='frontcontroller18.phpt - Phar front controller $_SERVER munging failure' time='0.0297'>
</testcase>
<testcase classname='php-src.ext.phar.tests' name='frontcontroller19.phpt - Phar front controller $_SERVER munging failure 2' time='0.0214'>
</testcase>
<testcase classname='php-src.ext.phar.tests' name='frontcontroller2.phpt - Phar front controller PHP test' time='0.0346'>
</testcase>
<testcase classname='php-src.ext.phar.tests' name='frontcontroller20.phpt - Phar front controller $_SERVER munging failure 3' time='0.0305'>
</testcase>
<testcase classname='php-src.ext.phar.tests' name='frontcontroller21.phpt - Phar front controller $_SERVER munging success' time='0.0292'>
</testcase>
<testcase classname='php-src.ext.phar.tests' name='frontcontroller22.phpt - Phar front controller include from cwd test 1' time='0.0294'>
</testcase>
<testcase classname='php-src.ext.phar.tests' name='frontcontroller23.phpt - Phar front controller with generic action router test' time='0.0295'>
</testcase>
<testcase classname='php-src.ext.phar.tests' name='frontcontroller24.phpt - Phar front controller with custom 404 php script' time='0.0257'>
</testcase>
<testcase classname='php-src.ext.phar.tests' name='frontcontroller25.phpt - Phar front controller with extra path_info' time='0.0187'>
</testcase>
<testcase classname='php-src.ext.phar.tests' name='frontcontroller26.phpt - Phar front controller with unknown extension mime type' time='0.0266'>
</testcase>
<testcase classname='php-src.ext.phar.tests' name='frontcontroller27.phpt - Phar front controller with no extension' time='0.0336'>
</testcase>
<testcase classname='php-src.ext.phar.tests' name='frontcontroller28.phpt - Phar front controller with huge file' time='0.0293'>
</testcase>
<testcase classname='php-src.ext.phar.tests' name='frontcontroller29.phpt - Phar front controller with fatal error in php file' time='0.0256'>
</testcase>
<testcase classname='php-src.ext.phar.tests' name='frontcontroller3.phpt - Phar front controller phps' time='0.0294'>
</testcase>
<testcase classname='php-src.ext.phar.tests' name='frontcontroller30.phpt - Phar front controller with weird SCRIPT_NAME' time='0.0258'>
</testcase>
<testcase classname='php-src.ext.phar.tests' name='frontcontroller31.phpt - Phar front controller with invalid callback for rewrites' time='0.0246'>
</testcase>
<testcase classname='php-src.ext.phar.tests' name='frontcontroller32.phpt - Phar front controller with valid callback that is not good' time='0.0235'>
</testcase>
<testcase classname='php-src.ext.phar.tests' name='frontcontroller33.phpt - Phar front controller with valid callback that does not return any value' time='0.0270'>
</testcase>
<testcase classname='php-src.ext.phar.tests' name='frontcontroller34.phpt - Phar front controller with cwd' time='0.0227'>
</testcase>
<testcase classname='php-src.ext.phar.tests' name='frontcontroller4.phpt - Phar front controller index.php relocate (no /)' time='0.0286'>
</testcase>
<testcase classname='php-src.ext.phar.tests' name='frontcontroller5.phpt - Phar front controller index.php relocate' time='0.0242'>
</testcase>
<testcase classname='php-src.ext.phar.tests' name='frontcontroller6.phpt - Phar front controller 404' time='0.0237'>
</testcase>
<testcase classname='php-src.ext.phar.tests' name='frontcontroller7.phpt - Phar front controller alternate index file' time='0.0233'>
</testcase>
<testcase classname='php-src.ext.phar.tests' name='frontcontroller8.phpt - Phar front controller no index file 404' time='0.0312'>
</testcase>
<testcase classname='php-src.ext.phar.tests' name='frontcontroller9.phpt - Phar front controller rewrite array' time='0.0234'>
</testcase>
<testcase classname='php-src.ext.phar.tests' name='include_path.phpt - Phar: include_path with phar:// wrapper' time='0.0256'>
</testcase>
<testcase classname='php-src.ext.phar.tests' name='include_path_advanced.phpt - Phar: include_path advanced code coverage test' time='0.0259'>
</testcase>
<testcase classname='php-src.ext.phar.tests' name='ini_set.phpt - Phar: test ini_set with readonly and require_hash enabled' time='0.0280'>
</testcase>
<testcase classname='php-src.ext.phar.tests' name='ini_set_off.phpt - Phar: test ini_set with readonly and require_hash disabled' time='0.0249'>
</testcase>
<testcase classname='php-src.ext.phar.tests' name='ini_set_offU.phpt - Phar: test ini_set with readonly and require_hash disabled' time='0.0126'>
<skipped><![CDATA[
Unicode support required
]]></skipped>
</testcase>
<testcase classname='php-src.ext.phar.tests' name='invalid_alias.phpt - Phar: set alias with invalid alias containing / \ : or ;' time='0.0294'>
</testcase>
<testcase classname='php-src.ext.phar.tests' name='invalid_setstubalias.phpt - Phar: invalid set alias or stub via array access' time='0.0225'>
</testcase>
<testcase classname='php-src.ext.phar.tests' name='metadata_read.phpt - Phar with meta-data (read)' time='0.0302'>
</testcase>
<testcase classname='php-src.ext.phar.tests' name='metadata_readU.phpt - Phar with meta-data (read)' time='0.0153'>
<skipped><![CDATA[
Unicode support required
]]></skipped>
</testcase>
<testcase classname='php-src.ext.phar.tests' name='metadata_write.phpt - Phar with meta-data (write)' time='0.0315'>
</testcase>
<testcase classname='php-src.ext.phar.tests' name='metadata_writeU.phpt - Phar with meta-data (write)' time='0.0141'>
<skipped><![CDATA[
Unicode support required
]]></skipped>
</testcase>
<testcase classname='php-src.ext.phar.tests' name='metadata_write_commit.phpt - Phar with meta-data (write)' time='0.0297'>
</testcase>
<testcase classname='php-src.ext.phar.tests' name='metadata_write_commitU.phpt - Phar with meta-data (write)' time='0.0145'>
<skipped><![CDATA[
Unicode support required
]]></skipped>
</testcase>
<testcase classname='php-src.ext.phar.tests' name='mkdir.phpt - phar: mkdir/rmdir edge cases' time='0.0330'>
</testcase>
<testcase classname='php-src.ext.phar.tests' name='mounteddir.phpt - Phar: mounted manifest directory test' time='0.0348'>
</testcase>
<testcase classname='php-src.ext.phar.tests' name='mounteddirU.phpt - Phar: mounted manifest directory test' time='0.0175'>
<skipped><![CDATA[
Unicode support required
]]></skipped>
</testcase>
<testcase classname='php-src.ext.phar.tests' name='nophar.phpt - Phar: phar run without pecl/phar with default stub' time='0.0120'>
<skipped><![CDATA[
Phar extension must be disabled for this test
]]></skipped>
</testcase>
<testcase classname='php-src.ext.phar.tests' name='nophar_web.phpt - Phar: default web stub, no phar extension' time='0.0092'>
<skipped><![CDATA[
Phar extension must be disabled for this test
]]></skipped>
</testcase>
<testcase classname='php-src.ext.phar.tests' name='open_for_write_existing.phpt - Phar: fopen a .phar for writing (existing file)' time='0.0289'>
</testcase>
<testcase classname='php-src.ext.phar.tests' name='open_for_write_existing_b.phpt - Phar: fopen a .phar for writing (existing file)' time='0.0281'>
</testcase>
<testcase classname='php-src.ext.phar.tests' name='open_for_write_existing_b_5_2.phpt - Phar: fopen a .phar for writing (existing file)' time='0.0137'>
<skipped><![CDATA[
requires 5.2 or earlier
]]></skipped>
</testcase>
<testcase classname='php-src.ext.phar.tests' name='open_for_write_existing_c.phpt - Phar: fopen a .phar for writing (existing file)' time='0.0305'>
</testcase>
<testcase classname='php-src.ext.phar.tests' name='open_for_write_existing_c_5_2.phpt - Phar: fopen a .phar for writing (existing file)' time='0.0113'>
<skipped><![CDATA[
requires 5.2 or earlier
]]></skipped>
</testcase>
<testcase classname='php-src.ext.phar.tests' name='open_for_write_newfile.phpt - Phar: fopen a .phar for writing (new file)' time='0.0311'>
</testcase>
<testcase classname='php-src.ext.phar.tests' name='open_for_write_newfile_b.phpt - Phar: fopen a .phar for writing (new file)' time='0.0222'>
</testcase>
<testcase classname='php-src.ext.phar.tests' name='open_for_write_newfile_b_5_2.phpt - Phar: fopen a .phar for writing (new file)' time='0.0150'>
<skipped><![CDATA[
requires 5.2 or earlier
]]></skipped>
</testcase>
<testcase classname='php-src.ext.phar.tests' name='open_for_write_newfile_c.phpt - Phar: fopen a .phar for writing (new file)' time='0.0269'>
</testcase>
<testcase classname='php-src.ext.phar.tests' name='open_for_write_newfile_c_5_2.phpt - Phar: fopen a .phar for writing (new file)' time='0.0137'>
<skipped><![CDATA[
requires 5.2 or earlier
]]></skipped>
</testcase>
<testcase classname='php-src.ext.phar.tests' name='opendir.phpt - Phar: test opendir() interception' time='0.0318'>
</testcase>
<testcase classname='php-src.ext.phar.tests' name='opendir_edgecases.phpt - Phar: test edge cases of opendir() function interception' time='0.0356'>
</testcase>
<testcase classname='php-src.ext.phar.tests' name='phar_begin_setstub_commit.phpt - Phar::startBuffering()/setStub()/stopBuffering()' time='0.0272'>
</testcase>
<testcase classname='php-src.ext.phar.tests' name='phar_begin_setstub_commitU.phpt - Phar::startBuffering()/setStub()/stopBuffering()' time='0.0145'>
<skipped><![CDATA[
Unicode support required
]]></skipped>
</testcase>
<testcase classname='php-src.ext.phar.tests' name='phar_buildfromdirectory1.phpt - Phar::buildFromDirectory() - readonly' time='0.0302'>
</testcase>
<testcase classname='php-src.ext.phar.tests' name='phar_buildfromdirectory2.phpt - Phar::buildFromDirectory() - non-directory passed as first parameter' time='0.0224'>
</testcase>
<testcase classname='php-src.ext.phar.tests' name='phar_buildfromdirectory3.phpt - Phar::buildFromDirectory() - object passed as second parameter' time='0.0290'>
</testcase>
<testcase classname='php-src.ext.phar.tests' name='phar_buildfromdirectory4.phpt - Phar::buildFromDirectory(), directory exists' time='0.0277'>
</testcase>
<testcase classname='php-src.ext.phar.tests' name='phar_buildfromdirectory5.phpt - Phar::buildFromDirectory() with matching regex' time='0.0341'>
</testcase>
<testcase classname='php-src.ext.phar.tests' name='phar_buildfromdirectory6.phpt - Phar::buildFromDirectory() with non-matching regex' time='0.0255'>
</testcase>
<testcase classname='php-src.ext.phar.tests' name='phar_buildfromiterator1.phpt - Phar::buildFromIterator() readonly' time='0.0296'>
</testcase>
<testcase classname='php-src.ext.phar.tests' name='phar_buildfromiterator10.phpt - Phar::buildFromIterator() RegexIterator(RecursiveIteratorIterator), SplFileInfo as current' time='0.0780'>
</testcase>
<testcase classname='php-src.ext.phar.tests' name='phar_buildfromiterator2.phpt - Phar::buildFromIterator() wrong object' time='0.0244'>
</testcase>
<testcase classname='php-src.ext.phar.tests' name='phar_buildfromiterator3.phpt - Phar::buildFromIterator() iterator, but object passed' time='0.0249'>
</testcase>
<testcase classname='php-src.ext.phar.tests' name='phar_buildfromiterator4.phpt - Phar::buildFromIterator() iterator, 1 file passed in' time='0.0252'>
</testcase>
<testcase classname='php-src.ext.phar.tests' name='phar_buildfromiterator5.phpt - Phar::buildFromIterator() iterator, iterator returns non-string' time='0.0307'>
</testcase>
<testcase classname='php-src.ext.phar.tests' name='phar_buildfromiterator6.phpt - Phar::buildFromIterator() iterator, key is int' time='0.0289'>
</testcase>
<testcase classname='php-src.ext.phar.tests' name='phar_buildfromiterator7.phpt - Phar::buildFromIterator() iterator, file can&#039;t be opened' time='0.0274'>
</testcase>
<testcase classname='php-src.ext.phar.tests' name='phar_buildfromiterator8.phpt - Phar::buildFromIterator() RegexIterator(DirectoryIterator), SplFileInfo as current' time='0.0335'>
</testcase>
<testcase classname='php-src.ext.phar.tests' name='phar_buildfromiterator9.phpt - Phar::buildFromIterator() iterator, 1 file resource passed in' time='0.0276'>
</testcase>
<testcase classname='php-src.ext.phar.tests' name='phar_bz2.phpt - Phar: bzipped phar' time='0.0340'>
</testcase>
<testcase classname='php-src.ext.phar.tests' name='phar_commitwrite.phpt - Phar::setStub()/stopBuffering()' time='0.0256'>
</testcase>
<testcase classname='php-src.ext.phar.tests' name='phar_construct_invalidurl.phpt - Phar object passed URL' time='0.0332'>
</testcase>
<testcase classname='php-src.ext.phar.tests' name='phar_convert_again.phpt - Phar::conversion to other formats' time='0.0521'>
</testcase>
<testcase classname='php-src.ext.phar.tests' name='phar_convert_repeated.phpt - Phar::convertToZip|Tar|Phar() repeated (phar_based archives)' time='0.0293'>
</testcase>
<testcase classname='php-src.ext.phar.tests' name='phar_convert_repeated_b.phpt - PharData::convertToZip|Tar|Phar() repeated (phardata_based archives)' time='0.0375'>
</testcase>
<testcase classname='php-src.ext.phar.tests' name='phar_convert_tar.phpt - Phar::convertToTar()' time='0.0298'>
</testcase>
<testcase classname='php-src.ext.phar.tests' name='phar_convert_tar2.phpt - Phar::convertToTar() gzip compressed' time='0.0342'>
</testcase>
<testcase classname='php-src.ext.phar.tests' name='phar_convert_tar3.phpt - Phar::convertToTar() bz2 compressed' time='0.0320'>
</testcase>
<testcase classname='php-src.ext.phar.tests' name='phar_convert_zip.phpt - Phar::convertToZip()' time='0.0345'>
</testcase>
<testcase classname='php-src.ext.phar.tests' name='phar_copy.phpt - Phar: copy()' time='0.0254'>
</testcase>
<testcase classname='php-src.ext.phar.tests' name='phar_create_in_cwd.phpt - Phar: attempt to create a Phar with relative path' time='0.0319'>
</testcase>
<testcase classname='php-src.ext.phar.tests' name='phar_createdefaultstub.phpt - Phar: Phar::createDefaultStub() with and without arg' time='0.0255'>
</testcase>
<testcase classname='php-src.ext.phar.tests' name='phar_ctx_001.phpt - Phar context' time='0.0411'>
</testcase>
<testcase classname='php-src.ext.phar.tests' name='phar_decompress.phpt - Phar::decompress()' time='0.0320'>
</testcase>
<testcase classname='php-src.ext.phar.tests' name='phar_dir_iterate.phpt - Phar object: iterate test with sub-directories and RecursiveIteratorIterator' time='0.0320'>
</testcase>
<testcase classname='php-src.ext.phar.tests' name='phar_dotted_path.phpt - Phar: create new Phar with broken.dirname in path' time='0.0274'>
</testcase>
<testcase classname='php-src.ext.phar.tests' name='phar_extract.phpt - Phar: Phar::extractTo()' time='0.1320'>
</testcase>
<testcase classname='php-src.ext.phar.tests' name='phar_extract2.phpt - Phar: Phar::extractTo() - .phar safety' time='0.0278'>
</testcase>
<testcase classname='php-src.ext.phar.tests' name='phar_extract3.phpt - Phar: Phar::extractTo() - check that phar exists' time='0.0401'>
</testcase>
<testcase classname='php-src.ext.phar.tests' name='phar_get_supported_signatures_001.phpt - Phar::getSupportedSignatures()' time='0.0135'>
<skipped><![CDATA[
extension hash conflicts
]]></skipped>
</testcase>
<testcase classname='php-src.ext.phar.tests' name='phar_get_supported_signatures_001a.phpt - Phar::getSupportedSignatures()' time='0.0156'>
<skipped><![CDATA[
extension hash conflicts
]]></skipped>
</testcase>
<testcase classname='php-src.ext.phar.tests' name='phar_get_supported_signatures_002.phpt - Phar::getSupportedSignatures()' time='0.0300'>
</testcase>
<testcase classname='php-src.ext.phar.tests' name='phar_get_supported_signatures_002a.phpt - Phar::getSupportedSignatures()' time='0.0185'>
<skipped><![CDATA[
openssl support required
]]></skipped>
</testcase>
<testcase classname='php-src.ext.phar.tests' name='phar_get_supportedcomp1.phpt - Phar::getSupportedCompression() (bz2 and zlib)' time='0.0215'>
</testcase>
<testcase classname='php-src.ext.phar.tests' name='phar_get_supportedcomp2.phpt - Phar::getSupportedCompression() (bz2 only)' time='0.0125'>
<skipped><![CDATA[
zlib is available
]]></skipped>
</testcase>
<testcase classname='php-src.ext.phar.tests' name='phar_get_supportedcomp3.phpt - Phar::getSupportedCompression() (zlib only)' time='0.0136'>
<skipped><![CDATA[
bz2 is available
]]></skipped>
</testcase>
<testcase classname='php-src.ext.phar.tests' name='phar_get_supportedcomp4.phpt - Phar::getSupportedCompression() (none)' time='0.0156'>
<skipped><![CDATA[
bz2 is available
]]></skipped>
</testcase>
<testcase classname='php-src.ext.phar.tests' name='phar_gobyebye-win32.phpt - Phar: test edge cases of intercepted functions when the underlying phar archive has been unlinkArchive()d' time='0.0101'>
<skipped><![CDATA[
Extra warning on Windows.
]]></skipped>
</testcase>
<testcase classname='php-src.ext.phar.tests' name='phar_gobyebye.phpt - Phar: test edge cases of intercepted functions when the underlying phar archive has been unlinkArchive()d' time='0.0332'>
</testcase>
<testcase classname='php-src.ext.phar.tests' name='phar_gzip.phpt - Phar: gzipped phar' time='0.0352'>
</testcase>
<testcase classname='php-src.ext.phar.tests' name='phar_gzipU.phpt - Phar: gzipped phar' time='0.0077'>
<skipped><![CDATA[
Unicode support required
]]></skipped>
</testcase>
<testcase classname='php-src.ext.phar.tests' name='phar_isvalidpharfilename.phpt - Phar: Phar::isValidPharFilename()' time='0.0284'>
</testcase>
<testcase classname='php-src.ext.phar.tests' name='phar_magic.phpt - Phar: include/fopen magic' time='0.0217'>
</testcase>
<testcase classname='php-src.ext.phar.tests' name='phar_metadata_read.phpt - Phar with metadata (read)' time='0.0234'>
</testcase>
<testcase classname='php-src.ext.phar.tests' name='phar_metadata_readU.phpt - Phar with metadata (read)' time='0.0145'>
<skipped><![CDATA[
Unicode support required
]]></skipped>
</testcase>
<testcase classname='php-src.ext.phar.tests' name='phar_metadata_write.phpt - Phar with metadata (write)' time='0.0370'>
</testcase>
<testcase classname='php-src.ext.phar.tests' name='phar_metadata_writeU.phpt - Phar with metadata (write)' time='0.0104'>
<skipped><![CDATA[
Unicode support required
]]></skipped>
</testcase>
<testcase classname='php-src.ext.phar.tests' name='phar_mount.phpt - Phar: Phar::mount' time='0.0221'>
</testcase>
<testcase classname='php-src.ext.phar.tests' name='phar_offset_check.phpt - Phar: disallow stub and alias setting via offset*() methods' time='0.0219'>
</testcase>
<testcase classname='php-src.ext.phar.tests' name='phar_offset_get_error.phpt - Phar: ignore filenames starting with / on offsetSet' time='0.0225'>
</testcase>
<testcase classname='php-src.ext.phar.tests' name='phar_oo_001.phpt - Phar object: basics' time='0.0261'>
</testcase>
<testcase classname='php-src.ext.phar.tests' name='phar_oo_001U.phpt - Phar object: basics' time='0.0089'>
<skipped><![CDATA[
Unicode support required
]]></skipped>
</testcase>
<testcase classname='php-src.ext.phar.tests' name='phar_oo_002.phpt - Phar object: iterator &amp; entries' time='0.0243'>
</testcase>
<testcase classname='php-src.ext.phar.tests' name='phar_oo_002U.phpt - Phar object: iterator &amp; entries' time='0.0184'>
<skipped><![CDATA[
requires Unicode support
]]></skipped>
</testcase>
<testcase classname='php-src.ext.phar.tests' name='phar_oo_003.phpt - Phar object: entry &amp; openFile()' time='0.0273'>
</testcase>
<testcase classname='php-src.ext.phar.tests' name='phar_oo_004.phpt - Phar and DirectoryIterator' time='0.0306'>
</testcase>
<testcase classname='php-src.ext.phar.tests' name='phar_oo_004U.phpt - Phar and DirectoryIterator' time='0.0148'>
<skipped><![CDATA[
requires Unicode support
]]></skipped>
</testcase>
<testcase classname='php-src.ext.phar.tests' name='phar_oo_005.phpt - Phar and RecursiveDirectoryIterator' time='0.0106'>
<skipped><![CDATA[
requires 5.3
]]></skipped>
</testcase>
<testcase classname='php-src.ext.phar.tests' name='phar_oo_005U.phpt - Phar and RecursiveDirectoryIterator' time='0.0134'>
<skipped><![CDATA[
requires Unicode support
]]></skipped>
</testcase>
<testcase classname='php-src.ext.phar.tests' name='phar_oo_005_5.2.phpt - Phar and RecursiveDirectoryIterator' time='0.0150'>
<skipped><![CDATA[
requires 5.2 or earlier
]]></skipped>
</testcase>
<testcase classname='php-src.ext.phar.tests' name='phar_oo_006.phpt - Phar object: array access' time='0.0317'>
</testcase>
<testcase classname='php-src.ext.phar.tests' name='phar_oo_007.phpt - Phar object: access through SplFileObject' time='0.0298'>
</testcase>
<testcase classname='php-src.ext.phar.tests' name='phar_oo_008.phpt - Phar object: iterating via SplFileObject' time='0.0404'>
</testcase>
<testcase classname='php-src.ext.phar.tests' name='phar_oo_009.phpt - Phar object: iterating via SplFileObject and reading csv' time='0.0332'>
</testcase>
<testcase classname='php-src.ext.phar.tests' name='phar_oo_010.phpt - Phar object: ArrayAccess and isset' time='0.0362'>
</testcase>
<testcase classname='php-src.ext.phar.tests' name='phar_oo_011.phpt - Phar object: add file' time='0.0281'>
</testcase>
<testcase classname='php-src.ext.phar.tests' name='phar_oo_011b.phpt - Phar object: add file' time='0.0339'>
</testcase>
<testcase classname='php-src.ext.phar.tests' name='phar_oo_012.phpt - Phar object: unset file' time='0.0323'>
</testcase>
<testcase classname='php-src.ext.phar.tests' name='phar_oo_012_confirm.phpt - Phar object: unset file (confirm disk file is changed)' time='0.0299'>
</testcase>
<testcase classname='php-src.ext.phar.tests' name='phar_oo_012b.phpt - Phar object: unset file' time='0.0276'>
</testcase>
<testcase classname='php-src.ext.phar.tests' name='phar_oo_compressallbz2.phpt - Phar::compressFiles(Phar::BZ2)' time='0.0231'>
</testcase>
<testcase classname='php-src.ext.phar.tests' name='phar_oo_compressallgz.phpt - Phar::compressFiles(Phar::GZ)' time='0.0334'>
</testcase>
<testcase classname='php-src.ext.phar.tests' name='phar_oo_compressed_001.phpt - Phar: PharFileInfo::compress(Phar::GZ)' time='0.0294'>
</testcase>
<testcase classname='php-src.ext.phar.tests' name='phar_oo_compressed_001b.phpt - Phar: PharFileInfo::compress(Phar::BZ2)' time='0.0315'>
</testcase>
<testcase classname='php-src.ext.phar.tests' name='phar_oo_compressed_002.phpt - Phar: context/compress=GZ' time='0.0273'>
</testcase>
<testcase classname='php-src.ext.phar.tests' name='phar_oo_compressed_002b.phpt - Phar: context/compress=BZip2' time='0.0367'>
</testcase>
<testcase classname='php-src.ext.phar.tests' name='phar_oo_getcontents.phpt - Phar object: getContent()' time='0.0308'>
</testcase>
<testcase classname='php-src.ext.phar.tests' name='phar_oo_getcontentsgz.phpt - Phar object: getContent() (verify it works with compression)' time='0.0267'>
</testcase>
<testcase classname='php-src.ext.phar.tests' name='phar_oo_getmodified.phpt - Phar::getModified()' time='0.0322'>
</testcase>
<testcase classname='php-src.ext.phar.tests' name='phar_oo_iswriteable.phpt - Phar::isWriteable' time='0.0335'>
</testcase>
<testcase classname='php-src.ext.phar.tests' name='phar_oo_nosig.phpt - Phar::getSignature() no signature' time='0.0244'>
</testcase>
<testcase classname='php-src.ext.phar.tests' name='phar_oo_uncompressall.phpt - Phar::decompressFiles()' time='0.0257'>
</testcase>
<testcase classname='php-src.ext.phar.tests' name='phar_running.phpt - Phar: Phar::running()' time='0.0213'>
</testcase>
<testcase classname='php-src.ext.phar.tests' name='phar_setalias.phpt - Phar::setAlias()' time='0.0328'>
</testcase>
<testcase classname='php-src.ext.phar.tests' name='phar_setalias2.phpt - Phar::setAlias() error' time='0.0313'>
</testcase>
<testcase classname='php-src.ext.phar.tests' name='phar_setdefaultstub.phpt - Phar: Phar::setDefaultStub() with and without arg' time='0.0387'>
</testcase>
<testcase classname='php-src.ext.phar.tests' name='phar_setsignaturealgo1.phpt - Phar::setSignatureAlgorithm()' time='0.0111'>
<skipped><![CDATA[
extension hash conflicts
]]></skipped>
</testcase>
<testcase classname='php-src.ext.phar.tests' name='phar_setsignaturealgo2.phpt - Phar::setSupportedSignatures() with hash' time='0.0145'>
<skipped><![CDATA[
openssl support required
]]></skipped>
</testcase>
<testcase classname='php-src.ext.phar.tests' name='phar_stub.phpt - Phar::setStub()' time='0.0316'>
</testcase>
<testcase classname='php-src.ext.phar.tests' name='phar_stub_error.phpt - Phar::setStub()/getStub()' time='0.0337'>
</testcase>
<testcase classname='php-src.ext.phar.tests' name='phar_stub_write.phpt - Phar::setStub()/getStub()' time='0.0295'>
</testcase>
<testcase classname='php-src.ext.phar.tests' name='phar_stub_write_file.phpt - Phar::setStub()/getStub() from file' time='0.0273'>
</testcase>
<testcase classname='php-src.ext.phar.tests' name='phar_unlinkarchive.phpt - Phar::unlinkArchive()' time='0.0330'>
</testcase>
<testcase classname='php-src.ext.phar.tests' name='pharfileinfo_chmod.phpt - Phar: PharFileInfo::chmod extra code coverage' time='0.0377'>
</testcase>
<testcase classname='php-src.ext.phar.tests' name='pharfileinfo_compression.phpt - Phar: PharFileInfo compression-related methods' time='0.0310'>
</testcase>
<testcase classname='php-src.ext.phar.tests' name='pharfileinfo_construct.phpt - Phar: PharFileInfo::__construct' time='0.0310'>
</testcase>
<testcase classname='php-src.ext.phar.tests' name='pharfileinfo_destruct.phpt - Phar: PharFileInfo::__destruct' time='0.0173'>
</testcase>
<testcase classname='php-src.ext.phar.tests' name='pharfileinfo_getcrc32.phpt - Phar: PharFileInfo::getCRC32' time='0.0314'>
</testcase>
<testcase classname='php-src.ext.phar.tests' name='pharfileinfo_setmetadata.phpt - Phar: PharFileInfo::setMetadata/delMetadata extra code coverage' time='0.0299'>
</testcase>
<testcase classname='php-src.ext.phar.tests' name='phpinfo_001.phpt - Phar: phpinfo display 1' time='0.0507'>
<failure type='FAILED' message=''><![CDATA[
 001+ phpinfo()
002+ 
003+ bcmath
004+ 
005+ BCMath support => enabled
006+ 
007+ Directive => Local Value => Master Value
008+ bcmath.scale => 0 => 0
009+ 
010+ bz2
011+ 
012+ BZip2 Support => Enabled
013+ Stream Wrapper support => compress.bzip2://
014+ Stream Filter support => bzip2.decompress, bzip2.compress
015+ BZip2 Version => 1.0.5, 10-Dec-2007
016+ 
017+ calendar
018+ 
019+ Calendar support => enabled
020+ 
021+ Core
022+ 
023+ PHP Version => 5.5.0-dev
001- %aPhar
003- Phar: PHP Archive support => enabled
004- Phar EXT version => %s
005- Phar API version => 1.1.1
006- SVN revision => %sRevision: %s $
007- Phar-based phar archives => enabled
008- Tar-based phar archives => enabled
009- ZIP-based phar archives => enabled
010- gzip compression => enabled
011- bzip2 compression => enabled
012- OpenSSL support => disabled (install ext/openssl)
013- 
014- 
015- Phar based on pear/PHP_Archive, original concept by Davey Shafik.
016- Phar fully realized by Gregory Beaver and Marcus Boerger.
017- Portions of tar implementation Copyright (c) %d-%d Tim Kientzle.
019- phar.cache_list => no value => no value
020- phar.readonly => Off => Off
021- phar.require_hash => Off => Off
023- Phar
025+ Directive => Local Value => Master Value
026+ allow_url_fopen => On => On
027+ allow_url_include => Off => Off
028+ always_populate_raw_post_data => Off => Off
029+ arg_separator.input => & => &
030+ arg_separator.output => & => &
031+ asp_tags => Off => Off
032+ auto_append_file => no value => no value
033+ auto_globals_jit => On => On
034+ auto_prepend_file => no value => no value
035+ browscap => no value => no value
036+ default_charset => no value => no value
037+ default_mimetype => text/html => text/html
038+ disable_classes => no value => no value
039+ disable_functions => no value => no value
040+ display_errors => STDOUT => STDOUT
041+ display_startup_errors => On => On
042+ doc_root => no value => no value
043+ docref_ext => .html => .html
044+ docref_root => no value => no value
045+ enable_dl => On => On
046+ enable_post_data_reading => On => On
047+ error_append_string => no value => no value
048+ error_log => no value => no value
049+ error_prepend_string => no value => no value
050+ error_reporting => 32767 => 32767
051+ exit_on_timeout => Off => Off
052+ expose_php => On => On
053+ extension_dir => /usr/local/lib/php/extensions/no-debug-non-zts-20100525 => /usr/local/lib/php/extensions/no-debug-non-zts-20100525
054+ file_uploads => On => On
055+ highlight.comment => <font style="color: #FF8000">#FF8000</font> => <font style="color: #FF8000">#FF8000</font>
056+ highlight.default => <font style="color: #0000BB">#0000BB</font> => <font style="color: #0000BB">#0000BB</font>
057+ highlight.html => <font style="color: #000000">#000000</font> => <font style="color: #000000">#000000</font>
058+ highlight.keyword => <font style="color: #007700">#007700</font> => <font style="color: #007700">#007700</font>
059+ highlight.string => <font style="color: #DD0000">#DD0000</font> => <font style="color: #DD0000">#DD0000</font>
060+ html_errors => Off => Off
061+ ignore_repeated_errors => Off => Off
062+ ignore_repeated_source => Off => Off
063+ ignore_user_abort => Off => Off
064+ implicit_flush => On => On
065+ include_path => .:/usr/local/lib/php => .:/usr/local/lib/php
066+ log_errors => Off => Off
067+ log_errors_max_len => 1024 => 1024
068+ mail.add_x_header => Off => Off
069+ mail.force_extra_parameters => no value => no value
070+ mail.log => no value => no value
071+ max_execution_time => 0 => 0
072+ max_file_uploads => 20 => 20
073+ max_input_nesting_level => 64 => 64
074+ max_input_time => -1 => -1
075+ memory_limit => 128M => 128M
076+ open_basedir => no value => no value
077+ output_buffering => no value => no value
078+ output_handler => no value => no value
079+ post_max_size => 8M => 8M
080+ precision => 14 => 14
081+ realpath_cache_size => 16K => 16K
082+ realpath_cache_ttl => 120 => 120
083+ register_argc_argv => On => On
084+ report_memleaks => On => On
085+ report_zend_debug => Off => Off
086+ request_order => no value => no value
087+ sendmail_from => no value => no value
088+ sendmail_path =>  -t -i  =>  -t -i 
089+ serialize_precision => 17 => 17
090+ short_open_tag => On => On
091+ SMTP => localhost => localhost
092+ smtp_port => 25 => 25
093+ sql.safe_mode => Off => Off
094+ track_errors => On => On
095+ unserialize_callback_func => no value => no value
096+ upload_max_filesize => 2M => 2M
097+ upload_tmp_dir => no value => no value
098+ user_dir => no value => no value
099+ user_ini.cache_ttl => 300 => 300
100+ user_ini.filename => .user.ini => .user.ini
101+ variables_order => EGPCS => EGPCS
102+ xmlrpc_error_number => 0 => 0
103+ xmlrpc_errors => Off => Off
104+ zend.detect_unicode => On => On
105+ zend.enable_gc => On => On
106+ zend.multibyte => Off => Off
107+ zend.script_encoding => no value => no value
108+ zend.signal_check => Off => Off
109+ 
110+ ctype
111+ 
112+ ctype functions => enabled
113+ 
114+ date
115+ 
116+ date/time support => enabled
117+ "Olson" Timezone Database Version => 2011.14
118+ Timezone Database => internal
119+ 
120+ Warning: phpinfo(): It is not safe to rely on the system's timezone settings. You are *required* to use the date.timezone setting or the date_default_timezone_set() function. In case you used any of those methods and you are still getting this warning, you most likely misspelled the timezone identifier. We selected the timezone 'UTC' for now, but please set date.timezone to select your timezone. in /home/conf/php-src-git/ext/phar/tests/phpinfo_001.php on line 2
121+ Default timezone => UTC
122+ 
025- Phar: PHP Archive support => enabled
026- Phar EXT version => %s
027- Phar API version => 1.1.1
028- SVN revision => %sRevision: %s $
029- Phar-based phar archives => enabled
030- Tar-based phar archives => enabled
031- ZIP-based phar archives => enabled
032- gzip compression => enabled
033- bzip2 compression => enabled
034- OpenSSL support => disabled (install ext/openssl)
037- Phar based on pear/PHP_Archive, original concept by Davey Shafik.
038- Phar fully realized by Gregory Beaver and Marcus Boerger.
039- Portions of tar implementation Copyright (c) %d-%d Tim Kientzle.
045- ===DONE===
124+ date.default_latitude => 31.7667 => 31.7667
125+ date.default_longitude => 35.2333 => 35.2333
126+ date.sunrise_zenith => 90.583333 => 90.583333
127+ date.sunset_zenith => 90.583333 => 90.583333
128+ date.timezone => no value => no value
129+ 
132+ DOM/XML => enabled
133+ DOM/XML API Version => 20031129
134+ libxml Version => 2.7.8
135+ HTML Support => enabled
136+ XPath Support => enabled
137+ XPointer Support => enabled
138+ Schema Support => enabled
139+ RelaxNG Support => enabled
140+ 
141+ ereg
142+ 
143+ Regex Library => Bundled library enabled
144+ 
145+ exif
146+ 
147+ EXIF Support => enabled
148+ EXIF Version => 1.4 $Id$
149+ Supported EXIF Version => 0220
150+ Supported filetypes => JPEG,TIFF
152+ Directive => Local Value => Master Value
153+ exif.decode_jis_intel => JIS => JIS
154+ exif.decode_jis_motorola => JIS => JIS
155+ exif.decode_unicode_intel => UCS-2LE => UCS-2LE
156+ exif.decode_unicode_motorola => UCS-2BE => UCS-2BE
157+ exif.encode_jis => no value => no value
158+ exif.encode_unicode => ISO-8859-15 => ISO-8859-15
160+ fileinfo
161+ 
162+ fileinfo support => enabled
163+ version => 1.0.5-dev
164+ 
165+ filter
166+ 
167+ Input Validation and Filtering => enabled
168+ Revision => $Revision$
169+ 
171+ filter.default => unsafe_raw => unsafe_raw
172+ filter.default_flags => no value => no value
173+ 
174+ gd
175+ 
176+ GD Support => enabled
177+ GD Version => bundled (2.0.34 compatible)
178+ FreeType Support => enabled
179+ FreeType Linkage => with freetype
180+ FreeType Version => 2.4.4
181+ GIF Read Support => enabled
182+ GIF Create Support => enabled
183+ JPEG Support => enabled
184+ libJPEG Version => 8
185+ PNG Support => enabled
186+ libPNG Version => 1.2.46
187+ WBMP Support => enabled
188+ XBM Support => enabled
189+ 
190+ Directive => Local Value => Master Value
191+ gd.jpeg_ignore_warning => 0 => 0
192+ 
193+ gettext
194+ 
195+ GetText Support => enabled
196+ 
197+ hash
198+ 
199+ hash support => enabled
200+ Hashing Engines => md2 md4 md5 sha1 sha224 sha256 sha384 sha512 ripemd128 ripemd160 ripemd256 ripemd320 whirlpool tiger128,3 tiger160,3 tiger192,3 tiger128,4 tiger160,4 tiger192,4 snefru snefru256 gost adler32 crc32 crc32b salsa10 salsa20 fnv132 fnv164 joaat haval128,3 haval160,3 haval192,3 haval224,3 haval256,3 haval128,4 haval160,4 haval192,4 haval224,4 haval256,4 haval128,5 haval160,5 haval192,5 haval224,5 haval256,5 
201+ 
202+ iconv
203+ 
204+ iconv support => enabled
205+ iconv implementation => glibc
206+ iconv library version => 2.13
207+ 
208+ Directive => Local Value => Master Value
209+ iconv.input_encoding => ISO-8859-1 => ISO-8859-1
210+ iconv.internal_encoding => ISO-8859-1 => ISO-8859-1
211+ iconv.output_encoding => ISO-8859-1 => ISO-8859-1
212+ 
213+ json
214+ 
215+ json support => enabled
216+ json version => 1.2.1
217+ 
218+ libxml
219+ 
220+ libXML support => active
221+ libXML Compiled Version => 2.7.8
222+ libXML Loaded Version => 20708
223+ libXML streams => enabled
224+ 
225+ mcrypt
226+ 
227+ mcrypt support => enabled
228+ mcrypt_filter support => enabled
229+ Version => 2.5.8
230+ Api No => 20021217
231+ Supported ciphers => cast-128 gost rijndael-128 twofish arcfour cast-256 loki97 rijndael-192 saferplus wake blowfish-compat des rijndael-256 serpent xtea blowfish enigma rc2 tripledes 
232+ Supported modes => cbc cfb ctr ecb ncfb nofb ofb stream 
233+ 
234+ Directive => Local Value => Master Value
235+ mcrypt.algorithms_dir => no value => no value
236+ mcrypt.modes_dir => no value => no value
237+ 
238+ mhash
239+ 
240+ MHASH support => Enabled
241+ MHASH API Version => Emulated Support
242+ 
243+ mysql
244+ 
245+ MySQL Support => enabled
246+ Active Persistent Links => 0
247+ Active Links => 0
248+ Client API version => mysqlnd 5.0.10-dev - 20111026 - $Revision$
249+ 
250+ Directive => Local Value => Master Value
251+ mysql.allow_local_infile => On => On
252+ mysql.allow_persistent => On => On
253+ mysql.connect_timeout => 60 => 60
254+ mysql.default_host => no value => no value
255+ mysql.default_password => no value => no value
256+ mysql.default_port => no value => no value
257+ mysql.default_socket => /var/run/mysqld/mysqld.sock => /var/run/mysqld/mysqld.sock
258+ mysql.default_user => no value => no value
259+ mysql.max_links => Unlimited => Unlimited
260+ mysql.max_persistent => Unlimited => Unlimited
261+ mysql.trace_mode => Off => Off
262+ 
263+ mysqlnd
264+ 
265+ mysqlnd => enabled
266+ Version => mysqlnd 5.0.10-dev - 20111026 - $Revision$
267+ Compression => supported
268+ SSL => supported
269+ Command buffer size => 4096
270+ Read buffer size => 32768
271+ Read timeout => 31536000
272+ Collecting statistics => Yes
273+ Collecting memory statistics => No
274+ Tracing => n/a
275+ Loaded plugins => mysqlnd,example,debug_trace,auth_plugin_mysql_native_password,auth_plugin_mysql_clear_password
276+ API Extensions => mysql
277+ 
278+ mysqlnd statistics =>  
279+ bytes_sent => 0
280+ bytes_received => 0
281+ packets_sent => 0
282+ packets_received => 0
283+ protocol_overhead_in => 0
284+ protocol_overhead_out => 0
285+ bytes_received_ok_packet => 0
286+ bytes_received_eof_packet => 0
287+ bytes_received_rset_header_packet => 0
288+ bytes_received_rset_field_meta_packet => 0
289+ bytes_received_rset_row_packet => 0
290+ bytes_received_prepare_response_packet => 0
291+ bytes_received_change_user_packet => 0
292+ packets_sent_command => 0
293+ packets_received_ok => 0
294+ packets_received_eof => 0
295+ packets_received_rset_header => 0
296+ packets_received_rset_field_meta => 0
297+ packets_received_rset_row => 0
298+ packets_received_prepare_response => 0
299+ packets_received_change_user => 0
300+ result_set_queries => 0
301+ non_result_set_queries => 0
302+ no_index_used => 0
303+ bad_index_used => 0
304+ slow_queries => 0
305+ buffered_sets => 0
306+ unbuffered_sets => 0
307+ ps_buffered_sets => 0
308+ ps_unbuffered_sets => 0
309+ flushed_normal_sets => 0
310+ flushed_ps_sets => 0
311+ ps_prepared_never_executed => 0
312+ ps_prepared_once_executed => 0
313+ rows_fetched_from_server_normal => 0
314+ rows_fetched_from_server_ps => 0
315+ rows_buffered_from_client_normal => 0
316+ rows_buffered_from_client_ps => 0
317+ rows_fetched_from_client_normal_buffered => 0
318+ rows_fetched_from_client_normal_unbuffered => 0
319+ rows_fetched_from_client_ps_buffered => 0
320+ rows_fetched_from_client_ps_unbuffered => 0
321+ rows_fetched_from_client_ps_cursor => 0
322+ rows_affected_normal => 0
323+ rows_affected_ps => 0
324+ rows_skipped_normal => 0
325+ rows_skipped_ps => 0
326+ copy_on_write_saved => 0
327+ copy_on_write_performed => 0
328+ command_buffer_too_small => 0
329+ connect_success => 0
330+ connect_failure => 0
331+ connection_reused => 0
332+ reconnect => 0
333+ pconnect_success => 0
334+ active_connections => 0
335+ active_persistent_connections => 0
336+ explicit_close => 0
337+ implicit_close => 0
338+ disconnect_close => 0
339+ in_middle_of_command_close => 0
340+ explicit_free_result => 0
341+ implicit_free_result => 0
342+ explicit_stmt_close => 0
343+ implicit_stmt_close => 0
344+ mem_emalloc_count => 0
345+ mem_emalloc_amount => 0
346+ mem_ecalloc_count => 0
347+ mem_ecalloc_amount => 0
348+ mem_erealloc_count => 0
349+ mem_erealloc_amount => 0
350+ mem_efree_count => 0
351+ mem_efree_amount => 0
352+ mem_malloc_count => 0
353+ mem_malloc_amount => 0
354+ mem_calloc_count => 0
355+ mem_calloc_amount => 0
356+ mem_realloc_count => 0
357+ mem_realloc_amount => 0
358+ mem_free_count => 0
359+ mem_free_amount => 0
360+ mem_estrndup_count => 0
361+ mem_strndup_count => 0
362+ mem_estndup_count => 0
363+ mem_strdup_count => 0
364+ proto_text_fetched_null => 0
365+ proto_text_fetched_bit => 0
366+ proto_text_fetched_tinyint => 0
367+ proto_text_fetched_short => 0
368+ proto_text_fetched_int24 => 0
369+ proto_text_fetched_int => 0
370+ proto_text_fetched_bigint => 0
371+ proto_text_fetched_decimal => 0
372+ proto_text_fetched_float => 0
373+ proto_text_fetched_double => 0
374+ proto_text_fetched_date => 0
375+ proto_text_fetched_year => 0
376+ proto_text_fetched_time => 0
377+ proto_text_fetched_datetime => 0
378+ proto_text_fetched_timestamp => 0
379+ proto_text_fetched_string => 0
380+ proto_text_fetched_blob => 0
381+ proto_text_fetched_enum => 0
382+ proto_text_fetched_set => 0
383+ proto_text_fetched_geometry => 0
384+ proto_text_fetched_other => 0
385+ proto_binary_fetched_null => 0
386+ proto_binary_fetched_bit => 0
387+ proto_binary_fetched_tinyint => 0
388+ proto_binary_fetched_short => 0
389+ proto_binary_fetched_int24 => 0
390+ proto_binary_fetched_int => 0
391+ proto_binary_fetched_bigint => 0
392+ proto_binary_fetched_decimal => 0
393+ proto_binary_fetched_float => 0
394+ proto_binary_fetched_double => 0
395+ proto_binary_fetched_date => 0
396+ proto_binary_fetched_year => 0
397+ proto_binary_fetched_time => 0
398+ proto_binary_fetched_datetime => 0
399+ proto_binary_fetched_timestamp => 0
400+ proto_binary_fetched_string => 0
401+ proto_binary_fetched_blob => 0
402+ proto_binary_fetched_enum => 0
403+ proto_binary_fetched_set => 0
404+ proto_binary_fetched_geometry => 0
405+ proto_binary_fetched_other => 0
406+ init_command_executed_count => 0
407+ init_command_failed_count => 0
408+ com_quit => 0
409+ com_init_db => 0
410+ com_query => 0
411+ com_field_list => 0
412+ com_create_db => 0
413+ com_drop_db => 0
414+ com_refresh => 0
415+ com_shutdown => 0
416+ com_statistics => 0
417+ com_process_info => 0
418+ com_connect => 0
419+ com_process_kill => 0
420+ com_debug => 0
421+ com_ping => 0
422+ com_time => 0
423+ com_delayed_insert => 0
424+ com_change_user => 0
425+ com_binlog_dump => 0
426+ com_table_dump => 0
427+ com_connect_out => 0
428+ com_register_slave => 0
429+ com_stmt_prepare => 0
430+ com_stmt_execute => 0
431+ com_stmt_send_long_data => 0
432+ com_stmt_close => 0
433+ com_stmt_reset => 0
434+ com_stmt_set_option => 0
435+ com_stmt_fetch => 0
436+ com_deamon => 0
437+ bytes_received_real_data_normal => 0
438+ bytes_received_real_data_ps => 0
439+ 
440+ example statistics =>  
441+ stat1 => 0
442+ stat2 => 0
443+ 
444+ pcre
445+ 
446+ PCRE (Perl Compatible Regular Expressions) Support => enabled
447+ PCRE Library Version => 8.12 2011-01-15
448+ 
449+ Directive => Local Value => Master Value
450+ pcre.backtrack_limit => 1000000 => 1000000
451+ pcre.recursion_limit => 100000 => 100000
452+ 
453+ PDO
454+ 
455+ PDO support => enabled
456+ PDO drivers => sqlite
457+ 
458+ pdo_sqlite
459+ 
460+ PDO Driver for SQLite 3.x => enabled
461+ SQLite Library => 3.7.7.1
462+ 
463+ Phar
464+ 
465+ Phar: PHP Archive support => enabled
466+ Phar EXT version => 2.0.1
467+ Phar API version => 1.1.1
468+ SVN revision => $Revision$
469+ Phar-based phar archives => enabled
470+ Tar-based phar archives => enabled
471+ ZIP-based phar archives => enabled
472+ gzip compression => enabled
473+ bzip2 compression => enabled
474+ OpenSSL support => disabled (install ext/openssl)
475+ 
476+ 
477+ Phar based on pear/PHP_Archive, original concept by Davey Shafik.
478+ Phar fully realized by Gregory Beaver and Marcus Boerger.
479+ Portions of tar implementation Copyright (c) 2003-2009 Tim Kientzle.
480+ Directive => Local Value => Master Value
482+ phar.readonly => Off => Off
483+ phar.require_hash => Off => Off
484+ 
485+ posix
486+ 
487+ Revision => $Revision$
488+ 
489+ Reflection
490+ 
491+ Reflection => enabled
492+ Version => $Revision$
493+ 
494+ session
495+ 
496+ Session Support => enabled
497+ Registered save handlers => files user 
498+ Registered serializer handlers => php php_binary 
499+ 
500+ Directive => Local Value => Master Value
501+ session.auto_start => Off => Off
502+ session.cache_expire => 180 => 180
503+ session.cache_limiter => nocache => nocache
504+ session.cookie_domain => no value => no value
505+ session.cookie_httponly => Off => Off
506+ session.cookie_lifetime => 0 => 0
507+ session.cookie_path => / => /
508+ session.cookie_secure => Off => Off
509+ session.entropy_file => /dev/urandom => /dev/urandom
510+ session.entropy_length => 32 => 32
511+ session.gc_divisor => 100 => 100
512+ session.gc_maxlifetime => 1440 => 1440
513+ session.gc_probability => 1 => 1
514+ session.hash_bits_per_character => 4 => 4
515+ session.hash_function => 0 => 0
516+ session.name => PHPSESSID => PHPSESSID
517+ session.referer_check => no value => no value
518+ session.save_handler => files => files
519+ session.save_path => no value => no value
520+ session.serialize_handler => php => php
521+ session.upload_progress.cleanup => On => On
522+ session.upload_progress.enabled => On => On
523+ session.upload_progress.freq => 1% => 1%
524+ session.upload_progress.min_freq => 1 => 1
525+ session.upload_progress.name => PHP_SESSION_UPLOAD_PROGRESS => PHP_SESSION_UPLOAD_PROGRESS
526+ session.upload_progress.prefix => upload_progress_ => upload_progress_
527+ session.use_cookies => On => On
528+ session.use_only_cookies => On => On
529+ session.use_trans_sid => 0 => 0
530+ 
531+ SimpleXML
532+ 
533+ Simplexml support => enabled
534+ Revision => $Revision$
535+ Schema support => enabled
536+ 
537+ SPL
538+ 
539+ SPL support => enabled
540+ Interfaces => Countable, OuterIterator, RecursiveIterator, SeekableIterator, SplObserver, SplSubject
541+ Classes => AppendIterator, ArrayIterator, ArrayObject, BadFunctionCallException, BadMethodCallException, CachingIterator, CallbackFilterIterator, DirectoryIterator, DomainException, EmptyIterator, FilesystemIterator, FilterIterator, GlobIterator, InfiniteIterator, InvalidArgumentException, IteratorIterator, LengthException, LimitIterator, LogicException, MultipleIterator, NoRewindIterator, OutOfBoundsException, OutOfRangeException, OverflowException, ParentIterator, RangeException, RecursiveArrayIterator, RecursiveCachingIterator, RecursiveCallbackFilterIterator, RecursiveDirectoryIterator, RecursiveFilterIterator, RecursiveIteratorIterator, RecursiveRegexIterator, RecursiveTreeIterator, RegexIterator, RuntimeException, SplDoublyLinkedList, SplFileInfo, SplFileObject, SplFixedArray, SplHeap, SplMinHeap, SplMaxHeap, SplObjectStorage, SplPriorityQueue, SplQueue, SplStack, SplTempFileObject, UnderflowException, UnexpectedValueException
542+ 
543+ sqlite3
544+ 
545+ SQLite3 support => enabled
546+ SQLite3 module version => 0.7-dev
547+ SQLite Library => 3.7.7.1
548+ 
549+ Directive => Local Value => Master Value
550+ sqlite3.extension_dir => no value => no value
551+ 
552+ standard
553+ 
554+ Dynamic Library Support => enabled
555+ Path to sendmail =>  -t -i 
556+ 
557+ Directive => Local Value => Master Value
558+ assert.active => 1 => 1
559+ assert.bail => 0 => 0
560+ assert.callback => no value => no value
561+ assert.quiet_eval => 0 => 0
562+ assert.warning => 1 => 1
563+ auto_detect_line_endings => 0 => 0
564+ default_socket_timeout => 60 => 60
565+ from => no value => no value
566+ url_rewriter.tags => a=href,area=href,frame=src,form=,fieldset= => a=href,area=href,frame=src,form=,fieldset=
567+ user_agent => no value => no value
568+ 
569+ tokenizer
570+ 
571+ Tokenizer Support => enabled
572+ 
573+ xml
574+ 
575+ XML Support => active
576+ XML Namespace Support => active
577+ libxml2 Version => 2.7.8
578+ 
579+ xmlreader
580+ 
581+ XMLReader => enabled
582+ 
583+ xmlwriter
584+ 
585+ XMLWriter => enabled
586+ 
587+ zlib
588+ 
589+ ZLib Support => enabled
590+ Stream Wrapper => compress.zlib://
591+ Stream Filter => zlib.inflate, zlib.deflate
592+ Compiled Version => 1.2.3.4
593+ Linked Version => 1.2.3.4
594+ 
595+ Directive => Local Value => Master Value
596+ zlib.output_compression => Off => Off
597+ zlib.output_compression_level => -1 => -1
598+ zlib.output_handler => no value => no value
599+ 
600+ Additional Modules
601+ 
602+ Module Name
603+ phpinfo()
604+ 
605+ bcmath
606+ 
607+ BCMath support => enabled
608+ 
609+ Directive => Local Value => Master Value
610+ bcmath.scale => 0 => 0
611+ 
612+ bz2
613+ 
614+ BZip2 Support => Enabled
615+ Stream Wrapper support => compress.bzip2://
616+ Stream Filter support => bzip2.decompress, bzip2.compress
617+ BZip2 Version => 1.0.5, 10-Dec-2007
618+ 
619+ calendar
620+ 
621+ Calendar support => enabled
622+ 
623+ Core
624+ 
625+ PHP Version => 5.5.0-dev
626+ 
627+ Directive => Local Value => Master Value
628+ allow_url_fopen => On => On
629+ allow_url_include => Off => Off
630+ always_populate_raw_post_data => Off => Off
631+ arg_separator.input => & => &
632+ arg_separator.output => & => &
633+ asp_tags => Off => Off
634+ auto_append_file => no value => no value
635+ auto_globals_jit => On => On
636+ auto_prepend_file => no value => no value
637+ browscap => no value => no value
638+ default_charset => no value => no value
639+ default_mimetype => text/html => text/html
640+ disable_classes => no value => no value
641+ disable_functions => no value => no value
642+ display_errors => STDOUT => STDOUT
643+ display_startup_errors => On => On
644+ doc_root => no value => no value
645+ docref_ext => .html => .html
646+ docref_root => no value => no value
647+ enable_dl => On => On
648+ enable_post_data_reading => On => On
649+ error_append_string => no value => no value
650+ error_log => no value => no value
651+ error_prepend_string => no value => no value
652+ error_reporting => 32767 => 32767
653+ exit_on_timeout => Off => Off
654+ expose_php => On => On
655+ extension_dir => /usr/local/lib/php/extensions/no-debug-non-zts-20100525 => /usr/local/lib/php/extensions/no-debug-non-zts-20100525
656+ file_uploads => On => On
657+ highlight.comment => <font style="color: #FF8000">#FF8000</font> => <font style="color: #FF8000">#FF8000</font>
658+ highlight.default => <font style="color: #0000BB">#0000BB</font> => <font style="color: #0000BB">#0000BB</font>
659+ highlight.html => <font style="color: #000000">#000000</font> => <font style="color: #000000">#000000</font>
660+ highlight.keyword => <font style="color: #007700">#007700</font> => <font style="color: #007700">#007700</font>
661+ highlight.string => <font style="color: #DD0000">#DD0000</font> => <font style="color: #DD0000">#DD0000</font>
662+ html_errors => Off => Off
663+ ignore_repeated_errors => Off => Off
664+ ignore_repeated_source => Off => Off
665+ ignore_user_abort => Off => Off
666+ implicit_flush => On => On
667+ include_path => .:/usr/local/lib/php => .:/usr/local/lib/php
668+ log_errors => Off => Off
669+ log_errors_max_len => 1024 => 1024
670+ mail.add_x_header => Off => Off
671+ mail.force_extra_parameters => no value => no value
672+ mail.log => no value => no value
673+ max_execution_time => 0 => 0
674+ max_file_uploads => 20 => 20
675+ max_input_nesting_level => 64 => 64
676+ max_input_time => -1 => -1
677+ memory_limit => 128M => 128M
678+ open_basedir => no value => no value
679+ output_buffering => no value => no value
680+ output_handler => no value => no value
681+ post_max_size => 8M => 8M
682+ precision => 14 => 14
683+ realpath_cache_size => 16K => 16K
684+ realpath_cache_ttl => 120 => 120
685+ register_argc_argv => On => On
686+ report_memleaks => On => On
687+ report_zend_debug => Off => Off
688+ request_order => no value => no value
689+ sendmail_from => no value => no value
690+ sendmail_path =>  -t -i  =>  -t -i 
691+ serialize_precision => 17 => 17
692+ short_open_tag => On => On
693+ SMTP => localhost => localhost
694+ smtp_port => 25 => 25
695+ sql.safe_mode => Off => Off
696+ track_errors => On => On
697+ unserialize_callback_func => no value => no value
698+ upload_max_filesize => 2M => 2M
699+ upload_tmp_dir => no value => no value
700+ user_dir => no value => no value
701+ user_ini.cache_ttl => 300 => 300
702+ user_ini.filename => .user.ini => .user.ini
703+ variables_order => EGPCS => EGPCS
704+ xmlrpc_error_number => 0 => 0
705+ xmlrpc_errors => Off => Off
706+ zend.detect_unicode => On => On
707+ zend.enable_gc => On => On
708+ zend.multibyte => Off => Off
709+ zend.script_encoding => no value => no value
710+ zend.signal_check => Off => Off
711+ 
712+ ctype
713+ 
714+ ctype functions => enabled
715+ 
716+ date
717+ 
718+ date/time support => enabled
719+ "Olson" Timezone Database Version => 2011.14
720+ Timezone Database => internal
721+ 
722+ Warning: phpinfo(): It is not safe to rely on the system's timezone settings. You are *required* to use the date.timezone setting or the date_default_timezone_set() function. In case you used any of those methods and you are still getting this warning, you most likely misspelled the timezone identifier. We selected the timezone 'UTC' for now, but please set date.timezone to select your timezone. in /home/conf/php-src-git/ext/phar/tests/phpinfo_001.php on line 5
723+ Default timezone => UTC
724+ 
725+ Directive => Local Value => Master Value
726+ date.default_latitude => 31.7667 => 31.7667
727+ date.default_longitude => 35.2333 => 35.2333
728+ date.sunrise_zenith => 90.583333 => 90.583333
729+ date.sunset_zenith => 90.583333 => 90.583333
730+ date.timezone => no value => no value
731+ 
732+ dom
733+ 
734+ DOM/XML => enabled
735+ DOM/XML API Version => 20031129
736+ libxml Version => 2.7.8
737+ HTML Support => enabled
738+ XPath Support => enabled
739+ XPointer Support => enabled
740+ Schema Support => enabled
741+ RelaxNG Support => enabled
742+ 
743+ ereg
744+ 
745+ Regex Library => Bundled library enabled
746+ 
747+ exif
748+ 
749+ EXIF Support => enabled
750+ EXIF Version => 1.4 $Id$
751+ Supported EXIF Version => 0220
752+ Supported filetypes => JPEG,TIFF
753+ 
754+ Directive => Local Value => Master Value
755+ exif.decode_jis_intel => JIS => JIS
756+ exif.decode_jis_motorola => JIS => JIS
757+ exif.decode_unicode_intel => UCS-2LE => UCS-2LE
758+ exif.decode_unicode_motorola => UCS-2BE => UCS-2BE
759+ exif.encode_jis => no value => no value
760+ exif.encode_unicode => ISO-8859-15 => ISO-8859-15
761+ 
762+ fileinfo
763+ 
764+ fileinfo support => enabled
765+ version => 1.0.5-dev
766+ 
767+ filter
768+ 
769+ Input Validation and Filtering => enabled
770+ Revision => $Revision$
771+ 
772+ Directive => Local Value => Master Value
773+ filter.default => unsafe_raw => unsafe_raw
774+ filter.default_flags => no value => no value
775+ 
776+ gd
777+ 
778+ GD Support => enabled
779+ GD Version => bundled (2.0.34 compatible)
780+ FreeType Support => enabled
781+ FreeType Linkage => with freetype
782+ FreeType Version => 2.4.4
783+ GIF Read Support => enabled
784+ GIF Create Support => enabled
785+ JPEG Support => enabled
786+ libJPEG Version => 8
787+ PNG Support => enabled
788+ libPNG Version => 1.2.46
789+ WBMP Support => enabled
790+ XBM Support => enabled
791+ 
792+ Directive => Local Value => Master Value
793+ gd.jpeg_ignore_warning => 0 => 0
794+ 
795+ gettext
796+ 
797+ GetText Support => enabled
798+ 
799+ hash
800+ 
801+ hash support => enabled
802+ Hashing Engines => md2 md4 md5 sha1 sha224 sha256 sha384 sha512 ripemd128 ripemd160 ripemd256 ripemd320 whirlpool tiger128,3 tiger160,3 tiger192,3 tiger128,4 tiger160,4 tiger192,4 snefru snefru256 gost adler32 crc32 crc32b salsa10 salsa20 fnv132 fnv164 joaat haval128,3 haval160,3 haval192,3 haval224,3 haval256,3 haval128,4 haval160,4 haval192,4 haval224,4 haval256,4 haval128,5 haval160,5 haval192,5 haval224,5 haval256,5 
803+ 
804+ iconv
805+ 
806+ iconv support => enabled
807+ iconv implementation => glibc
808+ iconv library version => 2.13
809+ 
810+ Directive => Local Value => Master Value
811+ iconv.input_encoding => ISO-8859-1 => ISO-8859-1
812+ iconv.internal_encoding => ISO-8859-1 => ISO-8859-1
813+ iconv.output_encoding => ISO-8859-1 => ISO-8859-1
814+ 
815+ json
816+ 
817+ json support => enabled
818+ json version => 1.2.1
819+ 
820+ libxml
821+ 
822+ libXML support => active
823+ libXML Compiled Version => 2.7.8
824+ libXML Loaded Version => 20708
825+ libXML streams => enabled
826+ 
827+ mcrypt
828+ 
829+ mcrypt support => enabled
830+ mcrypt_filter support => enabled
831+ Version => 2.5.8
832+ Api No => 20021217
833+ Supported ciphers => cast-128 gost rijndael-128 twofish arcfour cast-256 loki97 rijndael-192 saferplus wake blowfish-compat des rijndael-256 serpent xtea blowfish enigma rc2 tripledes 
834+ Supported modes => cbc cfb ctr ecb ncfb nofb ofb stream 
835+ 
836+ Directive => Local Value => Master Value
837+ mcrypt.algorithms_dir => no value => no value
838+ mcrypt.modes_dir => no value => no value
839+ 
840+ mhash
841+ 
842+ MHASH support => Enabled
843+ MHASH API Version => Emulated Support
844+ 
845+ mysql
846+ 
847+ MySQL Support => enabled
848+ Active Persistent Links => 0
849+ Active Links => 0
850+ Client API version => mysqlnd 5.0.10-dev - 20111026 - $Revision$
851+ 
852+ Directive => Local Value => Master Value
853+ mysql.allow_local_infile => On => On
854+ mysql.allow_persistent => On => On
855+ mysql.connect_timeout => 60 => 60
856+ mysql.default_host => no value => no value
857+ mysql.default_password => no value => no value
858+ mysql.default_port => no value => no value
859+ mysql.default_socket => /var/run/mysqld/mysqld.sock => /var/run/mysqld/mysqld.sock
860+ mysql.default_user => no value => no value
861+ mysql.max_links => Unlimited => Unlimited
862+ mysql.max_persistent => Unlimited => Unlimited
863+ mysql.trace_mode => Off => Off
864+ 
865+ mysqlnd
866+ 
867+ mysqlnd => enabled
868+ Version => mysqlnd 5.0.10-dev - 20111026 - $Revision$
869+ Compression => supported
870+ SSL => supported
871+ Command buffer size => 4096
872+ Read buffer size => 32768
873+ Read timeout => 31536000
874+ Collecting statistics => Yes
875+ Collecting memory statistics => No
876+ Tracing => n/a
877+ Loaded plugins => mysqlnd,example,debug_trace,auth_plugin_mysql_native_password,auth_plugin_mysql_clear_password
878+ API Extensions => mysql
879+ 
880+ mysqlnd statistics =>  
881+ bytes_sent => 0
882+ bytes_received => 0
883+ packets_sent => 0
884+ packets_received => 0
885+ protocol_overhead_in => 0
886+ protocol_overhead_out => 0
887+ bytes_received_ok_packet => 0
888+ bytes_received_eof_packet => 0
889+ bytes_received_rset_header_packet => 0
890+ bytes_received_rset_field_meta_packet => 0
891+ bytes_received_rset_row_packet => 0
892+ bytes_received_prepare_response_packet => 0
893+ bytes_received_change_user_packet => 0
894+ packets_sent_command => 0
895+ packets_received_ok => 0
896+ packets_received_eof => 0
897+ packets_received_rset_header => 0
898+ packets_received_rset_field_meta => 0
899+ packets_received_rset_row => 0
900+ packets_received_prepare_response => 0
901+ packets_received_change_user => 0
902+ result_set_queries => 0
903+ non_result_set_queries => 0
904+ no_index_used => 0
905+ bad_index_used => 0
906+ slow_queries => 0
907+ buffered_sets => 0
908+ unbuffered_sets => 0
909+ ps_buffered_sets => 0
910+ ps_unbuffered_sets => 0
911+ flushed_normal_sets => 0
912+ flushed_ps_sets => 0
913+ ps_prepared_never_executed => 0
914+ ps_prepared_once_executed => 0
915+ rows_fetched_from_server_normal => 0
916+ rows_fetched_from_server_ps => 0
917+ rows_buffered_from_client_normal => 0
918+ rows_buffered_from_client_ps => 0
919+ rows_fetched_from_client_normal_buffered => 0
920+ rows_fetched_from_client_normal_unbuffered => 0
921+ rows_fetched_from_client_ps_buffered => 0
922+ rows_fetched_from_client_ps_unbuffered => 0
923+ rows_fetched_from_client_ps_cursor => 0
924+ rows_affected_normal => 0
925+ rows_affected_ps => 0
926+ rows_skipped_normal => 0
927+ rows_skipped_ps => 0
928+ copy_on_write_saved => 0
929+ copy_on_write_performed => 0
930+ command_buffer_too_small => 0
931+ connect_success => 0
932+ connect_failure => 0
933+ connection_reused => 0
934+ reconnect => 0
935+ pconnect_success => 0
936+ active_connections => 0
937+ active_persistent_connections => 0
938+ explicit_close => 0
939+ implicit_close => 0
940+ disconnect_close => 0
941+ in_middle_of_command_close => 0
942+ explicit_free_result => 0
943+ implicit_free_result => 0
944+ explicit_stmt_close => 0
945+ implicit_stmt_close => 0
946+ mem_emalloc_count => 0
947+ mem_emalloc_amount => 0
948+ mem_ecalloc_count => 0
949+ mem_ecalloc_amount => 0
950+ mem_erealloc_count => 0
951+ mem_erealloc_amount => 0
952+ mem_efree_count => 0
953+ mem_efree_amount => 0
954+ mem_malloc_count => 0
955+ mem_malloc_amount => 0
956+ mem_calloc_count => 0
957+ mem_calloc_amount => 0
958+ mem_realloc_count => 0
959+ mem_realloc_amount => 0
960+ mem_free_count => 0
961+ mem_free_amount => 0
962+ mem_estrndup_count => 0
963+ mem_strndup_count => 0
964+ mem_estndup_count => 0
965+ mem_strdup_count => 0
966+ proto_text_fetched_null => 0
967+ proto_text_fetched_bit => 0
968+ proto_text_fetched_tinyint => 0
969+ proto_text_fetched_short => 0
970+ proto_text_fetched_int24 => 0
971+ proto_text_fetched_int => 0
972+ proto_text_fetched_bigint => 0
973+ proto_text_fetched_decimal => 0
974+ proto_text_fetched_float => 0
975+ proto_text_fetched_double => 0
976+ proto_text_fetched_date => 0
977+ proto_text_fetched_year => 0
978+ proto_text_fetched_time => 0
979+ proto_text_fetched_datetime => 0
980+ proto_text_fetched_timestamp => 0
981+ proto_text_fetched_string => 0
982+ proto_text_fetched_blob => 0
983+ proto_text_fetched_enum => 0
984+ proto_text_fetched_set => 0
985+ proto_text_fetched_geometry => 0
986+ proto_text_fetched_other => 0
987+ proto_binary_fetched_null => 0
988+ proto_binary_fetched_bit => 0
989+ proto_binary_fetched_tinyint => 0
990+ proto_binary_fetched_short => 0
991+ proto_binary_fetched_int24 => 0
992+ proto_binary_fetched_int => 0
993+ proto_binary_fetched_bigint => 0
994+ proto_binary_fetched_decimal => 0
995+ proto_binary_fetched_float => 0
996+ proto_binary_fetched_double => 0
997+ proto_binary_fetched_date => 0
998+ proto_binary_fetched_year => 0
999+ proto_binary_fetched_time => 0
1000+ proto_binary_fetched_datetime => 0
1001+ proto_binary_fetched_timestamp => 0
1002+ proto_binary_fetched_string => 0
1003+ proto_binary_fetched_blob => 0
1004+ proto_binary_fetched_enum => 0
1005+ proto_binary_fetched_set => 0
1006+ proto_binary_fetched_geometry => 0
1007+ proto_binary_fetched_other => 0
1008+ init_command_executed_count => 0
1009+ init_command_failed_count => 0
1010+ com_quit => 0
1011+ com_init_db => 0
1012+ com_query => 0
1013+ com_field_list => 0
1014+ com_create_db => 0
1015+ com_drop_db => 0
1016+ com_refresh => 0
1017+ com_shutdown => 0
1018+ com_statistics => 0
1019+ com_process_info => 0
1020+ com_connect => 0
1021+ com_process_kill => 0
1022+ com_debug => 0
1023+ com_ping => 0
1024+ com_time => 0
1025+ com_delayed_insert => 0
1026+ com_change_user => 0
1027+ com_binlog_dump => 0
1028+ com_table_dump => 0
1029+ com_connect_out => 0
1030+ com_register_slave => 0
1031+ com_stmt_prepare => 0
1032+ com_stmt_execute => 0
1033+ com_stmt_send_long_data => 0
1034+ com_stmt_close => 0
1035+ com_stmt_reset => 0
1036+ com_stmt_set_option => 0
1037+ com_stmt_fetch => 0
1038+ com_deamon => 0
1039+ bytes_received_real_data_normal => 0
1040+ bytes_received_real_data_ps => 0
1041+ 
1042+ example statistics =>  
1043+ stat1 => 0
1044+ stat2 => 0
1045+ 
1046+ pcre
1047+ 
1048+ PCRE (Perl Compatible Regular Expressions) Support => enabled
1049+ PCRE Library Version => 8.12 2011-01-15
1050+ 
1051+ Directive => Local Value => Master Value
1052+ pcre.backtrack_limit => 1000000 => 1000000
1053+ pcre.recursion_limit => 100000 => 100000
1054+ 
1055+ PDO
1056+ 
1057+ PDO support => enabled
1058+ PDO drivers => sqlite
1059+ 
1060+ pdo_sqlite
1061+ 
1062+ PDO Driver for SQLite 3.x => enabled
1063+ SQLite Library => 3.7.7.1
1064+ 
1065+ Phar
1066+ 
1067+ Phar: PHP Archive support => enabled
1068+ Phar EXT version => 2.0.1
1069+ Phar API version => 1.1.1
1070+ SVN revision => $Revision$
1071+ Phar-based phar archives => enabled
1072+ Tar-based phar archives => enabled
1073+ ZIP-based phar archives => enabled
1074+ gzip compression => enabled
1075+ bzip2 compression => enabled
1076+ OpenSSL support => disabled (install ext/openssl)
1077+ 
1078+ 
1079+ Phar based on pear/PHP_Archive, original concept by Davey Shafik.
1080+ Phar fully realized by Gregory Beaver and Marcus Boerger.
1081+ Portions of tar implementation Copyright (c) 2003-2009 Tim Kientzle.
1082+ Directive => Local Value => Master Value
1083+ phar.cache_list => no value => no value
1086+ 
1088+ 
1089+ Revision => $Revision$
1090+ 
1091+ Reflection
1092+ 
1093+ Reflection => enabled
1094+ Version => $Revision$
1095+ 
1096+ session
1097+ 
1098+ Session Support => enabled
1099+ Registered save handlers => files user 
1100+ Registered serializer handlers => php php_binary 
1101+ 
1102+ Directive => Local Value => Master Value
1103+ session.auto_start => Off => Off
1104+ session.cache_expire => 180 => 180
1105+ session.cache_limiter => nocache => nocache
1106+ session.cookie_domain => no value => no value
1107+ session.cookie_httponly => Off => Off
1108+ session.cookie_lifetime => 0 => 0
1109+ session.cookie_path => / => /
1110+ session.cookie_secure => Off => Off
1111+ session.entropy_file => /dev/urandom => /dev/urandom
1112+ session.entropy_length => 32 => 32
1113+ session.gc_divisor => 100 => 100
1114+ session.gc_maxlifetime => 1440 => 1440
1115+ session.gc_probability => 1 => 1
1116+ session.hash_bits_per_character => 4 => 4
1117+ session.hash_function => 0 => 0
1118+ session.name => PHPSESSID => PHPSESSID
1119+ session.referer_check => no value => no value
1120+ session.save_handler => files => files
1121+ session.save_path => no value => no value
1122+ session.serialize_handler => php => php
1123+ session.upload_progress.cleanup => On => On
1124+ session.upload_progress.enabled => On => On
1125+ session.upload_progress.freq => 1% => 1%
1126+ session.upload_progress.min_freq => 1 => 1
1127+ session.upload_progress.name => PHP_SESSION_UPLOAD_PROGRESS => PHP_SESSION_UPLOAD_PROGRESS
1128+ session.upload_progress.prefix => upload_progress_ => upload_progress_
1129+ session.use_cookies => On => On
1130+ session.use_only_cookies => On => On
1131+ session.use_trans_sid => 0 => 0
1132+ 
1133+ SimpleXML
1134+ 
1135+ Simplexml support => enabled
1136+ Revision => $Revision$
1137+ Schema support => enabled
1138+ 
1139+ SPL
1140+ 
1141+ SPL support => enabled
1142+ Interfaces => Countable, OuterIterator, RecursiveIterator, SeekableIterator, SplObserver, SplSubject
1143+ Classes => AppendIterator, ArrayIterator, ArrayObject, BadFunctionCallException, BadMethodCallException, CachingIterator, CallbackFilterIterator, DirectoryIterator, DomainException, EmptyIterator, FilesystemIterator, FilterIterator, GlobIterator, InfiniteIterator, InvalidArgumentException, IteratorIterator, LengthException, LimitIterator, LogicException, MultipleIterator, NoRewindIterator, OutOfBoundsException, OutOfRangeException, OverflowException, ParentIterator, RangeException, RecursiveArrayIterator, RecursiveCachingIterator, RecursiveCallbackFilterIterator, RecursiveDirectoryIterator, RecursiveFilterIterator, RecursiveIteratorIterator, RecursiveRegexIterator, RecursiveTreeIterator, RegexIterator, RuntimeException, SplDoublyLinkedList, SplFileInfo, SplFileObject, SplFixedArray, SplHeap, SplMinHeap, SplMaxHeap, SplObjectStorage, SplPriorityQueue, SplQueue, SplStack, SplTempFileObject, UnderflowException, UnexpectedValueException
1144+ 
1145+ sqlite3
1146+ 
1147+ SQLite3 support => enabled
1148+ SQLite3 module version => 0.7-dev
1149+ SQLite Library => 3.7.7.1
1150+ 
1151+ Directive => Local Value => Master Value
1152+ sqlite3.extension_dir => no value => no value
1153+ 
1154+ standard
1155+ 
1156+ Dynamic Library Support => enabled
1157+ Path to sendmail =>  -t -i 
1158+ 
1159+ Directive => Local Value => Master Value
1160+ assert.active => 1 => 1
1161+ assert.bail => 0 => 0
1162+ assert.callback => no value => no value
1163+ assert.quiet_eval => 0 => 0
1164+ assert.warning => 1 => 1
1165+ auto_detect_line_endings => 0 => 0
1166+ default_socket_timeout => 60 => 60
1167+ from => no value => no value
1168+ url_rewriter.tags => a=href,area=href,frame=src,form=,fieldset= => a=href,area=href,frame=src,form=,fieldset=
1169+ user_agent => no value => no value
1170+ 
1171+ tokenizer
1172+ 
1173+ Tokenizer Support => enabled
1174+ 
1175+ xml
1176+ 
1177+ XML Support => active
1178+ XML Namespace Support => active
1179+ libxml2 Version => 2.7.8
1180+ 
1181+ xmlreader
1182+ 
1183+ XMLReader => enabled
1184+ 
1185+ xmlwriter
1186+ 
1187+ XMLWriter => enabled
1188+ 
1189+ zlib
1190+ 
1191+ ZLib Support => enabled
1192+ Stream Wrapper => compress.zlib://
1193+ Stream Filter => zlib.inflate, zlib.deflate
1194+ Compiled Version => 1.2.3.4
1195+ Linked Version => 1.2.3.4
1196+ 
1197+ Directive => Local Value => Master Value
1198+ zlib.output_compression => Off => Off
1199+ zlib.output_compression_level => -1 => -1
1200+ zlib.output_handler => no value => no value
1201+ 
1202+ Additional Modules
1203+ 
1204+ Module Name
1205+ ===DONE===
]]></failure>
</testcase>
<testcase classname='php-src.ext.phar.tests' name='phpinfo_002.phpt - Phar: phpinfo display 2' time='0.0255'>
<failure type='FAILED' message=''><![CDATA[
 002+ 
003+ bcmath
004+ 
005+ BCMath support => enabled
006+ 
007+ Directive => Local Value => Master Value
008+ bcmath.scale => 0 => 0
009+ 
010+ bz2
011+ 
012+ BZip2 Support => Enabled
013+ Stream Wrapper support => compress.bzip2://
014+ Stream Filter support => bzip2.decompress, bzip2.compress
015+ BZip2 Version => 1.0.5, 10-Dec-2007
016+ 
017+ calendar
018+ 
019+ Calendar support => enabled
020+ 
021+ Core
022+ 
023+ PHP Version => 5.5.0-dev
002- Phar
004- Phar: PHP Archive support => enabled
005- Phar EXT version => %s
006- Phar API version => 1.1.1
007- SVN revision => %sRevision: %s $
008- Phar-based phar archives => enabled
009- Tar-based phar archives => enabled
010- ZIP-based phar archives => enabled
011- gzip compression => enabled
012- bzip2 compression => enabled
013- OpenSSL support => disabled (install ext/openssl)
014- 
015- 
016- Phar based on pear/PHP_Archive, original concept by Davey Shafik.
017- Phar fully realized by Gregory Beaver and Marcus Boerger.
018- Portions of tar implementation Copyright (c) %d-%d Tim Kientzle.
024- ===DONE===
025+ Directive => Local Value => Master Value
026+ allow_url_fopen => On => On
027+ allow_url_include => Off => Off
028+ always_populate_raw_post_data => Off => Off
029+ arg_separator.input => & => &
030+ arg_separator.output => & => &
031+ asp_tags => Off => Off
032+ auto_append_file => no value => no value
033+ auto_globals_jit => On => On
034+ auto_prepend_file => no value => no value
035+ browscap => no value => no value
036+ default_charset => no value => no value
037+ default_mimetype => text/html => text/html
038+ disable_classes => no value => no value
039+ disable_functions => no value => no value
040+ display_errors => STDOUT => STDOUT
041+ display_startup_errors => On => On
042+ doc_root => no value => no value
043+ docref_ext => .html => .html
044+ docref_root => no value => no value
045+ enable_dl => On => On
046+ enable_post_data_reading => On => On
047+ error_append_string => no value => no value
048+ error_log => no value => no value
049+ error_prepend_string => no value => no value
050+ error_reporting => 32767 => 32767
051+ exit_on_timeout => Off => Off
052+ expose_php => On => On
053+ extension_dir => /usr/local/lib/php/extensions/no-debug-non-zts-20100525 => /usr/local/lib/php/extensions/no-debug-non-zts-20100525
054+ file_uploads => On => On
055+ highlight.comment => <font style="color: #FF8000">#FF8000</font> => <font style="color: #FF8000">#FF8000</font>
056+ highlight.default => <font style="color: #0000BB">#0000BB</font> => <font style="color: #0000BB">#0000BB</font>
057+ highlight.html => <font style="color: #000000">#000000</font> => <font style="color: #000000">#000000</font>
058+ highlight.keyword => <font style="color: #007700">#007700</font> => <font style="color: #007700">#007700</font>
059+ highlight.string => <font style="color: #DD0000">#DD0000</font> => <font style="color: #DD0000">#DD0000</font>
060+ html_errors => Off => Off
061+ ignore_repeated_errors => Off => Off
062+ ignore_repeated_source => Off => Off
063+ ignore_user_abort => Off => Off
064+ implicit_flush => On => On
065+ include_path => .:/usr/local/lib/php => .:/usr/local/lib/php
066+ log_errors => Off => Off
067+ log_errors_max_len => 1024 => 1024
068+ mail.add_x_header => Off => Off
069+ mail.force_extra_parameters => no value => no value
070+ mail.log => no value => no value
071+ max_execution_time => 0 => 0
072+ max_file_uploads => 20 => 20
073+ max_input_nesting_level => 64 => 64
074+ max_input_time => -1 => -1
075+ memory_limit => 128M => 128M
076+ open_basedir => no value => no value
077+ output_buffering => no value => no value
078+ output_handler => no value => no value
079+ post_max_size => 8M => 8M
080+ precision => 14 => 14
081+ realpath_cache_size => 16K => 16K
082+ realpath_cache_ttl => 120 => 120
083+ register_argc_argv => On => On
084+ report_memleaks => On => On
085+ report_zend_debug => Off => Off
086+ request_order => no value => no value
087+ sendmail_from => no value => no value
088+ sendmail_path =>  -t -i  =>  -t -i 
089+ serialize_precision => 17 => 17
090+ short_open_tag => On => On
091+ SMTP => localhost => localhost
092+ smtp_port => 25 => 25
093+ sql.safe_mode => Off => Off
094+ track_errors => On => On
095+ unserialize_callback_func => no value => no value
096+ upload_max_filesize => 2M => 2M
097+ upload_tmp_dir => no value => no value
098+ user_dir => no value => no value
099+ user_ini.cache_ttl => 300 => 300
100+ user_ini.filename => .user.ini => .user.ini
101+ variables_order => EGPCS => EGPCS
102+ xmlrpc_error_number => 0 => 0
103+ xmlrpc_errors => Off => Off
104+ zend.detect_unicode => On => On
105+ zend.enable_gc => On => On
106+ zend.multibyte => Off => Off
107+ zend.script_encoding => no value => no value
108+ zend.signal_check => Off => Off
109+ 
110+ ctype
111+ 
112+ ctype functions => enabled
113+ 
114+ date
115+ 
116+ date/time support => enabled
117+ "Olson" Timezone Database Version => 2011.14
118+ Timezone Database => internal
119+ 
120+ Warning: phpinfo(): It is not safe to rely on the system's timezone settings. You are *required* to use the date.timezone setting or the date_default_timezone_set() function. In case you used any of those methods and you are still getting this warning, you most likely misspelled the timezone identifier. We selected the timezone 'UTC' for now, but please set date.timezone to select your timezone. in /home/conf/php-src-git/ext/phar/tests/phpinfo_002.php on line 2
121+ Default timezone => UTC
122+ 
124+ date.default_latitude => 31.7667 => 31.7667
125+ date.default_longitude => 35.2333 => 35.2333
126+ date.sunrise_zenith => 90.583333 => 90.583333
127+ date.sunset_zenith => 90.583333 => 90.583333
128+ date.timezone => no value => no value
129+ 
130+ dom
131+ 
132+ DOM/XML => enabled
133+ DOM/XML API Version => 20031129
134+ libxml Version => 2.7.8
135+ HTML Support => enabled
136+ XPath Support => enabled
137+ XPointer Support => enabled
138+ Schema Support => enabled
139+ RelaxNG Support => enabled
140+ 
141+ ereg
142+ 
143+ Regex Library => Bundled library enabled
144+ 
145+ exif
146+ 
147+ EXIF Support => enabled
148+ EXIF Version => 1.4 $Id$
149+ Supported EXIF Version => 0220
150+ Supported filetypes => JPEG,TIFF
151+ 
152+ Directive => Local Value => Master Value
153+ exif.decode_jis_intel => JIS => JIS
154+ exif.decode_jis_motorola => JIS => JIS
155+ exif.decode_unicode_intel => UCS-2LE => UCS-2LE
156+ exif.decode_unicode_motorola => UCS-2BE => UCS-2BE
157+ exif.encode_jis => no value => no value
158+ exif.encode_unicode => ISO-8859-15 => ISO-8859-15
159+ 
160+ fileinfo
161+ 
162+ fileinfo support => enabled
163+ version => 1.0.5-dev
164+ 
165+ filter
166+ 
167+ Input Validation and Filtering => enabled
168+ Revision => $Revision$
169+ 
170+ Directive => Local Value => Master Value
171+ filter.default => unsafe_raw => unsafe_raw
172+ filter.default_flags => no value => no value
173+ 
174+ gd
175+ 
176+ GD Support => enabled
177+ GD Version => bundled (2.0.34 compatible)
178+ FreeType Support => enabled
179+ FreeType Linkage => with freetype
180+ FreeType Version => 2.4.4
181+ GIF Read Support => enabled
182+ GIF Create Support => enabled
183+ JPEG Support => enabled
184+ libJPEG Version => 8
185+ PNG Support => enabled
186+ libPNG Version => 1.2.46
187+ WBMP Support => enabled
188+ XBM Support => enabled
189+ 
190+ Directive => Local Value => Master Value
191+ gd.jpeg_ignore_warning => 0 => 0
192+ 
193+ gettext
194+ 
195+ GetText Support => enabled
196+ 
197+ hash
198+ 
199+ hash support => enabled
200+ Hashing Engines => md2 md4 md5 sha1 sha224 sha256 sha384 sha512 ripemd128 ripemd160 ripemd256 ripemd320 whirlpool tiger128,3 tiger160,3 tiger192,3 tiger128,4 tiger160,4 tiger192,4 snefru snefru256 gost adler32 crc32 crc32b salsa10 salsa20 fnv132 fnv164 joaat haval128,3 haval160,3 haval192,3 haval224,3 haval256,3 haval128,4 haval160,4 haval192,4 haval224,4 haval256,4 haval128,5 haval160,5 haval192,5 haval224,5 haval256,5 
201+ 
202+ iconv
203+ 
204+ iconv support => enabled
205+ iconv implementation => glibc
206+ iconv library version => 2.13
207+ 
208+ Directive => Local Value => Master Value
209+ iconv.input_encoding => ISO-8859-1 => ISO-8859-1
210+ iconv.internal_encoding => ISO-8859-1 => ISO-8859-1
211+ iconv.output_encoding => ISO-8859-1 => ISO-8859-1
212+ 
213+ json
214+ 
215+ json support => enabled
216+ json version => 1.2.1
217+ 
218+ libxml
219+ 
220+ libXML support => active
221+ libXML Compiled Version => 2.7.8
222+ libXML Loaded Version => 20708
223+ libXML streams => enabled
224+ 
225+ mcrypt
226+ 
227+ mcrypt support => enabled
228+ mcrypt_filter support => enabled
229+ Version => 2.5.8
230+ Api No => 20021217
231+ Supported ciphers => cast-128 gost rijndael-128 twofish arcfour cast-256 loki97 rijndael-192 saferplus wake blowfish-compat des rijndael-256 serpent xtea blowfish enigma rc2 tripledes 
232+ Supported modes => cbc cfb ctr ecb ncfb nofb ofb stream 
233+ 
234+ Directive => Local Value => Master Value
235+ mcrypt.algorithms_dir => no value => no value
236+ mcrypt.modes_dir => no value => no value
237+ 
238+ mhash
239+ 
240+ MHASH support => Enabled
241+ MHASH API Version => Emulated Support
242+ 
243+ mysql
244+ 
245+ MySQL Support => enabled
246+ Active Persistent Links => 0
247+ Active Links => 0
248+ Client API version => mysqlnd 5.0.10-dev - 20111026 - $Revision$
249+ 
250+ Directive => Local Value => Master Value
251+ mysql.allow_local_infile => On => On
252+ mysql.allow_persistent => On => On
253+ mysql.connect_timeout => 60 => 60
254+ mysql.default_host => no value => no value
255+ mysql.default_password => no value => no value
256+ mysql.default_port => no value => no value
257+ mysql.default_socket => /var/run/mysqld/mysqld.sock => /var/run/mysqld/mysqld.sock
258+ mysql.default_user => no value => no value
259+ mysql.max_links => Unlimited => Unlimited
260+ mysql.max_persistent => Unlimited => Unlimited
261+ mysql.trace_mode => Off => Off
262+ 
263+ mysqlnd
264+ 
265+ mysqlnd => enabled
266+ Version => mysqlnd 5.0.10-dev - 20111026 - $Revision$
267+ Compression => supported
268+ SSL => supported
269+ Command buffer size => 4096
270+ Read buffer size => 32768
271+ Read timeout => 31536000
272+ Collecting statistics => Yes
273+ Collecting memory statistics => No
274+ Tracing => n/a
275+ Loaded plugins => mysqlnd,example,debug_trace,auth_plugin_mysql_native_password,auth_plugin_mysql_clear_password
276+ API Extensions => mysql
277+ 
278+ mysqlnd statistics =>  
279+ bytes_sent => 0
280+ bytes_received => 0
281+ packets_sent => 0
282+ packets_received => 0
283+ protocol_overhead_in => 0
284+ protocol_overhead_out => 0
285+ bytes_received_ok_packet => 0
286+ bytes_received_eof_packet => 0
287+ bytes_received_rset_header_packet => 0
288+ bytes_received_rset_field_meta_packet => 0
289+ bytes_received_rset_row_packet => 0
290+ bytes_received_prepare_response_packet => 0
291+ bytes_received_change_user_packet => 0
292+ packets_sent_command => 0
293+ packets_received_ok => 0
294+ packets_received_eof => 0
295+ packets_received_rset_header => 0
296+ packets_received_rset_field_meta => 0
297+ packets_received_rset_row => 0
298+ packets_received_prepare_response => 0
299+ packets_received_change_user => 0
300+ result_set_queries => 0
301+ non_result_set_queries => 0
302+ no_index_used => 0
303+ bad_index_used => 0
304+ slow_queries => 0
305+ buffered_sets => 0
306+ unbuffered_sets => 0
307+ ps_buffered_sets => 0
308+ ps_unbuffered_sets => 0
309+ flushed_normal_sets => 0
310+ flushed_ps_sets => 0
311+ ps_prepared_never_executed => 0
312+ ps_prepared_once_executed => 0
313+ rows_fetched_from_server_normal => 0
314+ rows_fetched_from_server_ps => 0
315+ rows_buffered_from_client_normal => 0
316+ rows_buffered_from_client_ps => 0
317+ rows_fetched_from_client_normal_buffered => 0
318+ rows_fetched_from_client_normal_unbuffered => 0
319+ rows_fetched_from_client_ps_buffered => 0
320+ rows_fetched_from_client_ps_unbuffered => 0
321+ rows_fetched_from_client_ps_cursor => 0
322+ rows_affected_normal => 0
323+ rows_affected_ps => 0
324+ rows_skipped_normal => 0
325+ rows_skipped_ps => 0
326+ copy_on_write_saved => 0
327+ copy_on_write_performed => 0
328+ command_buffer_too_small => 0
329+ connect_success => 0
330+ connect_failure => 0
331+ connection_reused => 0
332+ reconnect => 0
333+ pconnect_success => 0
334+ active_connections => 0
335+ active_persistent_connections => 0
336+ explicit_close => 0
337+ implicit_close => 0
338+ disconnect_close => 0
339+ in_middle_of_command_close => 0
340+ explicit_free_result => 0
341+ implicit_free_result => 0
342+ explicit_stmt_close => 0
343+ implicit_stmt_close => 0
344+ mem_emalloc_count => 0
345+ mem_emalloc_amount => 0
346+ mem_ecalloc_count => 0
347+ mem_ecalloc_amount => 0
348+ mem_erealloc_count => 0
349+ mem_erealloc_amount => 0
350+ mem_efree_count => 0
351+ mem_efree_amount => 0
352+ mem_malloc_count => 0
353+ mem_malloc_amount => 0
354+ mem_calloc_count => 0
355+ mem_calloc_amount => 0
356+ mem_realloc_count => 0
357+ mem_realloc_amount => 0
358+ mem_free_count => 0
359+ mem_free_amount => 0
360+ mem_estrndup_count => 0
361+ mem_strndup_count => 0
362+ mem_estndup_count => 0
363+ mem_strdup_count => 0
364+ proto_text_fetched_null => 0
365+ proto_text_fetched_bit => 0
366+ proto_text_fetched_tinyint => 0
367+ proto_text_fetched_short => 0
368+ proto_text_fetched_int24 => 0
369+ proto_text_fetched_int => 0
370+ proto_text_fetched_bigint => 0
371+ proto_text_fetched_decimal => 0
372+ proto_text_fetched_float => 0
373+ proto_text_fetched_double => 0
374+ proto_text_fetched_date => 0
375+ proto_text_fetched_year => 0
376+ proto_text_fetched_time => 0
377+ proto_text_fetched_datetime => 0
378+ proto_text_fetched_timestamp => 0
379+ proto_text_fetched_string => 0
380+ proto_text_fetched_blob => 0
381+ proto_text_fetched_enum => 0
382+ proto_text_fetched_set => 0
383+ proto_text_fetched_geometry => 0
384+ proto_text_fetched_other => 0
385+ proto_binary_fetched_null => 0
386+ proto_binary_fetched_bit => 0
387+ proto_binary_fetched_tinyint => 0
388+ proto_binary_fetched_short => 0
389+ proto_binary_fetched_int24 => 0
390+ proto_binary_fetched_int => 0
391+ proto_binary_fetched_bigint => 0
392+ proto_binary_fetched_decimal => 0
393+ proto_binary_fetched_float => 0
394+ proto_binary_fetched_double => 0
395+ proto_binary_fetched_date => 0
396+ proto_binary_fetched_year => 0
397+ proto_binary_fetched_time => 0
398+ proto_binary_fetched_datetime => 0
399+ proto_binary_fetched_timestamp => 0
400+ proto_binary_fetched_string => 0
401+ proto_binary_fetched_blob => 0
402+ proto_binary_fetched_enum => 0
403+ proto_binary_fetched_set => 0
404+ proto_binary_fetched_geometry => 0
405+ proto_binary_fetched_other => 0
406+ init_command_executed_count => 0
407+ init_command_failed_count => 0
408+ com_quit => 0
409+ com_init_db => 0
410+ com_query => 0
411+ com_field_list => 0
412+ com_create_db => 0
413+ com_drop_db => 0
414+ com_refresh => 0
415+ com_shutdown => 0
416+ com_statistics => 0
417+ com_process_info => 0
418+ com_connect => 0
419+ com_process_kill => 0
420+ com_debug => 0
421+ com_ping => 0
422+ com_time => 0
423+ com_delayed_insert => 0
424+ com_change_user => 0
425+ com_binlog_dump => 0
426+ com_table_dump => 0
427+ com_connect_out => 0
428+ com_register_slave => 0
429+ com_stmt_prepare => 0
430+ com_stmt_execute => 0
431+ com_stmt_send_long_data => 0
432+ com_stmt_close => 0
433+ com_stmt_reset => 0
434+ com_stmt_set_option => 0
435+ com_stmt_fetch => 0
436+ com_deamon => 0
437+ bytes_received_real_data_normal => 0
438+ bytes_received_real_data_ps => 0
439+ 
440+ example statistics =>  
441+ stat1 => 0
442+ stat2 => 0
443+ 
444+ pcre
445+ 
446+ PCRE (Perl Compatible Regular Expressions) Support => enabled
447+ PCRE Library Version => 8.12 2011-01-15
448+ 
449+ Directive => Local Value => Master Value
450+ pcre.backtrack_limit => 1000000 => 1000000
451+ pcre.recursion_limit => 100000 => 100000
452+ 
453+ PDO
454+ 
455+ PDO support => enabled
456+ PDO drivers => sqlite
457+ 
458+ pdo_sqlite
459+ 
460+ PDO Driver for SQLite 3.x => enabled
461+ SQLite Library => 3.7.7.1
462+ 
463+ Phar
464+ 
465+ Phar: PHP Archive support => enabled
466+ Phar EXT version => 2.0.1
467+ Phar API version => 1.1.1
468+ SVN revision => $Revision$
469+ Phar-based phar archives => enabled
470+ Tar-based phar archives => enabled
471+ ZIP-based phar archives => enabled
472+ gzip compression => enabled
473+ bzip2 compression => enabled
474+ OpenSSL support => disabled (install ext/openssl)
475+ 
476+ 
477+ Phar based on pear/PHP_Archive, original concept by Davey Shafik.
478+ Phar fully realized by Gregory Beaver and Marcus Boerger.
479+ Portions of tar implementation Copyright (c) 2003-2009 Tim Kientzle.
480+ Directive => Local Value => Master Value
484+ 
486+ 
487+ Revision => $Revision$
488+ 
489+ Reflection
490+ 
491+ Reflection => enabled
492+ Version => $Revision$
493+ 
494+ session
495+ 
496+ Session Support => enabled
497+ Registered save handlers => files user 
498+ Registered serializer handlers => php php_binary 
499+ 
500+ Directive => Local Value => Master Value
501+ session.auto_start => Off => Off
502+ session.cache_expire => 180 => 180
503+ session.cache_limiter => nocache => nocache
504+ session.cookie_domain => no value => no value
505+ session.cookie_httponly => Off => Off
506+ session.cookie_lifetime => 0 => 0
507+ session.cookie_path => / => /
508+ session.cookie_secure => Off => Off
509+ session.entropy_file => /dev/urandom => /dev/urandom
510+ session.entropy_length => 32 => 32
511+ session.gc_divisor => 100 => 100
512+ session.gc_maxlifetime => 1440 => 1440
513+ session.gc_probability => 1 => 1
514+ session.hash_bits_per_character => 4 => 4
515+ session.hash_function => 0 => 0
516+ session.name => PHPSESSID => PHPSESSID
517+ session.referer_check => no value => no value
518+ session.save_handler => files => files
519+ session.save_path => no value => no value
520+ session.serialize_handler => php => php
521+ session.upload_progress.cleanup => On => On
522+ session.upload_progress.enabled => On => On
523+ session.upload_progress.freq => 1% => 1%
524+ session.upload_progress.min_freq => 1 => 1
525+ session.upload_progress.name => PHP_SESSION_UPLOAD_PROGRESS => PHP_SESSION_UPLOAD_PROGRESS
526+ session.upload_progress.prefix => upload_progress_ => upload_progress_
527+ session.use_cookies => On => On
528+ session.use_only_cookies => On => On
529+ session.use_trans_sid => 0 => 0
530+ 
531+ SimpleXML
532+ 
533+ Simplexml support => enabled
534+ Revision => $Revision$
535+ Schema support => enabled
536+ 
537+ SPL
538+ 
539+ SPL support => enabled
540+ Interfaces => Countable, OuterIterator, RecursiveIterator, SeekableIterator, SplObserver, SplSubject
541+ Classes => AppendIterator, ArrayIterator, ArrayObject, BadFunctionCallException, BadMethodCallException, CachingIterator, CallbackFilterIterator, DirectoryIterator, DomainException, EmptyIterator, FilesystemIterator, FilterIterator, GlobIterator, InfiniteIterator, InvalidArgumentException, IteratorIterator, LengthException, LimitIterator, LogicException, MultipleIterator, NoRewindIterator, OutOfBoundsException, OutOfRangeException, OverflowException, ParentIterator, RangeException, RecursiveArrayIterator, RecursiveCachingIterator, RecursiveCallbackFilterIterator, RecursiveDirectoryIterator, RecursiveFilterIterator, RecursiveIteratorIterator, RecursiveRegexIterator, RecursiveTreeIterator, RegexIterator, RuntimeException, SplDoublyLinkedList, SplFileInfo, SplFileObject, SplFixedArray, SplHeap, SplMinHeap, SplMaxHeap, SplObjectStorage, SplPriorityQueue, SplQueue, SplStack, SplTempFileObject, UnderflowException, UnexpectedValueException
542+ 
543+ sqlite3
544+ 
545+ SQLite3 support => enabled
546+ SQLite3 module version => 0.7-dev
547+ SQLite Library => 3.7.7.1
548+ 
549+ Directive => Local Value => Master Value
550+ sqlite3.extension_dir => no value => no value
551+ 
552+ standard
553+ 
554+ Dynamic Library Support => enabled
555+ Path to sendmail =>  -t -i 
556+ 
557+ Directive => Local Value => Master Value
558+ assert.active => 1 => 1
559+ assert.bail => 0 => 0
560+ assert.callback => no value => no value
561+ assert.quiet_eval => 0 => 0
562+ assert.warning => 1 => 1
563+ auto_detect_line_endings => 0 => 0
564+ default_socket_timeout => 60 => 60
565+ from => no value => no value
566+ url_rewriter.tags => a=href,area=href,frame=src,form=,fieldset= => a=href,area=href,frame=src,form=,fieldset=
567+ user_agent => no value => no value
568+ 
569+ tokenizer
570+ 
571+ Tokenizer Support => enabled
572+ 
573+ xml
574+ 
575+ XML Support => active
576+ XML Namespace Support => active
577+ libxml2 Version => 2.7.8
578+ 
579+ xmlreader
580+ 
581+ XMLReader => enabled
582+ 
583+ xmlwriter
584+ 
585+ XMLWriter => enabled
586+ 
587+ zlib
588+ 
589+ ZLib Support => enabled
590+ Stream Wrapper => compress.zlib://
591+ Stream Filter => zlib.inflate, zlib.deflate
592+ Compiled Version => 1.2.3.4
593+ Linked Version => 1.2.3.4
594+ 
595+ Directive => Local Value => Master Value
596+ zlib.output_compression => Off => Off
597+ zlib.output_compression_level => -1 => -1
598+ zlib.output_handler => no value => no value
599+ 
600+ Additional Modules
601+ 
602+ Module Name
603+ ===DONE===
]]></failure>
</testcase>
<testcase classname='php-src.ext.phar.tests' name='phpinfo_003.phpt - Phar: phpinfo display 3' time='0.0129'>
<skipped><![CDATA[
zlib loaded
]]></skipped>
</testcase>
<testcase classname='php-src.ext.phar.tests' name='phpinfo_004.phpt - Phar: phpinfo display 4' time='0.0845'>
<failure type='FAILED' message=''><![CDATA[
 001+ <!DOCTYPE html PUBLIC "-//W3C//DTD XHTML 1.0 Transitional//EN" "DTD/xhtml1-transitional.dtd">
002+ <html xmlns="http://www.w3.org/1999/xhtml"><head>
003+ <style type="text/css">
004+ body {background-color: #ffffff; color: #000000;}
005+ body, td, th, h1, h2 {font-family: sans-serif;}
006+ pre {margin: 0px; font-family: monospace;}
007+ a:link {color: #000099; text-decoration: none; background-color: #ffffff;}
008+ a:hover {text-decoration: underline;}
009+ table {border-collapse: collapse;}
010+ .center {text-align: center;}
011+ .center table { margin-left: auto; margin-right: auto; text-align: left;}
012+ .center th { text-align: center !important; }
013+ td, th { border: 1px solid #000000; font-size: 75%; vertical-align: baseline;}
014+ h1 {font-size: 150%;}
015+ h2 {font-size: 125%;}
016+ .p {text-align: left;}
017+ .e {background-color: #ccccff; font-weight: bold; color: #000000;}
018+ .h {background-color: #9999cc; font-weight: bold; color: #000000;}
019+ .v {background-color: #cccccc; color: #000000;}
020+ .vr {background-color: #cccccc; text-align: right; color: #000000;}
021+ img {float: right; border: 0px;}
022+ hr {width: 600px; background-color: #cccccc; border: 0px; height: 1px; color: #000000;}
023+ </style>
024+ <title>phpinfo()</title><meta name="ROBOTS" content="NOINDEX,NOFOLLOW,NOARCHIVE" /></head>
025+ <body><div class="center">
026+ <h2><a name="module_bcmath">bcmath</a></h2>
001- %a<br />
002- <h2><a name="module_Phar">Phar</a></h2>
003- <table border="0" cellpadding="3" width="600">
004- <tr class="h"><th>Phar: PHP Archive support</th><th>enabled</th></tr>
005- <tr><td class="e">Phar EXT version </td><td class="v">%s </td></tr>
006- <tr><td class="e">Phar API version </td><td class="v">1.1.1 </td></tr>
007- <tr><td class="e">SVN revision </td><td class="v">%sRevision: %s $ </td></tr>
008- <tr><td class="e">Phar-based phar archives </td><td class="v">enabled </td></tr>
009- <tr><td class="e">Tar-based phar archives </td><td class="v">enabled </td></tr>
010- <tr><td class="e">ZIP-based phar archives </td><td class="v">enabled </td></tr>
011- <tr><td class="e">gzip compression </td><td class="v">enabled </td></tr>
012- <tr><td class="e">bzip2 compression </td><td class="v">enabled </td></tr>
013- <tr><td class="e">OpenSSL support </td><td class="v">disabled (install ext/openssl) </td></tr>
014- </table><br />
015- <table border="0" cellpadding="3" width="600">
016- <tr class="v"><td>
017- Phar based on pear/PHP_Archive, original concept by Davey Shafik.<br />Phar fully realized by Gregory Beaver and Marcus Boerger.<br />Portions of tar implementation Copyright (c) %d-%d Tim Kientzle.</td></tr>
018- </table><br />
021- <tr><td class="e">phar.cache_list</td><td class="v"><i>no value</i></td><td class="v"><i>no value</i></td></tr>
022- <tr><td class="e">phar.readonly</td><td class="v">Off</td><td class="v">Off</td></tr>
023- <tr><td class="e">phar.require_hash</td><td class="v">Off</td><td class="v">Off</td></tr>
026- <h2><a name="module_Phar">Phar</a></h2>
028+ <tr><td class="e">BCMath support </td><td class="v">enabled </td></tr>
029+ </table><br />
030+ <table border="0" cellpadding="3" width="600">
028- <tr class="h"><th>Phar: PHP Archive support</th><th>enabled</th></tr>
029- <tr><td class="e">Phar EXT version </td><td class="v">%s </td></tr>
030- <tr><td class="e">Phar API version </td><td class="v">1.1.1 </td></tr>
031- <tr><td class="e">SVN revision </td><td class="v">%sRevision: %s $ </td></tr>
032- <tr><td class="e">Phar-based phar archives </td><td class="v">enabled </td></tr>
033- <tr><td class="e">Tar-based phar archives </td><td class="v">enabled </td></tr>
034- <tr><td class="e">ZIP-based phar archives </td><td class="v">enabled </td></tr>
035- <tr><td class="e">gzip compression </td><td class="v">enabled </td></tr>
036- <tr><td class="e">bzip2 compression </td><td class="v">enabled </td></tr>
037- <tr><td class="e">OpenSSL support </td><td class="v">disabled (install ext/openssl) </td></tr>
032+ <tr><td class="e">bcmath.scale</td><td class="v">0</td><td class="v">0</td></tr>
034+ <h2><a name="module_bz2">bz2</a></h2>
035+ <table border="0" cellpadding="3" width="600">
036+ <tr><td class="e">BZip2 Support </td><td class="v">Enabled </td></tr>
037+ <tr><td class="e">Stream Wrapper support </td><td class="v">compress.bzip2:// </td></tr>
038+ <tr><td class="e">Stream Filter support </td><td class="v">bzip2.decompress, bzip2.compress </td></tr>
039+ <tr><td class="e">BZip2 Version </td><td class="v">1.0.5, 10-Dec-2007 </td></tr>
040- <tr class="v"><td>
041- Phar based on pear/PHP_Archive, original concept by Davey Shafik.<br />Phar fully realized by Gregory Beaver and Marcus Boerger.<br />Portions of tar implementation Copyright (c) %d-%d Tim Kientzle.</td></tr>
042- </table><br />
043- <table border="0" cellpadding="3" width="600">
041+ <h2><a name="module_calendar">calendar</a></h2>
042+ <table border="0" cellpadding="3" width="600">
043+ <tr><td class="e">Calendar support </td><td class="v">enabled </td></tr>
044+ </table><br />
045+ <h2><a name="module_cgi-fcgi">cgi-fcgi</a></h2>
045- <tr><td class="e">phar.cache_list</td><td class="v"><i>no value</i></td><td class="v"><i>no value</i></td></tr>
046- <tr><td class="e">phar.readonly</td><td class="v">On</td><td class="v">Off</td></tr>
047- <tr><td class="e">phar.require_hash</td><td class="v">On</td><td class="v">Off</td></tr>
048- </table><br />
049- %a<br />
050- </div></body></html>===DONE===
047+ <tr class="h"><th>Directive</th><th>Local Value</th><th>Master Value</th></tr>
048+ <tr><td class="e">cgi.check_shebang_line</td><td class="v">1</td><td class="v">1</td></tr>
049+ <tr><td class="e">cgi.discard_path</td><td class="v">0</td><td class="v">0</td></tr>
050+ <tr><td class="e">cgi.fix_pathinfo</td><td class="v">1</td><td class="v">1</td></tr>
051+ <tr><td class="e">cgi.force_redirect</td><td class="v">1</td><td class="v">1</td></tr>
052+ <tr><td class="e">cgi.nph</td><td class="v">0</td><td class="v">0</td></tr>
053+ <tr><td class="e">cgi.redirect_status_env</td><td class="v"><i>no value</i></td><td class="v"><i>no value</i></td></tr>
054+ <tr><td class="e">cgi.rfc2616_headers</td><td class="v">0</td><td class="v">0</td></tr>
055+ <tr><td class="e">fastcgi.logging</td><td class="v">1</td><td class="v">1</td></tr>
056+ </table><br />
057+ <h2><a name="module_Core">Core</a></h2>
058+ <table border="0" cellpadding="3" width="600">
059+ <tr><td class="e">PHP Version </td><td class="v">5.5.0-dev </td></tr>
063+ <tr><td class="e">allow_url_fopen</td><td class="v">On</td><td class="v">On</td></tr>
064+ <tr><td class="e">allow_url_include</td><td class="v">Off</td><td class="v">Off</td></tr>
065+ <tr><td class="e">always_populate_raw_post_data</td><td class="v">Off</td><td class="v">Off</td></tr>
066+ <tr><td class="e">arg_separator.input</td><td class="v">&amp;</td><td class="v">&amp;</td></tr>
067+ <tr><td class="e">arg_separator.output</td><td class="v">&amp;</td><td class="v">&amp;</td></tr>
068+ <tr><td class="e">asp_tags</td><td class="v">Off</td><td class="v">Off</td></tr>
069+ <tr><td class="e">auto_append_file</td><td class="v"><i>no value</i></td><td class="v"><i>no value</i></td></tr>
070+ <tr><td class="e">auto_globals_jit</td><td class="v">On</td><td class="v">On</td></tr>
071+ <tr><td class="e">auto_prepend_file</td><td class="v"><i>no value</i></td><td class="v"><i>no value</i></td></tr>
072+ <tr><td class="e">browscap</td><td class="v"><i>no value</i></td><td class="v"><i>no value</i></td></tr>
073+ <tr><td class="e">default_charset</td><td class="v"><i>no value</i></td><td class="v"><i>no value</i></td></tr>
074+ <tr><td class="e">default_mimetype</td><td class="v">text/html</td><td class="v">text/html</td></tr>
075+ <tr><td class="e">disable_classes</td><td class="v"><i>no value</i></td><td class="v"><i>no value</i></td></tr>
076+ <tr><td class="e">disable_functions</td><td class="v"><i>no value</i></td><td class="v"><i>no value</i></td></tr>
077+ <tr><td class="e">display_errors</td><td class="v">On</td><td class="v">On</td></tr>
078+ <tr><td class="e">display_startup_errors</td><td class="v">On</td><td class="v">On</td></tr>
079+ <tr><td class="e">doc_root</td><td class="v"><i>no value</i></td><td class="v"><i>no value</i></td></tr>
080+ <tr><td class="e">docref_ext</td><td class="v">.html</td><td class="v">.html</td></tr>
081+ <tr><td class="e">docref_root</td><td class="v"><i>no value</i></td><td class="v"><i>no value</i></td></tr>
082+ <tr><td class="e">enable_dl</td><td class="v">On</td><td class="v">On</td></tr>
083+ <tr><td class="e">enable_post_data_reading</td><td class="v">On</td><td class="v">On</td></tr>
084+ <tr><td class="e">error_append_string</td><td class="v"><i>no value</i></td><td class="v"><i>no value</i></td></tr>
085+ <tr><td class="e">error_log</td><td class="v"><i>no value</i></td><td class="v"><i>no value</i></td></tr>
086+ <tr><td class="e">error_prepend_string</td><td class="v"><i>no value</i></td><td class="v"><i>no value</i></td></tr>
087+ <tr><td class="e">error_reporting</td><td class="v">32767</td><td class="v">32767</td></tr>
088+ <tr><td class="e">exit_on_timeout</td><td class="v">Off</td><td class="v">Off</td></tr>
089+ <tr><td class="e">expose_php</td><td class="v">On</td><td class="v">On</td></tr>
090+ <tr><td class="e">extension_dir</td><td class="v">/usr/local/lib/php/extensions/no-debug-non-zts-20100525</td><td class="v">/usr/local/lib/php/extensions/no-debug-non-zts-20100525</td></tr>
091+ <tr><td class="e">file_uploads</td><td class="v">On</td><td class="v">On</td></tr>
092+ <tr><td class="e">highlight.comment</td><td class="v"><font style="color: #FF8000">#FF8000</font></td><td class="v"><font style="color: #FF8000">#FF8000</font></td></tr>
093+ <tr><td class="e">highlight.default</td><td class="v"><font style="color: #0000BB">#0000BB</font></td><td class="v"><font style="color: #0000BB">#0000BB</font></td></tr>
094+ <tr><td class="e">highlight.html</td><td class="v"><font style="color: #000000">#000000</font></td><td class="v"><font style="color: #000000">#000000</font></td></tr>
095+ <tr><td class="e">highlight.keyword</td><td class="v"><font style="color: #007700">#007700</font></td><td class="v"><font style="color: #007700">#007700</font></td></tr>
096+ <tr><td class="e">highlight.string</td><td class="v"><font style="color: #DD0000">#DD0000</font></td><td class="v"><font style="color: #DD0000">#DD0000</font></td></tr>
097+ <tr><td class="e">html_errors</td><td class="v">Off</td><td class="v">Off</td></tr>
098+ <tr><td class="e">ignore_repeated_errors</td><td class="v">Off</td><td class="v">Off</td></tr>
099+ <tr><td class="e">ignore_repeated_source</td><td class="v">Off</td><td class="v">Off</td></tr>
100+ <tr><td class="e">ignore_user_abort</td><td class="v">Off</td><td class="v">Off</td></tr>
101+ <tr><td class="e">implicit_flush</td><td class="v">Off</td><td class="v">Off</td></tr>
102+ <tr><td class="e">include_path</td><td class="v">.:/usr/local/lib/php</td><td class="v">.:/usr/local/lib/php</td></tr>
103+ <tr><td class="e">log_errors</td><td class="v">Off</td><td class="v">Off</td></tr>
104+ <tr><td class="e">log_errors_max_len</td><td class="v">1024</td><td class="v">1024</td></tr>
105+ <tr><td class="e">mail.add_x_header</td><td class="v">Off</td><td class="v">Off</td></tr>
106+ <tr><td class="e">mail.force_extra_parameters</td><td class="v"><i>no value</i></td><td class="v"><i>no value</i></td></tr>
107+ <tr><td class="e">mail.log</td><td class="v"><i>no value</i></td><td class="v"><i>no value</i></td></tr>
108+ <tr><td class="e">max_execution_time</td><td class="v">30</td><td class="v">30</td></tr>
109+ <tr><td class="e">max_file_uploads</td><td class="v">20</td><td class="v">20</td></tr>
110+ <tr><td class="e">max_input_nesting_level</td><td class="v">64</td><td class="v">64</td></tr>
111+ <tr><td class="e">max_input_time</td><td class="v">-1</td><td class="v">-1</td></tr>
112+ <tr><td class="e">memory_limit</td><td class="v">128M</td><td class="v">128M</td></tr>
113+ <tr><td class="e">open_basedir</td><td class="v"><i>no value</i></td><td class="v"><i>no value</i></td></tr>
114+ <tr><td class="e">output_buffering</td><td class="v"><i>no value</i></td><td class="v"><i>no value</i></td></tr>
115+ <tr><td class="e">output_handler</td><td class="v"><i>no value</i></td><td class="v"><i>no value</i></td></tr>
116+ <tr><td class="e">post_max_size</td><td class="v">8M</td><td class="v">8M</td></tr>
117+ <tr><td class="e">precision</td><td class="v">14</td><td class="v">14</td></tr>
118+ <tr><td class="e">realpath_cache_size</td><td class="v">16K</td><td class="v">16K</td></tr>
119+ <tr><td class="e">realpath_cache_ttl</td><td class="v">120</td><td class="v">120</td></tr>
120+ <tr><td class="e">register_argc_argv</td><td class="v">On</td><td class="v">On</td></tr>
121+ <tr><td class="e">report_memleaks</td><td class="v">On</td><td class="v">On</td></tr>
122+ <tr><td class="e">report_zend_debug</td><td class="v">Off</td><td class="v">Off</td></tr>
123+ <tr><td class="e">request_order</td><td class="v"><i>no value</i></td><td class="v"><i>no value</i></td></tr>
124+ <tr><td class="e">sendmail_from</td><td class="v"><i>no value</i></td><td class="v"><i>no value</i></td></tr>
125+ <tr><td class="e">sendmail_path</td><td class="v">&nbsp;-t&nbsp;-i&nbsp;</td><td class="v">&nbsp;-t&nbsp;-i&nbsp;</td></tr>
126+ <tr><td class="e">serialize_precision</td><td class="v">17</td><td class="v">17</td></tr>
127+ <tr><td class="e">short_open_tag</td><td class="v">On</td><td class="v">On</td></tr>
128+ <tr><td class="e">SMTP</td><td class="v">localhost</td><td class="v">localhost</td></tr>
129+ <tr><td class="e">smtp_port</td><td class="v">25</td><td class="v">25</td></tr>
130+ <tr><td class="e">sql.safe_mode</td><td class="v">Off</td><td class="v">Off</td></tr>
131+ <tr><td class="e">track_errors</td><td class="v">On</td><td class="v">On</td></tr>
132+ <tr><td class="e">unserialize_callback_func</td><td class="v"><i>no value</i></td><td class="v"><i>no value</i></td></tr>
133+ <tr><td class="e">upload_max_filesize</td><td class="v">2M</td><td class="v">2M</td></tr>
134+ <tr><td class="e">upload_tmp_dir</td><td class="v"><i>no value</i></td><td class="v"><i>no value</i></td></tr>
135+ <tr><td class="e">user_dir</td><td class="v"><i>no value</i></td><td class="v"><i>no value</i></td></tr>
136+ <tr><td class="e">user_ini.cache_ttl</td><td class="v">300</td><td class="v">300</td></tr>
137+ <tr><td class="e">user_ini.filename</td><td class="v">.user.ini</td><td class="v">.user.ini</td></tr>
138+ <tr><td class="e">variables_order</td><td class="v">EGPCS</td><td class="v">EGPCS</td></tr>
139+ <tr><td class="e">xmlrpc_error_number</td><td class="v">0</td><td class="v">0</td></tr>
140+ <tr><td class="e">xmlrpc_errors</td><td class="v">Off</td><td class="v">Off</td></tr>
141+ <tr><td class="e">zend.detect_unicode</td><td class="v">On</td><td class="v">On</td></tr>
142+ <tr><td class="e">zend.enable_gc</td><td class="v">On</td><td class="v">On</td></tr>
143+ <tr><td class="e">zend.multibyte</td><td class="v">Off</td><td class="v">Off</td></tr>
144+ <tr><td class="e">zend.script_encoding</td><td class="v"><i>no value</i></td><td class="v"><i>no value</i></td></tr>
145+ <tr><td class="e">zend.signal_check</td><td class="v">Off</td><td class="v">Off</td></tr>
146+ </table><br />
147+ <h2><a name="module_ctype">ctype</a></h2>
148+ <table border="0" cellpadding="3" width="600">
149+ <tr><td class="e">ctype functions </td><td class="v">enabled </td></tr>
150+ </table><br />
151+ <h2><a name="module_date">date</a></h2>
152+ <table border="0" cellpadding="3" width="600">
153+ <tr><td class="e">date/time support </td><td class="v">enabled </td></tr>
154+ <tr><td class="e">&quot;Olson&quot; Timezone Database Version </td><td class="v">2011.14 </td></tr>
155+ <tr><td class="e">Timezone Database </td><td class="v">internal </td></tr>
156+ 
157+ Warning: phpinfo(): It is not safe to rely on the system's timezone settings. You are *required* to use the date.timezone setting or the date_default_timezone_set() function. In case you used any of those methods and you are still getting this warning, you most likely misspelled the timezone identifier. We selected the timezone 'UTC' for now, but please set date.timezone to select your timezone. in /home/conf/php-src-git/ext/phar/tests/phpinfo_004.php on line 2
158+ <tr><td class="e">Default timezone </td><td class="v">UTC </td></tr>
159+ </table><br />
160+ <table border="0" cellpadding="3" width="600">
161+ <tr class="h"><th>Directive</th><th>Local Value</th><th>Master Value</th></tr>
162+ <tr><td class="e">date.default_latitude</td><td class="v">31.7667</td><td class="v">31.7667</td></tr>
163+ <tr><td class="e">date.default_longitude</td><td class="v">35.2333</td><td class="v">35.2333</td></tr>
164+ <tr><td class="e">date.sunrise_zenith</td><td class="v">90.583333</td><td class="v">90.583333</td></tr>
165+ <tr><td class="e">date.sunset_zenith</td><td class="v">90.583333</td><td class="v">90.583333</td></tr>
166+ <tr><td class="e">date.timezone</td><td class="v"><i>no value</i></td><td class="v"><i>no value</i></td></tr>
167+ </table><br />
168+ <h2><a name="module_dom">dom</a></h2>
169+ <table border="0" cellpadding="3" width="600">
170+ <tr><td class="e">DOM/XML </td><td class="v">enabled </td></tr>
171+ <tr><td class="e">DOM/XML API Version </td><td class="v">20031129 </td></tr>
172+ <tr><td class="e">libxml Version </td><td class="v">2.7.8 </td></tr>
173+ <tr><td class="e">HTML Support </td><td class="v">enabled </td></tr>
174+ <tr><td class="e">XPath Support </td><td class="v">enabled </td></tr>
175+ <tr><td class="e">XPointer Support </td><td class="v">enabled </td></tr>
176+ <tr><td class="e">Schema Support </td><td class="v">enabled </td></tr>
177+ <tr><td class="e">RelaxNG Support </td><td class="v">enabled </td></tr>
178+ </table><br />
179+ <h2><a name="module_ereg">ereg</a></h2>
180+ <table border="0" cellpadding="3" width="600">
181+ <tr><td class="e">Regex Library </td><td class="v">Bundled library enabled </td></tr>
182+ </table><br />
183+ <h2><a name="module_exif">exif</a></h2>
184+ <table border="0" cellpadding="3" width="600">
185+ <tr><td class="e">EXIF Support </td><td class="v">enabled </td></tr>
186+ <tr><td class="e">EXIF Version </td><td class="v">1.4 $Id$ </td></tr>
187+ <tr><td class="e">Supported EXIF Version </td><td class="v">0220 </td></tr>
188+ <tr><td class="e">Supported filetypes </td><td class="v">JPEG,TIFF </td></tr>
189+ </table><br />
190+ <table border="0" cellpadding="3" width="600">
191+ <tr class="h"><th>Directive</th><th>Local Value</th><th>Master Value</th></tr>
192+ <tr><td class="e">exif.decode_jis_intel</td><td class="v">JIS</td><td class="v">JIS</td></tr>
193+ <tr><td class="e">exif.decode_jis_motorola</td><td class="v">JIS</td><td class="v">JIS</td></tr>
194+ <tr><td class="e">exif.decode_unicode_intel</td><td class="v">UCS-2LE</td><td class="v">UCS-2LE</td></tr>
195+ <tr><td class="e">exif.decode_unicode_motorola</td><td class="v">UCS-2BE</td><td class="v">UCS-2BE</td></tr>
196+ <tr><td class="e">exif.encode_jis</td><td class="v"><i>no value</i></td><td class="v"><i>no value</i></td></tr>
197+ <tr><td class="e">exif.encode_unicode</td><td class="v">ISO-8859-15</td><td class="v">ISO-8859-15</td></tr>
198+ </table><br />
199+ <h2><a name="module_fileinfo">fileinfo</a></h2>
200+ <table border="0" cellpadding="3" width="600">
201+ <tr class="h"><th>fileinfo support</th><th>enabled</th></tr>
202+ <tr><td class="e">version </td><td class="v">1.0.5-dev </td></tr>
203+ </table><br />
204+ <h2><a name="module_filter">filter</a></h2>
205+ <table border="0" cellpadding="3" width="600">
206+ <tr><td class="e">Input Validation and Filtering </td><td class="v">enabled </td></tr>
207+ <tr><td class="e">Revision </td><td class="v">$Revision$ </td></tr>
208+ </table><br />
209+ <table border="0" cellpadding="3" width="600">
210+ <tr class="h"><th>Directive</th><th>Local Value</th><th>Master Value</th></tr>
211+ <tr><td class="e">filter.default</td><td class="v">unsafe_raw</td><td class="v">unsafe_raw</td></tr>
212+ <tr><td class="e">filter.default_flags</td><td class="v"><i>no value</i></td><td class="v"><i>no value</i></td></tr>
213+ </table><br />
214+ <h2><a name="module_gd">gd</a></h2>
215+ <table border="0" cellpadding="3" width="600">
216+ <tr><td class="e">GD Support </td><td class="v">enabled </td></tr>
217+ <tr><td class="e">GD Version </td><td class="v">bundled (2.0.34 compatible) </td></tr>
218+ <tr><td class="e">FreeType Support </td><td class="v">enabled </td></tr>
219+ <tr><td class="e">FreeType Linkage </td><td class="v">with freetype </td></tr>
220+ <tr><td class="e">FreeType Version </td><td class="v">2.4.4 </td></tr>
221+ <tr><td class="e">GIF Read Support </td><td class="v">enabled </td></tr>
222+ <tr><td class="e">GIF Create Support </td><td class="v">enabled </td></tr>
223+ <tr><td class="e">JPEG Support </td><td class="v">enabled </td></tr>
224+ <tr><td class="e">libJPEG Version </td><td class="v">8 </td></tr>
225+ <tr><td class="e">PNG Support </td><td class="v">enabled </td></tr>
226+ <tr><td class="e">libPNG Version </td><td class="v">1.2.46 </td></tr>
227+ <tr><td class="e">WBMP Support </td><td class="v">enabled </td></tr>
228+ <tr><td class="e">XBM Support </td><td class="v">enabled </td></tr>
229+ </table><br />
230+ <table border="0" cellpadding="3" width="600">
231+ <tr class="h"><th>Directive</th><th>Local Value</th><th>Master Value</th></tr>
232+ <tr><td class="e">gd.jpeg_ignore_warning</td><td class="v">0</td><td class="v">0</td></tr>
233+ </table><br />
234+ <h2><a name="module_gettext">gettext</a></h2>
235+ <table border="0" cellpadding="3" width="600">
236+ <tr><td class="e">GetText Support </td><td class="v">enabled </td></tr>
237+ </table><br />
238+ <h2><a name="module_hash">hash</a></h2>
239+ <table border="0" cellpadding="3" width="600">
240+ <tr><td class="e">hash support </td><td class="v">enabled </td></tr>
241+ <tr><td class="e">Hashing Engines </td><td class="v">md2 md4 md5 sha1 sha224 sha256 sha384 sha512 ripemd128 ripemd160 ripemd256 ripemd320 whirlpool tiger128,3 tiger160,3 tiger192,3 tiger128,4 tiger160,4 tiger192,4 snefru snefru256 gost adler32 crc32 crc32b salsa10 salsa20 fnv132 fnv164 joaat haval128,3 haval160,3 haval192,3 haval224,3 haval256,3 haval128,4 haval160,4 haval192,4 haval224,4 haval256,4 haval128,5 haval160,5 haval192,5 haval224,5 haval256,5  </td></tr>
242+ </table><br />
243+ <h2><a name="module_iconv">iconv</a></h2>
244+ <table border="0" cellpadding="3" width="600">
245+ <tr><td class="e">iconv support </td><td class="v">enabled </td></tr>
246+ <tr><td class="e">iconv implementation </td><td class="v">glibc </td></tr>
247+ <tr><td class="e">iconv library version </td><td class="v">2.13 </td></tr>
248+ </table><br />
249+ <table border="0" cellpadding="3" width="600">
250+ <tr class="h"><th>Directive</th><th>Local Value</th><th>Master Value</th></tr>
251+ <tr><td class="e">iconv.input_encoding</td><td class="v">ISO-8859-1</td><td class="v">ISO-8859-1</td></tr>
252+ <tr><td class="e">iconv.internal_encoding</td><td class="v">ISO-8859-1</td><td class="v">ISO-8859-1</td></tr>
253+ <tr><td class="e">iconv.output_encoding</td><td class="v">ISO-8859-1</td><td class="v">ISO-8859-1</td></tr>
254+ </table><br />
255+ <h2><a name="module_json">json</a></h2>
256+ <table border="0" cellpadding="3" width="600">
257+ <tr><td class="e">json support </td><td class="v">enabled </td></tr>
258+ <tr><td class="e">json version </td><td class="v">1.2.1 </td></tr>
259+ </table><br />
260+ <h2><a name="module_libxml">libxml</a></h2>
261+ <table border="0" cellpadding="3" width="600">
262+ <tr><td class="e">libXML support </td><td class="v">active </td></tr>
263+ <tr><td class="e">libXML Compiled Version </td><td class="v">2.7.8 </td></tr>
264+ <tr><td class="e">libXML Loaded Version </td><td class="v">20708 </td></tr>
265+ <tr><td class="e">libXML streams </td><td class="v">enabled </td></tr>
266+ </table><br />
267+ <h2><a name="module_mcrypt">mcrypt</a></h2>
268+ <table border="0" cellpadding="3" width="600">
269+ <tr class="h"><th>mcrypt support</th><th>enabled</th></tr>
270+ <tr class="h"><th>mcrypt_filter support</th><th>enabled</th></tr>
271+ <tr><td class="e">Version </td><td class="v">2.5.8 </td></tr>
272+ <tr><td class="e">Api No </td><td class="v">20021217 </td></tr>
273+ <tr><td class="e">Supported ciphers </td><td class="v">cast-128 gost rijndael-128 twofish arcfour cast-256 loki97 rijndael-192 saferplus wake blowfish-compat des rijndael-256 serpent xtea blowfish enigma rc2 tripledes  </td></tr>
274+ <tr><td class="e">Supported modes </td><td class="v">cbc cfb ctr ecb ncfb nofb ofb stream  </td></tr>
275+ </table><br />
276+ <table border="0" cellpadding="3" width="600">
277+ <tr class="h"><th>Directive</th><th>Local Value</th><th>Master Value</th></tr>
278+ <tr><td class="e">mcrypt.algorithms_dir</td><td class="v"><i>no value</i></td><td class="v"><i>no value</i></td></tr>
279+ <tr><td class="e">mcrypt.modes_dir</td><td class="v"><i>no value</i></td><td class="v"><i>no value</i></td></tr>
280+ </table><br />
281+ <h2><a name="module_mhash">mhash</a></h2>
282+ <table border="0" cellpadding="3" width="600">
283+ <tr><td class="e">MHASH support </td><td class="v">Enabled </td></tr>
284+ <tr><td class="e">MHASH API Version </td><td class="v">Emulated Support </td></tr>
285+ </table><br />
286+ <h2><a name="module_mysql">mysql</a></h2>
287+ <table border="0" cellpadding="3" width="600">
288+ <tr class="h"><th>MySQL Support</th><th>enabled</th></tr>
289+ <tr><td class="e">Active Persistent Links </td><td class="v">0 </td></tr>
290+ <tr><td class="e">Active Links </td><td class="v">0 </td></tr>
291+ <tr><td class="e">Client API version </td><td class="v">mysqlnd 5.0.10-dev - 20111026 - $Revision$ </td></tr>
292+ </table><br />
293+ <table border="0" cellpadding="3" width="600">
294+ <tr class="h"><th>Directive</th><th>Local Value</th><th>Master Value</th></tr>
295+ <tr><td class="e">mysql.allow_local_infile</td><td class="v">On</td><td class="v">On</td></tr>
296+ <tr><td class="e">mysql.allow_persistent</td><td class="v">On</td><td class="v">On</td></tr>
297+ <tr><td class="e">mysql.connect_timeout</td><td class="v">60</td><td class="v">60</td></tr>
298+ <tr><td class="e">mysql.default_host</td><td class="v"><i>no value</i></td><td class="v"><i>no value</i></td></tr>
299+ <tr><td class="e">mysql.default_password</td><td class="v"><i>no value</i></td><td class="v"><i>no value</i></td></tr>
300+ <tr><td class="e">mysql.default_port</td><td class="v"><i>no value</i></td><td class="v"><i>no value</i></td></tr>
301+ <tr><td class="e">mysql.default_socket</td><td class="v">/var/run/mysqld/mysqld.sock</td><td class="v">/var/run/mysqld/mysqld.sock</td></tr>
302+ <tr><td class="e">mysql.default_user</td><td class="v"><i>no value</i></td><td class="v"><i>no value</i></td></tr>
303+ <tr><td class="e">mysql.max_links</td><td class="v">Unlimited</td><td class="v">Unlimited</td></tr>
304+ <tr><td class="e">mysql.max_persistent</td><td class="v">Unlimited</td><td class="v">Unlimited</td></tr>
305+ <tr><td class="e">mysql.trace_mode</td><td class="v">Off</td><td class="v">Off</td></tr>
306+ </table><br />
307+ <h2><a name="module_mysqlnd">mysqlnd</a></h2>
308+ <table border="0" cellpadding="3" width="600">
309+ <tr class="h"><th>mysqlnd</th><th>enabled</th></tr>
310+ <tr><td class="e">Version </td><td class="v">mysqlnd 5.0.10-dev - 20111026 - $Revision$ </td></tr>
311+ <tr><td class="e">Compression </td><td class="v">supported </td></tr>
312+ <tr><td class="e">SSL </td><td class="v">supported </td></tr>
313+ <tr><td class="e">Command buffer size </td><td class="v">4096 </td></tr>
314+ <tr><td class="e">Read buffer size </td><td class="v">32768 </td></tr>
315+ <tr><td class="e">Read timeout </td><td class="v">31536000 </td></tr>
316+ <tr><td class="e">Collecting statistics </td><td class="v">Yes </td></tr>
317+ <tr><td class="e">Collecting memory statistics </td><td class="v">No </td></tr>
318+ <tr><td class="e">Tracing </td><td class="v">n/a </td></tr>
319+ <tr><td class="e">Loaded plugins </td><td class="v">mysqlnd,example,debug_trace,auth_plugin_mysql_native_password,auth_plugin_mysql_clear_password </td></tr>
320+ <tr><td class="e">API Extensions </td><td class="v">mysql </td></tr>
321+ </table><br />
322+ <table border="0" cellpadding="3" width="600">
323+ <tr class="h"><th>mysqlnd statistics</th><th> </th></tr>
324+ <tr><td class="e">bytes_sent </td><td class="v">0 </td></tr>
325+ <tr><td class="e">bytes_received </td><td class="v">0 </td></tr>
326+ <tr><td class="e">packets_sent </td><td class="v">0 </td></tr>
327+ <tr><td class="e">packets_received </td><td class="v">0 </td></tr>
328+ <tr><td class="e">protocol_overhead_in </td><td class="v">0 </td></tr>
329+ <tr><td class="e">protocol_overhead_out </td><td class="v">0 </td></tr>
330+ <tr><td class="e">bytes_received_ok_packet </td><td class="v">0 </td></tr>
331+ <tr><td class="e">bytes_received_eof_packet </td><td class="v">0 </td></tr>
332+ <tr><td class="e">bytes_received_rset_header_packet </td><td class="v">0 </td></tr>
333+ <tr><td class="e">bytes_received_rset_field_meta_packet </td><td class="v">0 </td></tr>
334+ <tr><td class="e">bytes_received_rset_row_packet </td><td class="v">0 </td></tr>
335+ <tr><td class="e">bytes_received_prepare_response_packet </td><td class="v">0 </td></tr>
336+ <tr><td class="e">bytes_received_change_user_packet </td><td class="v">0 </td></tr>
337+ <tr><td class="e">packets_sent_command </td><td class="v">0 </td></tr>
338+ <tr><td class="e">packets_received_ok </td><td class="v">0 </td></tr>
339+ <tr><td class="e">packets_received_eof </td><td class="v">0 </td></tr>
340+ <tr><td class="e">packets_received_rset_header </td><td class="v">0 </td></tr>
341+ <tr><td class="e">packets_received_rset_field_meta </td><td class="v">0 </td></tr>
342+ <tr><td class="e">packets_received_rset_row </td><td class="v">0 </td></tr>
343+ <tr><td class="e">packets_received_prepare_response </td><td class="v">0 </td></tr>
344+ <tr><td class="e">packets_received_change_user </td><td class="v">0 </td></tr>
345+ <tr><td class="e">result_set_queries </td><td class="v">0 </td></tr>
346+ <tr><td class="e">non_result_set_queries </td><td class="v">0 </td></tr>
347+ <tr><td class="e">no_index_used </td><td class="v">0 </td></tr>
348+ <tr><td class="e">bad_index_used </td><td class="v">0 </td></tr>
349+ <tr><td class="e">slow_queries </td><td class="v">0 </td></tr>
350+ <tr><td class="e">buffered_sets </td><td class="v">0 </td></tr>
351+ <tr><td class="e">unbuffered_sets </td><td class="v">0 </td></tr>
352+ <tr><td class="e">ps_buffered_sets </td><td class="v">0 </td></tr>
353+ <tr><td class="e">ps_unbuffered_sets </td><td class="v">0 </td></tr>
354+ <tr><td class="e">flushed_normal_sets </td><td class="v">0 </td></tr>
355+ <tr><td class="e">flushed_ps_sets </td><td class="v">0 </td></tr>
356+ <tr><td class="e">ps_prepared_never_executed </td><td class="v">0 </td></tr>
357+ <tr><td class="e">ps_prepared_once_executed </td><td class="v">0 </td></tr>
358+ <tr><td class="e">rows_fetched_from_server_normal </td><td class="v">0 </td></tr>
359+ <tr><td class="e">rows_fetched_from_server_ps </td><td class="v">0 </td></tr>
360+ <tr><td class="e">rows_buffered_from_client_normal </td><td class="v">0 </td></tr>
361+ <tr><td class="e">rows_buffered_from_client_ps </td><td class="v">0 </td></tr>
362+ <tr><td class="e">rows_fetched_from_client_normal_buffered </td><td class="v">0 </td></tr>
363+ <tr><td class="e">rows_fetched_from_client_normal_unbuffered </td><td class="v">0 </td></tr>
364+ <tr><td class="e">rows_fetched_from_client_ps_buffered </td><td class="v">0 </td></tr>
365+ <tr><td class="e">rows_fetched_from_client_ps_unbuffered </td><td class="v">0 </td></tr>
366+ <tr><td class="e">rows_fetched_from_client_ps_cursor </td><td class="v">0 </td></tr>
367+ <tr><td class="e">rows_affected_normal </td><td class="v">0 </td></tr>
368+ <tr><td class="e">rows_affected_ps </td><td class="v">0 </td></tr>
369+ <tr><td class="e">rows_skipped_normal </td><td class="v">0 </td></tr>
370+ <tr><td class="e">rows_skipped_ps </td><td class="v">0 </td></tr>
371+ <tr><td class="e">copy_on_write_saved </td><td class="v">0 </td></tr>
372+ <tr><td class="e">copy_on_write_performed </td><td class="v">0 </td></tr>
373+ <tr><td class="e">command_buffer_too_small </td><td class="v">0 </td></tr>
374+ <tr><td class="e">connect_success </td><td class="v">0 </td></tr>
375+ <tr><td class="e">connect_failure </td><td class="v">0 </td></tr>
376+ <tr><td class="e">connection_reused </td><td class="v">0 </td></tr>
377+ <tr><td class="e">reconnect </td><td class="v">0 </td></tr>
378+ <tr><td class="e">pconnect_success </td><td class="v">0 </td></tr>
379+ <tr><td class="e">active_connections </td><td class="v">0 </td></tr>
380+ <tr><td class="e">active_persistent_connections </td><td class="v">0 </td></tr>
381+ <tr><td class="e">explicit_close </td><td class="v">0 </td></tr>
382+ <tr><td class="e">implicit_close </td><td class="v">0 </td></tr>
383+ <tr><td class="e">disconnect_close </td><td class="v">0 </td></tr>
384+ <tr><td class="e">in_middle_of_command_close </td><td class="v">0 </td></tr>
385+ <tr><td class="e">explicit_free_result </td><td class="v">0 </td></tr>
386+ <tr><td class="e">implicit_free_result </td><td class="v">0 </td></tr>
387+ <tr><td class="e">explicit_stmt_close </td><td class="v">0 </td></tr>
388+ <tr><td class="e">implicit_stmt_close </td><td class="v">0 </td></tr>
389+ <tr><td class="e">mem_emalloc_count </td><td class="v">0 </td></tr>
390+ <tr><td class="e">mem_emalloc_amount </td><td class="v">0 </td></tr>
391+ <tr><td class="e">mem_ecalloc_count </td><td class="v">0 </td></tr>
392+ <tr><td class="e">mem_ecalloc_amount </td><td class="v">0 </td></tr>
393+ <tr><td class="e">mem_erealloc_count </td><td class="v">0 </td></tr>
394+ <tr><td class="e">mem_erealloc_amount </td><td class="v">0 </td></tr>
395+ <tr><td class="e">mem_efree_count </td><td class="v">0 </td></tr>
396+ <tr><td class="e">mem_efree_amount </td><td class="v">0 </td></tr>
397+ <tr><td class="e">mem_malloc_count </td><td class="v">0 </td></tr>
398+ <tr><td class="e">mem_malloc_amount </td><td class="v">0 </td></tr>
399+ <tr><td class="e">mem_calloc_count </td><td class="v">0 </td></tr>
400+ <tr><td class="e">mem_calloc_amount </td><td class="v">0 </td></tr>
401+ <tr><td class="e">mem_realloc_count </td><td class="v">0 </td></tr>
402+ <tr><td class="e">mem_realloc_amount </td><td class="v">0 </td></tr>
403+ <tr><td class="e">mem_free_count </td><td class="v">0 </td></tr>
404+ <tr><td class="e">mem_free_amount </td><td class="v">0 </td></tr>
405+ <tr><td class="e">mem_estrndup_count </td><td class="v">0 </td></tr>
406+ <tr><td class="e">mem_strndup_count </td><td class="v">0 </td></tr>
407+ <tr><td class="e">mem_estndup_count </td><td class="v">0 </td></tr>
408+ <tr><td class="e">mem_strdup_count </td><td class="v">0 </td></tr>
409+ <tr><td class="e">proto_text_fetched_null </td><td class="v">0 </td></tr>
410+ <tr><td class="e">proto_text_fetched_bit </td><td class="v">0 </td></tr>
411+ <tr><td class="e">proto_text_fetched_tinyint </td><td class="v">0 </td></tr>
412+ <tr><td class="e">proto_text_fetched_short </td><td class="v">0 </td></tr>
413+ <tr><td class="e">proto_text_fetched_int24 </td><td class="v">0 </td></tr>
414+ <tr><td class="e">proto_text_fetched_int </td><td class="v">0 </td></tr>
415+ <tr><td class="e">proto_text_fetched_bigint </td><td class="v">0 </td></tr>
416+ <tr><td class="e">proto_text_fetched_decimal </td><td class="v">0 </td></tr>
417+ <tr><td class="e">proto_text_fetched_float </td><td class="v">0 </td></tr>
418+ <tr><td class="e">proto_text_fetched_double </td><td class="v">0 </td></tr>
419+ <tr><td class="e">proto_text_fetched_date </td><td class="v">0 </td></tr>
420+ <tr><td class="e">proto_text_fetched_year </td><td class="v">0 </td></tr>
421+ <tr><td class="e">proto_text_fetched_time </td><td class="v">0 </td></tr>
422+ <tr><td class="e">proto_text_fetched_datetime </td><td class="v">0 </td></tr>
423+ <tr><td class="e">proto_text_fetched_timestamp </td><td class="v">0 </td></tr>
424+ <tr><td class="e">proto_text_fetched_string </td><td class="v">0 </td></tr>
425+ <tr><td class="e">proto_text_fetched_blob </td><td class="v">0 </td></tr>
426+ <tr><td class="e">proto_text_fetched_enum </td><td class="v">0 </td></tr>
427+ <tr><td class="e">proto_text_fetched_set </td><td class="v">0 </td></tr>
428+ <tr><td class="e">proto_text_fetched_geometry </td><td class="v">0 </td></tr>
429+ <tr><td class="e">proto_text_fetched_other </td><td class="v">0 </td></tr>
430+ <tr><td class="e">proto_binary_fetched_null </td><td class="v">0 </td></tr>
431+ <tr><td class="e">proto_binary_fetched_bit </td><td class="v">0 </td></tr>
432+ <tr><td class="e">proto_binary_fetched_tinyint </td><td class="v">0 </td></tr>
433+ <tr><td class="e">proto_binary_fetched_short </td><td class="v">0 </td></tr>
434+ <tr><td class="e">proto_binary_fetched_int24 </td><td class="v">0 </td></tr>
435+ <tr><td class="e">proto_binary_fetched_int </td><td class="v">0 </td></tr>
436+ <tr><td class="e">proto_binary_fetched_bigint </td><td class="v">0 </td></tr>
437+ <tr><td class="e">proto_binary_fetched_decimal </td><td class="v">0 </td></tr>
438+ <tr><td class="e">proto_binary_fetched_float </td><td class="v">0 </td></tr>
439+ <tr><td class="e">proto_binary_fetched_double </td><td class="v">0 </td></tr>
440+ <tr><td class="e">proto_binary_fetched_date </td><td class="v">0 </td></tr>
441+ <tr><td class="e">proto_binary_fetched_year </td><td class="v">0 </td></tr>
442+ <tr><td class="e">proto_binary_fetched_time </td><td class="v">0 </td></tr>
443+ <tr><td class="e">proto_binary_fetched_datetime </td><td class="v">0 </td></tr>
444+ <tr><td class="e">proto_binary_fetched_timestamp </td><td class="v">0 </td></tr>
445+ <tr><td class="e">proto_binary_fetched_string </td><td class="v">0 </td></tr>
446+ <tr><td class="e">proto_binary_fetched_blob </td><td class="v">0 </td></tr>
447+ <tr><td class="e">proto_binary_fetched_enum </td><td class="v">0 </td></tr>
448+ <tr><td class="e">proto_binary_fetched_set </td><td class="v">0 </td></tr>
449+ <tr><td class="e">proto_binary_fetched_geometry </td><td class="v">0 </td></tr>
450+ <tr><td class="e">proto_binary_fetched_other </td><td class="v">0 </td></tr>
451+ <tr><td class="e">init_command_executed_count </td><td class="v">0 </td></tr>
452+ <tr><td class="e">init_command_failed_count </td><td class="v">0 </td></tr>
453+ <tr><td class="e">com_quit </td><td class="v">0 </td></tr>
454+ <tr><td class="e">com_init_db </td><td class="v">0 </td></tr>
455+ <tr><td class="e">com_query </td><td class="v">0 </td></tr>
456+ <tr><td class="e">com_field_list </td><td class="v">0 </td></tr>
457+ <tr><td class="e">com_create_db </td><td class="v">0 </td></tr>
458+ <tr><td class="e">com_drop_db </td><td class="v">0 </td></tr>
459+ <tr><td class="e">com_refresh </td><td class="v">0 </td></tr>
460+ <tr><td class="e">com_shutdown </td><td class="v">0 </td></tr>
461+ <tr><td class="e">com_statistics </td><td class="v">0 </td></tr>
462+ <tr><td class="e">com_process_info </td><td class="v">0 </td></tr>
463+ <tr><td class="e">com_connect </td><td class="v">0 </td></tr>
464+ <tr><td class="e">com_process_kill </td><td class="v">0 </td></tr>
465+ <tr><td class="e">com_debug </td><td class="v">0 </td></tr>
466+ <tr><td class="e">com_ping </td><td class="v">0 </td></tr>
467+ <tr><td class="e">com_time </td><td class="v">0 </td></tr>
468+ <tr><td class="e">com_delayed_insert </td><td class="v">0 </td></tr>
469+ <tr><td class="e">com_change_user </td><td class="v">0 </td></tr>
470+ <tr><td class="e">com_binlog_dump </td><td class="v">0 </td></tr>
471+ <tr><td class="e">com_table_dump </td><td class="v">0 </td></tr>
472+ <tr><td class="e">com_connect_out </td><td class="v">0 </td></tr>
473+ <tr><td class="e">com_register_slave </td><td class="v">0 </td></tr>
474+ <tr><td class="e">com_stmt_prepare </td><td class="v">0 </td></tr>
475+ <tr><td class="e">com_stmt_execute </td><td class="v">0 </td></tr>
476+ <tr><td class="e">com_stmt_send_long_data </td><td class="v">0 </td></tr>
477+ <tr><td class="e">com_stmt_close </td><td class="v">0 </td></tr>
478+ <tr><td class="e">com_stmt_reset </td><td class="v">0 </td></tr>
479+ <tr><td class="e">com_stmt_set_option </td><td class="v">0 </td></tr>
480+ <tr><td class="e">com_stmt_fetch </td><td class="v">0 </td></tr>
481+ <tr><td class="e">com_deamon </td><td class="v">0 </td></tr>
482+ <tr><td class="e">bytes_received_real_data_normal </td><td class="v">0 </td></tr>
483+ <tr><td class="e">bytes_received_real_data_ps </td><td class="v">0 </td></tr>
484+ </table><br />
485+ <table border="0" cellpadding="3" width="600">
486+ <tr class="h"><th>example statistics</th><th> </th></tr>
487+ <tr><td class="e">stat1 </td><td class="v">0 </td></tr>
488+ <tr><td class="e">stat2 </td><td class="v">0 </td></tr>
489+ </table><br />
490+ <h2><a name="module_pcre">pcre</a></h2>
491+ <table border="0" cellpadding="3" width="600">
492+ <tr><td class="e">PCRE (Perl Compatible Regular Expressions) Support </td><td class="v">enabled </td></tr>
493+ <tr><td class="e">PCRE Library Version </td><td class="v">8.12 2011-01-15 </td></tr>
494+ </table><br />
495+ <table border="0" cellpadding="3" width="600">
496+ <tr class="h"><th>Directive</th><th>Local Value</th><th>Master Value</th></tr>
497+ <tr><td class="e">pcre.backtrack_limit</td><td class="v">1000000</td><td class="v">1000000</td></tr>
498+ <tr><td class="e">pcre.recursion_limit</td><td class="v">100000</td><td class="v">100000</td></tr>
499+ </table><br />
500+ <h2><a name="module_PDO">PDO</a></h2>
501+ <table border="0" cellpadding="3" width="600">
502+ <tr class="h"><th>PDO support</th><th>enabled</th></tr>
503+ <tr><td class="e">PDO drivers </td><td class="v">sqlite </td></tr>
504+ </table><br />
505+ <h2><a name="module_pdo_sqlite">pdo_sqlite</a></h2>
506+ <table border="0" cellpadding="3" width="600">
507+ <tr class="h"><th>PDO Driver for SQLite 3.x</th><th>enabled</th></tr>
508+ <tr><td class="e">SQLite Library </td><td class="v">3.7.7.1 </td></tr>
509+ </table><br />
510+ <h2><a name="module_Phar">Phar</a></h2>
511+ <table border="0" cellpadding="3" width="600">
512+ <tr class="h"><th>Phar: PHP Archive support</th><th>enabled</th></tr>
513+ <tr><td class="e">Phar EXT version </td><td class="v">2.0.1 </td></tr>
514+ <tr><td class="e">Phar API version </td><td class="v">1.1.1 </td></tr>
515+ <tr><td class="e">SVN revision </td><td class="v">$Revision$ </td></tr>
516+ <tr><td class="e">Phar-based phar archives </td><td class="v">enabled </td></tr>
517+ <tr><td class="e">Tar-based phar archives </td><td class="v">enabled </td></tr>
518+ <tr><td class="e">ZIP-based phar archives </td><td class="v">enabled </td></tr>
519+ <tr><td class="e">gzip compression </td><td class="v">enabled </td></tr>
520+ <tr><td class="e">bzip2 compression </td><td class="v">enabled </td></tr>
521+ <tr><td class="e">OpenSSL support </td><td class="v">disabled (install ext/openssl) </td></tr>
522+ </table><br />
523+ <table border="0" cellpadding="3" width="600">
524+ <tr class="v"><td>
525+ Phar based on pear/PHP_Archive, original concept by Davey Shafik.<br />Phar fully realized by Gregory Beaver and Marcus Boerger.<br />Portions of tar implementation Copyright (c) 2003-2009 Tim Kientzle.</td></tr>
526+ </table><br />
527+ <table border="0" cellpadding="3" width="600">
528+ <tr class="h"><th>Directive</th><th>Local Value</th><th>Master Value</th></tr>
529+ <tr><td class="e">phar.cache_list</td><td class="v"><i>no value</i></td><td class="v"><i>no value</i></td></tr>
530+ <tr><td class="e">phar.readonly</td><td class="v">Off</td><td class="v">Off</td></tr>
531+ <tr><td class="e">phar.require_hash</td><td class="v">Off</td><td class="v">Off</td></tr>
532+ </table><br />
533+ <h2><a name="module_posix">posix</a></h2>
534+ <table border="0" cellpadding="3" width="600">
535+ <tr><td class="e">Revision </td><td class="v">$Revision$ </td></tr>
536+ </table><br />
537+ <h2><a name="module_Reflection">Reflection</a></h2>
538+ <table border="0" cellpadding="3" width="600">
539+ <tr class="h"><th>Reflection</th><th>enabled</th></tr>
540+ <tr><td class="e">Version </td><td class="v">$Revision$ </td></tr>
541+ </table><br />
542+ <h2><a name="module_session">session</a></h2>
543+ <table border="0" cellpadding="3" width="600">
544+ <tr><td class="e">Session Support </td><td class="v">enabled </td></tr>
545+ <tr><td class="e">Registered save handlers </td><td class="v">files user  </td></tr>
546+ <tr><td class="e">Registered serializer handlers </td><td class="v">php php_binary  </td></tr>
547+ </table><br />
548+ <table border="0" cellpadding="3" width="600">
549+ <tr class="h"><th>Directive</th><th>Local Value</th><th>Master Value</th></tr>
550+ <tr><td class="e">session.auto_start</td><td class="v">Off</td><td class="v">Off</td></tr>
551+ <tr><td class="e">session.cache_expire</td><td class="v">180</td><td class="v">180</td></tr>
552+ <tr><td class="e">session.cache_limiter</td><td class="v">nocache</td><td class="v">nocache</td></tr>
553+ <tr><td class="e">session.cookie_domain</td><td class="v"><i>no value</i></td><td class="v"><i>no value</i></td></tr>
554+ <tr><td class="e">session.cookie_httponly</td><td class="v">Off</td><td class="v">Off</td></tr>
555+ <tr><td class="e">session.cookie_lifetime</td><td class="v">0</td><td class="v">0</td></tr>
556+ <tr><td class="e">session.cookie_path</td><td class="v">/</td><td class="v">/</td></tr>
557+ <tr><td class="e">session.cookie_secure</td><td class="v">Off</td><td class="v">Off</td></tr>
558+ <tr><td class="e">session.entropy_file</td><td class="v">/dev/urandom</td><td class="v">/dev/urandom</td></tr>
559+ <tr><td class="e">session.entropy_length</td><td class="v">32</td><td class="v">32</td></tr>
560+ <tr><td class="e">session.gc_divisor</td><td class="v">100</td><td class="v">100</td></tr>
561+ <tr><td class="e">session.gc_maxlifetime</td><td class="v">1440</td><td class="v">1440</td></tr>
562+ <tr><td class="e">session.gc_probability</td><td class="v">1</td><td class="v">1</td></tr>
563+ <tr><td class="e">session.hash_bits_per_character</td><td class="v">4</td><td class="v">4</td></tr>
564+ <tr><td class="e">session.hash_function</td><td class="v">0</td><td class="v">0</td></tr>
565+ <tr><td class="e">session.name</td><td class="v">PHPSESSID</td><td class="v">PHPSESSID</td></tr>
566+ <tr><td class="e">session.referer_check</td><td class="v"><i>no value</i></td><td class="v"><i>no value</i></td></tr>
567+ <tr><td class="e">session.save_handler</td><td class="v">files</td><td class="v">files</td></tr>
568+ <tr><td class="e">session.save_path</td><td class="v"><i>no value</i></td><td class="v"><i>no value</i></td></tr>
569+ <tr><td class="e">session.serialize_handler</td><td class="v">php</td><td class="v">php</td></tr>
570+ <tr><td class="e">session.upload_progress.cleanup</td><td class="v">On</td><td class="v">On</td></tr>
571+ <tr><td class="e">session.upload_progress.enabled</td><td class="v">On</td><td class="v">On</td></tr>
572+ <tr><td class="e">session.upload_progress.freq</td><td class="v">1%</td><td class="v">1%</td></tr>
573+ <tr><td class="e">session.upload_progress.min_freq</td><td class="v">1</td><td class="v">1</td></tr>
574+ <tr><td class="e">session.upload_progress.name</td><td class="v">PHP_SESSION_UPLOAD_PROGRESS</td><td class="v">PHP_SESSION_UPLOAD_PROGRESS</td></tr>
575+ <tr><td class="e">session.upload_progress.prefix</td><td class="v">upload_progress_</td><td class="v">upload_progress_</td></tr>
576+ <tr><td class="e">session.use_cookies</td><td class="v">On</td><td class="v">On</td></tr>
577+ <tr><td class="e">session.use_only_cookies</td><td class="v">On</td><td class="v">On</td></tr>
578+ <tr><td class="e">session.use_trans_sid</td><td class="v">0</td><td class="v">0</td></tr>
579+ </table><br />
580+ <h2><a name="module_SimpleXML">SimpleXML</a></h2>
581+ <table border="0" cellpadding="3" width="600">
582+ <tr class="h"><th>Simplexml support</th><th>enabled</th></tr>
583+ <tr><td class="e">Revision </td><td class="v">$Revision$ </td></tr>
584+ <tr><td class="e">Schema support </td><td class="v">enabled </td></tr>
585+ </table><br />
586+ <h2><a name="module_SPL">SPL</a></h2>
587+ <table border="0" cellpadding="3" width="600">
588+ <tr class="h"><th>SPL support</th><th>enabled</th></tr>
589+ <tr><td class="e">Interfaces </td><td class="v">Countable, OuterIterator, RecursiveIterator, SeekableIterator, SplObserver, SplSubject </td></tr>
590+ <tr><td class="e">Classes </td><td class="v">AppendIterator, ArrayIterator, ArrayObject, BadFunctionCallException, BadMethodCallException, CachingIterator, CallbackFilterIterator, DirectoryIterator, DomainException, EmptyIterator, FilesystemIterator, FilterIterator, GlobIterator, InfiniteIterator, InvalidArgumentException, IteratorIterator, LengthException, LimitIterator, LogicException, MultipleIterator, NoRewindIterator, OutOfBoundsException, OutOfRangeException, OverflowException, ParentIterator, RangeException, RecursiveArrayIterator, RecursiveCachingIterator, RecursiveCallbackFilterIterator, RecursiveDirectoryIterator, RecursiveFilterIterator, RecursiveIteratorIterator, RecursiveRegexIterator, RecursiveTreeIterator, RegexIterator, RuntimeException, SplDoublyLinkedList, SplFileInfo, SplFileObject, SplFixedArray, SplHeap, SplMinHeap, SplMaxHeap, SplObjectStorage, SplPriorityQueue, SplQueue, SplStack, SplTempFileObject, UnderflowException, UnexpectedValueException </td></tr>
591+ </table><br />
592+ <h2><a name="module_sqlite3">sqlite3</a></h2>
593+ <table border="0" cellpadding="3" width="600">
594+ <tr class="h"><th>SQLite3 support</th><th>enabled</th></tr>
595+ <tr><td class="e">SQLite3 module version </td><td class="v">0.7-dev </td></tr>
596+ <tr><td class="e">SQLite Library </td><td class="v">3.7.7.1 </td></tr>
597+ </table><br />
598+ <table border="0" cellpadding="3" width="600">
599+ <tr class="h"><th>Directive</th><th>Local Value</th><th>Master Value</th></tr>
600+ <tr><td class="e">sqlite3.extension_dir</td><td class="v"><i>no value</i></td><td class="v"><i>no value</i></td></tr>
601+ </table><br />
602+ <h2><a name="module_standard">standard</a></h2>
603+ <table border="0" cellpadding="3" width="600">
604+ <tr><td class="e">Dynamic Library Support </td><td class="v">enabled </td></tr>
605+ <tr><td class="e">Path to sendmail </td><td class="v"> -t -i  </td></tr>
606+ </table><br />
607+ <table border="0" cellpadding="3" width="600">
608+ <tr class="h"><th>Directive</th><th>Local Value</th><th>Master Value</th></tr>
609+ <tr><td class="e">assert.active</td><td class="v">1</td><td class="v">1</td></tr>
610+ <tr><td class="e">assert.bail</td><td class="v">0</td><td class="v">0</td></tr>
611+ <tr><td class="e">assert.callback</td><td class="v"><i>no value</i></td><td class="v"><i>no value</i></td></tr>
612+ <tr><td class="e">assert.quiet_eval</td><td class="v">0</td><td class="v">0</td></tr>
613+ <tr><td class="e">assert.warning</td><td class="v">1</td><td class="v">1</td></tr>
614+ <tr><td class="e">auto_detect_line_endings</td><td class="v">0</td><td class="v">0</td></tr>
615+ <tr><td class="e">default_socket_timeout</td><td class="v">60</td><td class="v">60</td></tr>
616+ <tr><td class="e">from</td><td class="v"><i>no value</i></td><td class="v"><i>no value</i></td></tr>
617+ <tr><td class="e">url_rewriter.tags</td><td class="v">a=href,area=href,frame=src,form=,fieldset=</td><td class="v">a=href,area=href,frame=src,form=,fieldset=</td></tr>
618+ <tr><td class="e">user_agent</td><td class="v"><i>no value</i></td><td class="v"><i>no value</i></td></tr>
619+ </table><br />
620+ <h2><a name="module_tokenizer">tokenizer</a></h2>
621+ <table border="0" cellpadding="3" width="600">
622+ <tr><td class="e">Tokenizer Support </td><td class="v">enabled </td></tr>
623+ </table><br />
624+ <h2><a name="module_xml">xml</a></h2>
625+ <table border="0" cellpadding="3" width="600">
626+ <tr><td class="e">XML Support </td><td class="v">active </td></tr>
627+ <tr><td class="e">XML Namespace Support </td><td class="v">active </td></tr>
628+ <tr><td class="e">libxml2 Version </td><td class="v">2.7.8 </td></tr>
629+ </table><br />
630+ <h2><a name="module_xmlreader">xmlreader</a></h2>
631+ <table border="0" cellpadding="3" width="600">
632+ <tr><td class="e">XMLReader </td><td class="v">enabled </td></tr>
633+ </table><br />
634+ <h2><a name="module_xmlwriter">xmlwriter</a></h2>
635+ <table border="0" cellpadding="3" width="600">
636+ <tr><td class="e">XMLWriter </td><td class="v">enabled </td></tr>
637+ </table><br />
638+ <h2><a name="module_zlib">zlib</a></h2>
639+ <table border="0" cellpadding="3" width="600">
640+ <tr class="h"><th>ZLib Support</th><th>enabled</th></tr>
641+ <tr><td class="e">Stream Wrapper </td><td class="v">compress.zlib:// </td></tr>
642+ <tr><td class="e">Stream Filter </td><td class="v">zlib.inflate, zlib.deflate </td></tr>
643+ <tr><td class="e">Compiled Version </td><td class="v">1.2.3.4 </td></tr>
644+ <tr><td class="e">Linked Version </td><td class="v">1.2.3.4 </td></tr>
645+ </table><br />
646+ <table border="0" cellpadding="3" width="600">
647+ <tr class="h"><th>Directive</th><th>Local Value</th><th>Master Value</th></tr>
648+ <tr><td class="e">zlib.output_compression</td><td class="v">Off</td><td class="v">Off</td></tr>
649+ <tr><td class="e">zlib.output_compression_level</td><td class="v">-1</td><td class="v">-1</td></tr>
650+ <tr><td class="e">zlib.output_handler</td><td class="v"><i>no value</i></td><td class="v"><i>no value</i></td></tr>
651+ </table><br />
652+ <h2>Additional Modules</h2>
653+ <table border="0" cellpadding="3" width="600">
654+ <tr class="h"><th>Module Name</th></tr>
655+ </table><br />
656+ </div></body></html><!DOCTYPE html PUBLIC "-//W3C//DTD XHTML 1.0 Transitional//EN" "DTD/xhtml1-transitional.dtd">
657+ <html xmlns="http://www.w3.org/1999/xhtml"><head>
658+ <style type="text/css">
659+ body {background-color: #ffffff; color: #000000;}
660+ body, td, th, h1, h2 {font-family: sans-serif;}
661+ pre {margin: 0px; font-family: monospace;}
662+ a:link {color: #000099; text-decoration: none; background-color: #ffffff;}
663+ a:hover {text-decoration: underline;}
664+ table {border-collapse: collapse;}
665+ .center {text-align: center;}
666+ .center table { margin-left: auto; margin-right: auto; text-align: left;}
667+ .center th { text-align: center !important; }
668+ td, th { border: 1px solid #000000; font-size: 75%; vertical-align: baseline;}
669+ h1 {font-size: 150%;}
670+ h2 {font-size: 125%;}
671+ .p {text-align: left;}
672+ .e {background-color: #ccccff; font-weight: bold; color: #000000;}
673+ .h {background-color: #9999cc; font-weight: bold; color: #000000;}
674+ .v {background-color: #cccccc; color: #000000;}
675+ .vr {background-color: #cccccc; text-align: right; color: #000000;}
676+ img {float: right; border: 0px;}
677+ hr {width: 600px; background-color: #cccccc; border: 0px; height: 1px; color: #000000;}
678+ </style>
679+ <title>phpinfo()</title><meta name="ROBOTS" content="NOINDEX,NOFOLLOW,NOARCHIVE" /></head>
680+ <body><div class="center">
681+ <h2><a name="module_bcmath">bcmath</a></h2>
682+ <table border="0" cellpadding="3" width="600">
683+ <tr><td class="e">BCMath support </td><td class="v">enabled </td></tr>
684+ </table><br />
685+ <table border="0" cellpadding="3" width="600">
686+ <tr class="h"><th>Directive</th><th>Local Value</th><th>Master Value</th></tr>
687+ <tr><td class="e">bcmath.scale</td><td class="v">0</td><td class="v">0</td></tr>
688+ </table><br />
689+ <h2><a name="module_bz2">bz2</a></h2>
690+ <table border="0" cellpadding="3" width="600">
691+ <tr><td class="e">BZip2 Support </td><td class="v">Enabled </td></tr>
692+ <tr><td class="e">Stream Wrapper support </td><td class="v">compress.bzip2:// </td></tr>
693+ <tr><td class="e">Stream Filter support </td><td class="v">bzip2.decompress, bzip2.compress </td></tr>
694+ <tr><td class="e">BZip2 Version </td><td class="v">1.0.5, 10-Dec-2007 </td></tr>
695+ </table><br />
696+ <h2><a name="module_calendar">calendar</a></h2>
697+ <table border="0" cellpadding="3" width="600">
698+ <tr><td class="e">Calendar support </td><td class="v">enabled </td></tr>
699+ </table><br />
700+ <h2><a name="module_cgi-fcgi">cgi-fcgi</a></h2>
701+ <table border="0" cellpadding="3" width="600">
702+ <tr class="h"><th>Directive</th><th>Local Value</th><th>Master Value</th></tr>
703+ <tr><td class="e">cgi.check_shebang_line</td><td class="v">1</td><td class="v">1</td></tr>
704+ <tr><td class="e">cgi.discard_path</td><td class="v">0</td><td class="v">0</td></tr>
705+ <tr><td class="e">cgi.fix_pathinfo</td><td class="v">1</td><td class="v">1</td></tr>
706+ <tr><td class="e">cgi.force_redirect</td><td class="v">1</td><td class="v">1</td></tr>
707+ <tr><td class="e">cgi.nph</td><td class="v">0</td><td class="v">0</td></tr>
708+ <tr><td class="e">cgi.redirect_status_env</td><td class="v"><i>no value</i></td><td class="v"><i>no value</i></td></tr>
709+ <tr><td class="e">cgi.rfc2616_headers</td><td class="v">0</td><td class="v">0</td></tr>
710+ <tr><td class="e">fastcgi.logging</td><td class="v">1</td><td class="v">1</td></tr>
711+ </table><br />
712+ <h2><a name="module_Core">Core</a></h2>
713+ <table border="0" cellpadding="3" width="600">
714+ <tr><td class="e">PHP Version </td><td class="v">5.5.0-dev </td></tr>
715+ </table><br />
716+ <table border="0" cellpadding="3" width="600">
717+ <tr class="h"><th>Directive</th><th>Local Value</th><th>Master Value</th></tr>
718+ <tr><td class="e">allow_url_fopen</td><td class="v">On</td><td class="v">On</td></tr>
719+ <tr><td class="e">allow_url_include</td><td class="v">Off</td><td class="v">Off</td></tr>
720+ <tr><td class="e">always_populate_raw_post_data</td><td class="v">Off</td><td class="v">Off</td></tr>
721+ <tr><td class="e">arg_separator.input</td><td class="v">&amp;</td><td class="v">&amp;</td></tr>
722+ <tr><td class="e">arg_separator.output</td><td class="v">&amp;</td><td class="v">&amp;</td></tr>
723+ <tr><td class="e">asp_tags</td><td class="v">Off</td><td class="v">Off</td></tr>
724+ <tr><td class="e">auto_append_file</td><td class="v"><i>no value</i></td><td class="v"><i>no value</i></td></tr>
725+ <tr><td class="e">auto_globals_jit</td><td class="v">On</td><td class="v">On</td></tr>
726+ <tr><td class="e">auto_prepend_file</td><td class="v"><i>no value</i></td><td class="v"><i>no value</i></td></tr>
727+ <tr><td class="e">browscap</td><td class="v"><i>no value</i></td><td class="v"><i>no value</i></td></tr>
728+ <tr><td class="e">default_charset</td><td class="v"><i>no value</i></td><td class="v"><i>no value</i></td></tr>
729+ <tr><td class="e">default_mimetype</td><td class="v">text/html</td><td class="v">text/html</td></tr>
730+ <tr><td class="e">disable_classes</td><td class="v"><i>no value</i></td><td class="v"><i>no value</i></td></tr>
731+ <tr><td class="e">disable_functions</td><td class="v"><i>no value</i></td><td class="v"><i>no value</i></td></tr>
732+ <tr><td class="e">display_errors</td><td class="v">On</td><td class="v">On</td></tr>
733+ <tr><td class="e">display_startup_errors</td><td class="v">On</td><td class="v">On</td></tr>
734+ <tr><td class="e">doc_root</td><td class="v"><i>no value</i></td><td class="v"><i>no value</i></td></tr>
735+ <tr><td class="e">docref_ext</td><td class="v">.html</td><td class="v">.html</td></tr>
736+ <tr><td class="e">docref_root</td><td class="v"><i>no value</i></td><td class="v"><i>no value</i></td></tr>
737+ <tr><td class="e">enable_dl</td><td class="v">On</td><td class="v">On</td></tr>
738+ <tr><td class="e">enable_post_data_reading</td><td class="v">On</td><td class="v">On</td></tr>
739+ <tr><td class="e">error_append_string</td><td class="v"><i>no value</i></td><td class="v"><i>no value</i></td></tr>
740+ <tr><td class="e">error_log</td><td class="v"><i>no value</i></td><td class="v"><i>no value</i></td></tr>
741+ <tr><td class="e">error_prepend_string</td><td class="v"><i>no value</i></td><td class="v"><i>no value</i></td></tr>
742+ <tr><td class="e">error_reporting</td><td class="v">32767</td><td class="v">32767</td></tr>
743+ <tr><td class="e">exit_on_timeout</td><td class="v">Off</td><td class="v">Off</td></tr>
744+ <tr><td class="e">expose_php</td><td class="v">On</td><td class="v">On</td></tr>
745+ <tr><td class="e">extension_dir</td><td class="v">/usr/local/lib/php/extensions/no-debug-non-zts-20100525</td><td class="v">/usr/local/lib/php/extensions/no-debug-non-zts-20100525</td></tr>
746+ <tr><td class="e">file_uploads</td><td class="v">On</td><td class="v">On</td></tr>
747+ <tr><td class="e">highlight.comment</td><td class="v"><font style="color: #FF8000">#FF8000</font></td><td class="v"><font style="color: #FF8000">#FF8000</font></td></tr>
748+ <tr><td class="e">highlight.default</td><td class="v"><font style="color: #0000BB">#0000BB</font></td><td class="v"><font style="color: #0000BB">#0000BB</font></td></tr>
749+ <tr><td class="e">highlight.html</td><td class="v"><font style="color: #000000">#000000</font></td><td class="v"><font style="color: #000000">#000000</font></td></tr>
750+ <tr><td class="e">highlight.keyword</td><td class="v"><font style="color: #007700">#007700</font></td><td class="v"><font style="color: #007700">#007700</font></td></tr>
751+ <tr><td class="e">highlight.string</td><td class="v"><font style="color: #DD0000">#DD0000</font></td><td class="v"><font style="color: #DD0000">#DD0000</font></td></tr>
752+ <tr><td class="e">html_errors</td><td class="v">Off</td><td class="v">Off</td></tr>
753+ <tr><td class="e">ignore_repeated_errors</td><td class="v">Off</td><td class="v">Off</td></tr>
754+ <tr><td class="e">ignore_repeated_source</td><td class="v">Off</td><td class="v">Off</td></tr>
755+ <tr><td class="e">ignore_user_abort</td><td class="v">Off</td><td class="v">Off</td></tr>
756+ <tr><td class="e">implicit_flush</td><td class="v">Off</td><td class="v">Off</td></tr>
757+ <tr><td class="e">include_path</td><td class="v">.:/usr/local/lib/php</td><td class="v">.:/usr/local/lib/php</td></tr>
758+ <tr><td class="e">log_errors</td><td class="v">Off</td><td class="v">Off</td></tr>
759+ <tr><td class="e">log_errors_max_len</td><td class="v">1024</td><td class="v">1024</td></tr>
760+ <tr><td class="e">mail.add_x_header</td><td class="v">Off</td><td class="v">Off</td></tr>
761+ <tr><td class="e">mail.force_extra_parameters</td><td class="v"><i>no value</i></td><td class="v"><i>no value</i></td></tr>
762+ <tr><td class="e">mail.log</td><td class="v"><i>no value</i></td><td class="v"><i>no value</i></td></tr>
763+ <tr><td class="e">max_execution_time</td><td class="v">30</td><td class="v">30</td></tr>
764+ <tr><td class="e">max_file_uploads</td><td class="v">20</td><td class="v">20</td></tr>
765+ <tr><td class="e">max_input_nesting_level</td><td class="v">64</td><td class="v">64</td></tr>
766+ <tr><td class="e">max_input_time</td><td class="v">-1</td><td class="v">-1</td></tr>
767+ <tr><td class="e">memory_limit</td><td class="v">128M</td><td class="v">128M</td></tr>
768+ <tr><td class="e">open_basedir</td><td class="v"><i>no value</i></td><td class="v"><i>no value</i></td></tr>
769+ <tr><td class="e">output_buffering</td><td class="v"><i>no value</i></td><td class="v"><i>no value</i></td></tr>
770+ <tr><td class="e">output_handler</td><td class="v"><i>no value</i></td><td class="v"><i>no value</i></td></tr>
771+ <tr><td class="e">post_max_size</td><td class="v">8M</td><td class="v">8M</td></tr>
772+ <tr><td class="e">precision</td><td class="v">14</td><td class="v">14</td></tr>
773+ <tr><td class="e">realpath_cache_size</td><td class="v">16K</td><td class="v">16K</td></tr>
774+ <tr><td class="e">realpath_cache_ttl</td><td class="v">120</td><td class="v">120</td></tr>
775+ <tr><td class="e">register_argc_argv</td><td class="v">On</td><td class="v">On</td></tr>
776+ <tr><td class="e">report_memleaks</td><td class="v">On</td><td class="v">On</td></tr>
777+ <tr><td class="e">report_zend_debug</td><td class="v">Off</td><td class="v">Off</td></tr>
778+ <tr><td class="e">request_order</td><td class="v"><i>no value</i></td><td class="v"><i>no value</i></td></tr>
779+ <tr><td class="e">sendmail_from</td><td class="v"><i>no value</i></td><td class="v"><i>no value</i></td></tr>
780+ <tr><td class="e">sendmail_path</td><td class="v">&nbsp;-t&nbsp;-i&nbsp;</td><td class="v">&nbsp;-t&nbsp;-i&nbsp;</td></tr>
781+ <tr><td class="e">serialize_precision</td><td class="v">17</td><td class="v">17</td></tr>
782+ <tr><td class="e">short_open_tag</td><td class="v">On</td><td class="v">On</td></tr>
783+ <tr><td class="e">SMTP</td><td class="v">localhost</td><td class="v">localhost</td></tr>
784+ <tr><td class="e">smtp_port</td><td class="v">25</td><td class="v">25</td></tr>
785+ <tr><td class="e">sql.safe_mode</td><td class="v">Off</td><td class="v">Off</td></tr>
786+ <tr><td class="e">track_errors</td><td class="v">On</td><td class="v">On</td></tr>
787+ <tr><td class="e">unserialize_callback_func</td><td class="v"><i>no value</i></td><td class="v"><i>no value</i></td></tr>
788+ <tr><td class="e">upload_max_filesize</td><td class="v">2M</td><td class="v">2M</td></tr>
789+ <tr><td class="e">upload_tmp_dir</td><td class="v"><i>no value</i></td><td class="v"><i>no value</i></td></tr>
790+ <tr><td class="e">user_dir</td><td class="v"><i>no value</i></td><td class="v"><i>no value</i></td></tr>
791+ <tr><td class="e">user_ini.cache_ttl</td><td class="v">300</td><td class="v">300</td></tr>
792+ <tr><td class="e">user_ini.filename</td><td class="v">.user.ini</td><td class="v">.user.ini</td></tr>
793+ <tr><td class="e">variables_order</td><td class="v">EGPCS</td><td class="v">EGPCS</td></tr>
794+ <tr><td class="e">xmlrpc_error_number</td><td class="v">0</td><td class="v">0</td></tr>
795+ <tr><td class="e">xmlrpc_errors</td><td class="v">Off</td><td class="v">Off</td></tr>
796+ <tr><td class="e">zend.detect_unicode</td><td class="v">On</td><td class="v">On</td></tr>
797+ <tr><td class="e">zend.enable_gc</td><td class="v">On</td><td class="v">On</td></tr>
798+ <tr><td class="e">zend.multibyte</td><td class="v">Off</td><td class="v">Off</td></tr>
799+ <tr><td class="e">zend.script_encoding</td><td class="v"><i>no value</i></td><td class="v"><i>no value</i></td></tr>
800+ <tr><td class="e">zend.signal_check</td><td class="v">Off</td><td class="v">Off</td></tr>
801+ </table><br />
802+ <h2><a name="module_ctype">ctype</a></h2>
803+ <table border="0" cellpadding="3" width="600">
804+ <tr><td class="e">ctype functions </td><td class="v">enabled </td></tr>
805+ </table><br />
806+ <h2><a name="module_date">date</a></h2>
807+ <table border="0" cellpadding="3" width="600">
808+ <tr><td class="e">date/time support </td><td class="v">enabled </td></tr>
809+ <tr><td class="e">&quot;Olson&quot; Timezone Database Version </td><td class="v">2011.14 </td></tr>
810+ <tr><td class="e">Timezone Database </td><td class="v">internal </td></tr>
811+ 
812+ Warning: phpinfo(): It is not safe to rely on the system's timezone settings. You are *required* to use the date.timezone setting or the date_default_timezone_set() function. In case you used any of those methods and you are still getting this warning, you most likely misspelled the timezone identifier. We selected the timezone 'UTC' for now, but please set date.timezone to select your timezone. in /home/conf/php-src-git/ext/phar/tests/phpinfo_004.php on line 5
813+ <tr><td class="e">Default timezone </td><td class="v">UTC </td></tr>
814+ </table><br />
815+ <table border="0" cellpadding="3" width="600">
816+ <tr class="h"><th>Directive</th><th>Local Value</th><th>Master Value</th></tr>
817+ <tr><td class="e">date.default_latitude</td><td class="v">31.7667</td><td class="v">31.7667</td></tr>
818+ <tr><td class="e">date.default_longitude</td><td class="v">35.2333</td><td class="v">35.2333</td></tr>
819+ <tr><td class="e">date.sunrise_zenith</td><td class="v">90.583333</td><td class="v">90.583333</td></tr>
820+ <tr><td class="e">date.sunset_zenith</td><td class="v">90.583333</td><td class="v">90.583333</td></tr>
821+ <tr><td class="e">date.timezone</td><td class="v"><i>no value</i></td><td class="v"><i>no value</i></td></tr>
822+ </table><br />
823+ <h2><a name="module_dom">dom</a></h2>
824+ <table border="0" cellpadding="3" width="600">
825+ <tr><td class="e">DOM/XML </td><td class="v">enabled </td></tr>
826+ <tr><td class="e">DOM/XML API Version </td><td class="v">20031129 </td></tr>
827+ <tr><td class="e">libxml Version </td><td class="v">2.7.8 </td></tr>
828+ <tr><td class="e">HTML Support </td><td class="v">enabled </td></tr>
829+ <tr><td class="e">XPath Support </td><td class="v">enabled </td></tr>
830+ <tr><td class="e">XPointer Support </td><td class="v">enabled </td></tr>
831+ <tr><td class="e">Schema Support </td><td class="v">enabled </td></tr>
832+ <tr><td class="e">RelaxNG Support </td><td class="v">enabled </td></tr>
833+ </table><br />
834+ <h2><a name="module_ereg">ereg</a></h2>
835+ <table border="0" cellpadding="3" width="600">
836+ <tr><td class="e">Regex Library </td><td class="v">Bundled library enabled </td></tr>
837+ </table><br />
838+ <h2><a name="module_exif">exif</a></h2>
839+ <table border="0" cellpadding="3" width="600">
840+ <tr><td class="e">EXIF Support </td><td class="v">enabled </td></tr>
841+ <tr><td class="e">EXIF Version </td><td class="v">1.4 $Id$ </td></tr>
842+ <tr><td class="e">Supported EXIF Version </td><td class="v">0220 </td></tr>
843+ <tr><td class="e">Supported filetypes </td><td class="v">JPEG,TIFF </td></tr>
844+ </table><br />
845+ <table border="0" cellpadding="3" width="600">
846+ <tr class="h"><th>Directive</th><th>Local Value</th><th>Master Value</th></tr>
847+ <tr><td class="e">exif.decode_jis_intel</td><td class="v">JIS</td><td class="v">JIS</td></tr>
848+ <tr><td class="e">exif.decode_jis_motorola</td><td class="v">JIS</td><td class="v">JIS</td></tr>
849+ <tr><td class="e">exif.decode_unicode_intel</td><td class="v">UCS-2LE</td><td class="v">UCS-2LE</td></tr>
850+ <tr><td class="e">exif.decode_unicode_motorola</td><td class="v">UCS-2BE</td><td class="v">UCS-2BE</td></tr>
851+ <tr><td class="e">exif.encode_jis</td><td class="v"><i>no value</i></td><td class="v"><i>no value</i></td></tr>
852+ <tr><td class="e">exif.encode_unicode</td><td class="v">ISO-8859-15</td><td class="v">ISO-8859-15</td></tr>
853+ </table><br />
854+ <h2><a name="module_fileinfo">fileinfo</a></h2>
855+ <table border="0" cellpadding="3" width="600">
856+ <tr class="h"><th>fileinfo support</th><th>enabled</th></tr>
857+ <tr><td class="e">version </td><td class="v">1.0.5-dev </td></tr>
858+ </table><br />
859+ <h2><a name="module_filter">filter</a></h2>
860+ <table border="0" cellpadding="3" width="600">
861+ <tr><td class="e">Input Validation and Filtering </td><td class="v">enabled </td></tr>
862+ <tr><td class="e">Revision </td><td class="v">$Revision$ </td></tr>
863+ </table><br />
864+ <table border="0" cellpadding="3" width="600">
865+ <tr class="h"><th>Directive</th><th>Local Value</th><th>Master Value</th></tr>
866+ <tr><td class="e">filter.default</td><td class="v">unsafe_raw</td><td class="v">unsafe_raw</td></tr>
867+ <tr><td class="e">filter.default_flags</td><td class="v"><i>no value</i></td><td class="v"><i>no value</i></td></tr>
868+ </table><br />
869+ <h2><a name="module_gd">gd</a></h2>
870+ <table border="0" cellpadding="3" width="600">
871+ <tr><td class="e">GD Support </td><td class="v">enabled </td></tr>
872+ <tr><td class="e">GD Version </td><td class="v">bundled (2.0.34 compatible) </td></tr>
873+ <tr><td class="e">FreeType Support </td><td class="v">enabled </td></tr>
874+ <tr><td class="e">FreeType Linkage </td><td class="v">with freetype </td></tr>
875+ <tr><td class="e">FreeType Version </td><td class="v">2.4.4 </td></tr>
876+ <tr><td class="e">GIF Read Support </td><td class="v">enabled </td></tr>
877+ <tr><td class="e">GIF Create Support </td><td class="v">enabled </td></tr>
878+ <tr><td class="e">JPEG Support </td><td class="v">enabled </td></tr>
879+ <tr><td class="e">libJPEG Version </td><td class="v">8 </td></tr>
880+ <tr><td class="e">PNG Support </td><td class="v">enabled </td></tr>
881+ <tr><td class="e">libPNG Version </td><td class="v">1.2.46 </td></tr>
882+ <tr><td class="e">WBMP Support </td><td class="v">enabled </td></tr>
883+ <tr><td class="e">XBM Support </td><td class="v">enabled </td></tr>
884+ </table><br />
885+ <table border="0" cellpadding="3" width="600">
886+ <tr class="h"><th>Directive</th><th>Local Value</th><th>Master Value</th></tr>
887+ <tr><td class="e">gd.jpeg_ignore_warning</td><td class="v">0</td><td class="v">0</td></tr>
888+ </table><br />
889+ <h2><a name="module_gettext">gettext</a></h2>
890+ <table border="0" cellpadding="3" width="600">
891+ <tr><td class="e">GetText Support </td><td class="v">enabled </td></tr>
892+ </table><br />
893+ <h2><a name="module_hash">hash</a></h2>
894+ <table border="0" cellpadding="3" width="600">
895+ <tr><td class="e">hash support </td><td class="v">enabled </td></tr>
896+ <tr><td class="e">Hashing Engines </td><td class="v">md2 md4 md5 sha1 sha224 sha256 sha384 sha512 ripemd128 ripemd160 ripemd256 ripemd320 whirlpool tiger128,3 tiger160,3 tiger192,3 tiger128,4 tiger160,4 tiger192,4 snefru snefru256 gost adler32 crc32 crc32b salsa10 salsa20 fnv132 fnv164 joaat haval128,3 haval160,3 haval192,3 haval224,3 haval256,3 haval128,4 haval160,4 haval192,4 haval224,4 haval256,4 haval128,5 haval160,5 haval192,5 haval224,5 haval256,5  </td></tr>
897+ </table><br />
898+ <h2><a name="module_iconv">iconv</a></h2>
899+ <table border="0" cellpadding="3" width="600">
900+ <tr><td class="e">iconv support </td><td class="v">enabled </td></tr>
901+ <tr><td class="e">iconv implementation </td><td class="v">glibc </td></tr>
902+ <tr><td class="e">iconv library version </td><td class="v">2.13 </td></tr>
903+ </table><br />
904+ <table border="0" cellpadding="3" width="600">
905+ <tr class="h"><th>Directive</th><th>Local Value</th><th>Master Value</th></tr>
906+ <tr><td class="e">iconv.input_encoding</td><td class="v">ISO-8859-1</td><td class="v">ISO-8859-1</td></tr>
907+ <tr><td class="e">iconv.internal_encoding</td><td class="v">ISO-8859-1</td><td class="v">ISO-8859-1</td></tr>
908+ <tr><td class="e">iconv.output_encoding</td><td class="v">ISO-8859-1</td><td class="v">ISO-8859-1</td></tr>
909+ </table><br />
910+ <h2><a name="module_json">json</a></h2>
911+ <table border="0" cellpadding="3" width="600">
912+ <tr><td class="e">json support </td><td class="v">enabled </td></tr>
913+ <tr><td class="e">json version </td><td class="v">1.2.1 </td></tr>
914+ </table><br />
915+ <h2><a name="module_libxml">libxml</a></h2>
916+ <table border="0" cellpadding="3" width="600">
917+ <tr><td class="e">libXML support </td><td class="v">active </td></tr>
918+ <tr><td class="e">libXML Compiled Version </td><td class="v">2.7.8 </td></tr>
919+ <tr><td class="e">libXML Loaded Version </td><td class="v">20708 </td></tr>
920+ <tr><td class="e">libXML streams </td><td class="v">enabled </td></tr>
921+ </table><br />
922+ <h2><a name="module_mcrypt">mcrypt</a></h2>
923+ <table border="0" cellpadding="3" width="600">
924+ <tr class="h"><th>mcrypt support</th><th>enabled</th></tr>
925+ <tr class="h"><th>mcrypt_filter support</th><th>enabled</th></tr>
926+ <tr><td class="e">Version </td><td class="v">2.5.8 </td></tr>
927+ <tr><td class="e">Api No </td><td class="v">20021217 </td></tr>
928+ <tr><td class="e">Supported ciphers </td><td class="v">cast-128 gost rijndael-128 twofish arcfour cast-256 loki97 rijndael-192 saferplus wake blowfish-compat des rijndael-256 serpent xtea blowfish enigma rc2 tripledes  </td></tr>
929+ <tr><td class="e">Supported modes </td><td class="v">cbc cfb ctr ecb ncfb nofb ofb stream  </td></tr>
930+ </table><br />
931+ <table border="0" cellpadding="3" width="600">
932+ <tr class="h"><th>Directive</th><th>Local Value</th><th>Master Value</th></tr>
933+ <tr><td class="e">mcrypt.algorithms_dir</td><td class="v"><i>no value</i></td><td class="v"><i>no value</i></td></tr>
934+ <tr><td class="e">mcrypt.modes_dir</td><td class="v"><i>no value</i></td><td class="v"><i>no value</i></td></tr>
935+ </table><br />
936+ <h2><a name="module_mhash">mhash</a></h2>
937+ <table border="0" cellpadding="3" width="600">
938+ <tr><td class="e">MHASH support </td><td class="v">Enabled </td></tr>
939+ <tr><td class="e">MHASH API Version </td><td class="v">Emulated Support </td></tr>
940+ </table><br />
941+ <h2><a name="module_mysql">mysql</a></h2>
942+ <table border="0" cellpadding="3" width="600">
943+ <tr class="h"><th>MySQL Support</th><th>enabled</th></tr>
944+ <tr><td class="e">Active Persistent Links </td><td class="v">0 </td></tr>
945+ <tr><td class="e">Active Links </td><td class="v">0 </td></tr>
946+ <tr><td class="e">Client API version </td><td class="v">mysqlnd 5.0.10-dev - 20111026 - $Revision$ </td></tr>
947+ </table><br />
948+ <table border="0" cellpadding="3" width="600">
949+ <tr class="h"><th>Directive</th><th>Local Value</th><th>Master Value</th></tr>
950+ <tr><td class="e">mysql.allow_local_infile</td><td class="v">On</td><td class="v">On</td></tr>
951+ <tr><td class="e">mysql.allow_persistent</td><td class="v">On</td><td class="v">On</td></tr>
952+ <tr><td class="e">mysql.connect_timeout</td><td class="v">60</td><td class="v">60</td></tr>
953+ <tr><td class="e">mysql.default_host</td><td class="v"><i>no value</i></td><td class="v"><i>no value</i></td></tr>
954+ <tr><td class="e">mysql.default_password</td><td class="v"><i>no value</i></td><td class="v"><i>no value</i></td></tr>
955+ <tr><td class="e">mysql.default_port</td><td class="v"><i>no value</i></td><td class="v"><i>no value</i></td></tr>
956+ <tr><td class="e">mysql.default_socket</td><td class="v">/var/run/mysqld/mysqld.sock</td><td class="v">/var/run/mysqld/mysqld.sock</td></tr>
957+ <tr><td class="e">mysql.default_user</td><td class="v"><i>no value</i></td><td class="v"><i>no value</i></td></tr>
958+ <tr><td class="e">mysql.max_links</td><td class="v">Unlimited</td><td class="v">Unlimited</td></tr>
959+ <tr><td class="e">mysql.max_persistent</td><td class="v">Unlimited</td><td class="v">Unlimited</td></tr>
960+ <tr><td class="e">mysql.trace_mode</td><td class="v">Off</td><td class="v">Off</td></tr>
961+ </table><br />
962+ <h2><a name="module_mysqlnd">mysqlnd</a></h2>
963+ <table border="0" cellpadding="3" width="600">
964+ <tr class="h"><th>mysqlnd</th><th>enabled</th></tr>
965+ <tr><td class="e">Version </td><td class="v">mysqlnd 5.0.10-dev - 20111026 - $Revision$ </td></tr>
966+ <tr><td class="e">Compression </td><td class="v">supported </td></tr>
967+ <tr><td class="e">SSL </td><td class="v">supported </td></tr>
968+ <tr><td class="e">Command buffer size </td><td class="v">4096 </td></tr>
969+ <tr><td class="e">Read buffer size </td><td class="v">32768 </td></tr>
970+ <tr><td class="e">Read timeout </td><td class="v">31536000 </td></tr>
971+ <tr><td class="e">Collecting statistics </td><td class="v">Yes </td></tr>
972+ <tr><td class="e">Collecting memory statistics </td><td class="v">No </td></tr>
973+ <tr><td class="e">Tracing </td><td class="v">n/a </td></tr>
974+ <tr><td class="e">Loaded plugins </td><td class="v">mysqlnd,example,debug_trace,auth_plugin_mysql_native_password,auth_plugin_mysql_clear_password </td></tr>
975+ <tr><td class="e">API Extensions </td><td class="v">mysql </td></tr>
976+ </table><br />
977+ <table border="0" cellpadding="3" width="600">
978+ <tr class="h"><th>mysqlnd statistics</th><th> </th></tr>
979+ <tr><td class="e">bytes_sent </td><td class="v">0 </td></tr>
980+ <tr><td class="e">bytes_received </td><td class="v">0 </td></tr>
981+ <tr><td class="e">packets_sent </td><td class="v">0 </td></tr>
982+ <tr><td class="e">packets_received </td><td class="v">0 </td></tr>
983+ <tr><td class="e">protocol_overhead_in </td><td class="v">0 </td></tr>
984+ <tr><td class="e">protocol_overhead_out </td><td class="v">0 </td></tr>
985+ <tr><td class="e">bytes_received_ok_packet </td><td class="v">0 </td></tr>
986+ <tr><td class="e">bytes_received_eof_packet </td><td class="v">0 </td></tr>
987+ <tr><td class="e">bytes_received_rset_header_packet </td><td class="v">0 </td></tr>
988+ <tr><td class="e">bytes_received_rset_field_meta_packet </td><td class="v">0 </td></tr>
989+ <tr><td class="e">bytes_received_rset_row_packet </td><td class="v">0 </td></tr>
990+ <tr><td class="e">bytes_received_prepare_response_packet </td><td class="v">0 </td></tr>
991+ <tr><td class="e">bytes_received_change_user_packet </td><td class="v">0 </td></tr>
992+ <tr><td class="e">packets_sent_command </td><td class="v">0 </td></tr>
993+ <tr><td class="e">packets_received_ok </td><td class="v">0 </td></tr>
994+ <tr><td class="e">packets_received_eof </td><td class="v">0 </td></tr>
995+ <tr><td class="e">packets_received_rset_header </td><td class="v">0 </td></tr>
996+ <tr><td class="e">packets_received_rset_field_meta </td><td class="v">0 </td></tr>
997+ <tr><td class="e">packets_received_rset_row </td><td class="v">0 </td></tr>
998+ <tr><td class="e">packets_received_prepare_response </td><td class="v">0 </td></tr>
999+ <tr><td class="e">packets_received_change_user </td><td class="v">0 </td></tr>
1000+ <tr><td class="e">result_set_queries </td><td class="v">0 </td></tr>
1001+ <tr><td class="e">non_result_set_queries </td><td class="v">0 </td></tr>
1002+ <tr><td class="e">no_index_used </td><td class="v">0 </td></tr>
1003+ <tr><td class="e">bad_index_used </td><td class="v">0 </td></tr>
1004+ <tr><td class="e">slow_queries </td><td class="v">0 </td></tr>
1005+ <tr><td class="e">buffered_sets </td><td class="v">0 </td></tr>
1006+ <tr><td class="e">unbuffered_sets </td><td class="v">0 </td></tr>
1007+ <tr><td class="e">ps_buffered_sets </td><td class="v">0 </td></tr>
1008+ <tr><td class="e">ps_unbuffered_sets </td><td class="v">0 </td></tr>
1009+ <tr><td class="e">flushed_normal_sets </td><td class="v">0 </td></tr>
1010+ <tr><td class="e">flushed_ps_sets </td><td class="v">0 </td></tr>
1011+ <tr><td class="e">ps_prepared_never_executed </td><td class="v">0 </td></tr>
1012+ <tr><td class="e">ps_prepared_once_executed </td><td class="v">0 </td></tr>
1013+ <tr><td class="e">rows_fetched_from_server_normal </td><td class="v">0 </td></tr>
1014+ <tr><td class="e">rows_fetched_from_server_ps </td><td class="v">0 </td></tr>
1015+ <tr><td class="e">rows_buffered_from_client_normal </td><td class="v">0 </td></tr>
1016+ <tr><td class="e">rows_buffered_from_client_ps </td><td class="v">0 </td></tr>
1017+ <tr><td class="e">rows_fetched_from_client_normal_buffered </td><td class="v">0 </td></tr>
1018+ <tr><td class="e">rows_fetched_from_client_normal_unbuffered </td><td class="v">0 </td></tr>
1019+ <tr><td class="e">rows_fetched_from_client_ps_buffered </td><td class="v">0 </td></tr>
1020+ <tr><td class="e">rows_fetched_from_client_ps_unbuffered </td><td class="v">0 </td></tr>
1021+ <tr><td class="e">rows_fetched_from_client_ps_cursor </td><td class="v">0 </td></tr>
1022+ <tr><td class="e">rows_affected_normal </td><td class="v">0 </td></tr>
1023+ <tr><td class="e">rows_affected_ps </td><td class="v">0 </td></tr>
1024+ <tr><td class="e">rows_skipped_normal </td><td class="v">0 </td></tr>
1025+ <tr><td class="e">rows_skipped_ps </td><td class="v">0 </td></tr>
1026+ <tr><td class="e">copy_on_write_saved </td><td class="v">0 </td></tr>
1027+ <tr><td class="e">copy_on_write_performed </td><td class="v">0 </td></tr>
1028+ <tr><td class="e">command_buffer_too_small </td><td class="v">0 </td></tr>
1029+ <tr><td class="e">connect_success </td><td class="v">0 </td></tr>
1030+ <tr><td class="e">connect_failure </td><td class="v">0 </td></tr>
1031+ <tr><td class="e">connection_reused </td><td class="v">0 </td></tr>
1032+ <tr><td class="e">reconnect </td><td class="v">0 </td></tr>
1033+ <tr><td class="e">pconnect_success </td><td class="v">0 </td></tr>
1034+ <tr><td class="e">active_connections </td><td class="v">0 </td></tr>
1035+ <tr><td class="e">active_persistent_connections </td><td class="v">0 </td></tr>
1036+ <tr><td class="e">explicit_close </td><td class="v">0 </td></tr>
1037+ <tr><td class="e">implicit_close </td><td class="v">0 </td></tr>
1038+ <tr><td class="e">disconnect_close </td><td class="v">0 </td></tr>
1039+ <tr><td class="e">in_middle_of_command_close </td><td class="v">0 </td></tr>
1040+ <tr><td class="e">explicit_free_result </td><td class="v">0 </td></tr>
1041+ <tr><td class="e">implicit_free_result </td><td class="v">0 </td></tr>
1042+ <tr><td class="e">explicit_stmt_close </td><td class="v">0 </td></tr>
1043+ <tr><td class="e">implicit_stmt_close </td><td class="v">0 </td></tr>
1044+ <tr><td class="e">mem_emalloc_count </td><td class="v">0 </td></tr>
1045+ <tr><td class="e">mem_emalloc_amount </td><td class="v">0 </td></tr>
1046+ <tr><td class="e">mem_ecalloc_count </td><td class="v">0 </td></tr>
1047+ <tr><td class="e">mem_ecalloc_amount </td><td class="v">0 </td></tr>
1048+ <tr><td class="e">mem_erealloc_count </td><td class="v">0 </td></tr>
1049+ <tr><td class="e">mem_erealloc_amount </td><td class="v">0 </td></tr>
1050+ <tr><td class="e">mem_efree_count </td><td class="v">0 </td></tr>
1051+ <tr><td class="e">mem_efree_amount </td><td class="v">0 </td></tr>
1052+ <tr><td class="e">mem_malloc_count </td><td class="v">0 </td></tr>
1053+ <tr><td class="e">mem_malloc_amount </td><td class="v">0 </td></tr>
1054+ <tr><td class="e">mem_calloc_count </td><td class="v">0 </td></tr>
1055+ <tr><td class="e">mem_calloc_amount </td><td class="v">0 </td></tr>
1056+ <tr><td class="e">mem_realloc_count </td><td class="v">0 </td></tr>
1057+ <tr><td class="e">mem_realloc_amount </td><td class="v">0 </td></tr>
1058+ <tr><td class="e">mem_free_count </td><td class="v">0 </td></tr>
1059+ <tr><td class="e">mem_free_amount </td><td class="v">0 </td></tr>
1060+ <tr><td class="e">mem_estrndup_count </td><td class="v">0 </td></tr>
1061+ <tr><td class="e">mem_strndup_count </td><td class="v">0 </td></tr>
1062+ <tr><td class="e">mem_estndup_count </td><td class="v">0 </td></tr>
1063+ <tr><td class="e">mem_strdup_count </td><td class="v">0 </td></tr>
1064+ <tr><td class="e">proto_text_fetched_null </td><td class="v">0 </td></tr>
1065+ <tr><td class="e">proto_text_fetched_bit </td><td class="v">0 </td></tr>
1066+ <tr><td class="e">proto_text_fetched_tinyint </td><td class="v">0 </td></tr>
1067+ <tr><td class="e">proto_text_fetched_short </td><td class="v">0 </td></tr>
1068+ <tr><td class="e">proto_text_fetched_int24 </td><td class="v">0 </td></tr>
1069+ <tr><td class="e">proto_text_fetched_int </td><td class="v">0 </td></tr>
1070+ <tr><td class="e">proto_text_fetched_bigint </td><td class="v">0 </td></tr>
1071+ <tr><td class="e">proto_text_fetched_decimal </td><td class="v">0 </td></tr>
1072+ <tr><td class="e">proto_text_fetched_float </td><td class="v">0 </td></tr>
1073+ <tr><td class="e">proto_text_fetched_double </td><td class="v">0 </td></tr>
1074+ <tr><td class="e">proto_text_fetched_date </td><td class="v">0 </td></tr>
1075+ <tr><td class="e">proto_text_fetched_year </td><td class="v">0 </td></tr>
1076+ <tr><td class="e">proto_text_fetched_time </td><td class="v">0 </td></tr>
1077+ <tr><td class="e">proto_text_fetched_datetime </td><td class="v">0 </td></tr>
1078+ <tr><td class="e">proto_text_fetched_timestamp </td><td class="v">0 </td></tr>
1079+ <tr><td class="e">proto_text_fetched_string </td><td class="v">0 </td></tr>
1080+ <tr><td class="e">proto_text_fetched_blob </td><td class="v">0 </td></tr>
1081+ <tr><td class="e">proto_text_fetched_enum </td><td class="v">0 </td></tr>
1082+ <tr><td class="e">proto_text_fetched_set </td><td class="v">0 </td></tr>
1083+ <tr><td class="e">proto_text_fetched_geometry </td><td class="v">0 </td></tr>
1084+ <tr><td class="e">proto_text_fetched_other </td><td class="v">0 </td></tr>
1085+ <tr><td class="e">proto_binary_fetched_null </td><td class="v">0 </td></tr>
1086+ <tr><td class="e">proto_binary_fetched_bit </td><td class="v">0 </td></tr>
1087+ <tr><td class="e">proto_binary_fetched_tinyint </td><td class="v">0 </td></tr>
1088+ <tr><td class="e">proto_binary_fetched_short </td><td class="v">0 </td></tr>
1089+ <tr><td class="e">proto_binary_fetched_int24 </td><td class="v">0 </td></tr>
1090+ <tr><td class="e">proto_binary_fetched_int </td><td class="v">0 </td></tr>
1091+ <tr><td class="e">proto_binary_fetched_bigint </td><td class="v">0 </td></tr>
1092+ <tr><td class="e">proto_binary_fetched_decimal </td><td class="v">0 </td></tr>
1093+ <tr><td class="e">proto_binary_fetched_float </td><td class="v">0 </td></tr>
1094+ <tr><td class="e">proto_binary_fetched_double </td><td class="v">0 </td></tr>
1095+ <tr><td class="e">proto_binary_fetched_date </td><td class="v">0 </td></tr>
1096+ <tr><td class="e">proto_binary_fetched_year </td><td class="v">0 </td></tr>
1097+ <tr><td class="e">proto_binary_fetched_time </td><td class="v">0 </td></tr>
1098+ <tr><td class="e">proto_binary_fetched_datetime </td><td class="v">0 </td></tr>
1099+ <tr><td class="e">proto_binary_fetched_timestamp </td><td class="v">0 </td></tr>
1100+ <tr><td class="e">proto_binary_fetched_string </td><td class="v">0 </td></tr>
1101+ <tr><td class="e">proto_binary_fetched_blob </td><td class="v">0 </td></tr>
1102+ <tr><td class="e">proto_binary_fetched_enum </td><td class="v">0 </td></tr>
1103+ <tr><td class="e">proto_binary_fetched_set </td><td class="v">0 </td></tr>
1104+ <tr><td class="e">proto_binary_fetched_geometry </td><td class="v">0 </td></tr>
1105+ <tr><td class="e">proto_binary_fetched_other </td><td class="v">0 </td></tr>
1106+ <tr><td class="e">init_command_executed_count </td><td class="v">0 </td></tr>
1107+ <tr><td class="e">init_command_failed_count </td><td class="v">0 </td></tr>
1108+ <tr><td class="e">com_quit </td><td class="v">0 </td></tr>
1109+ <tr><td class="e">com_init_db </td><td class="v">0 </td></tr>
1110+ <tr><td class="e">com_query </td><td class="v">0 </td></tr>
1111+ <tr><td class="e">com_field_list </td><td class="v">0 </td></tr>
1112+ <tr><td class="e">com_create_db </td><td class="v">0 </td></tr>
1113+ <tr><td class="e">com_drop_db </td><td class="v">0 </td></tr>
1114+ <tr><td class="e">com_refresh </td><td class="v">0 </td></tr>
1115+ <tr><td class="e">com_shutdown </td><td class="v">0 </td></tr>
1116+ <tr><td class="e">com_statistics </td><td class="v">0 </td></tr>
1117+ <tr><td class="e">com_process_info </td><td class="v">0 </td></tr>
1118+ <tr><td class="e">com_connect </td><td class="v">0 </td></tr>
1119+ <tr><td class="e">com_process_kill </td><td class="v">0 </td></tr>
1120+ <tr><td class="e">com_debug </td><td class="v">0 </td></tr>
1121+ <tr><td class="e">com_ping </td><td class="v">0 </td></tr>
1122+ <tr><td class="e">com_time </td><td class="v">0 </td></tr>
1123+ <tr><td class="e">com_delayed_insert </td><td class="v">0 </td></tr>
1124+ <tr><td class="e">com_change_user </td><td class="v">0 </td></tr>
1125+ <tr><td class="e">com_binlog_dump </td><td class="v">0 </td></tr>
1126+ <tr><td class="e">com_table_dump </td><td class="v">0 </td></tr>
1127+ <tr><td class="e">com_connect_out </td><td class="v">0 </td></tr>
1128+ <tr><td class="e">com_register_slave </td><td class="v">0 </td></tr>
1129+ <tr><td class="e">com_stmt_prepare </td><td class="v">0 </td></tr>
1130+ <tr><td class="e">com_stmt_execute </td><td class="v">0 </td></tr>
1131+ <tr><td class="e">com_stmt_send_long_data </td><td class="v">0 </td></tr>
1132+ <tr><td class="e">com_stmt_close </td><td class="v">0 </td></tr>
1133+ <tr><td class="e">com_stmt_reset </td><td class="v">0 </td></tr>
1134+ <tr><td class="e">com_stmt_set_option </td><td class="v">0 </td></tr>
1135+ <tr><td class="e">com_stmt_fetch </td><td class="v">0 </td></tr>
1136+ <tr><td class="e">com_deamon </td><td class="v">0 </td></tr>
1137+ <tr><td class="e">bytes_received_real_data_normal </td><td class="v">0 </td></tr>
1138+ <tr><td class="e">bytes_received_real_data_ps </td><td class="v">0 </td></tr>
1139+ </table><br />
1140+ <table border="0" cellpadding="3" width="600">
1141+ <tr class="h"><th>example statistics</th><th> </th></tr>
1142+ <tr><td class="e">stat1 </td><td class="v">0 </td></tr>
1143+ <tr><td class="e">stat2 </td><td class="v">0 </td></tr>
1144+ </table><br />
1145+ <h2><a name="module_pcre">pcre</a></h2>
1146+ <table border="0" cellpadding="3" width="600">
1147+ <tr><td class="e">PCRE (Perl Compatible Regular Expressions) Support </td><td class="v">enabled </td></tr>
1148+ <tr><td class="e">PCRE Library Version </td><td class="v">8.12 2011-01-15 </td></tr>
1149+ </table><br />
1150+ <table border="0" cellpadding="3" width="600">
1151+ <tr class="h"><th>Directive</th><th>Local Value</th><th>Master Value</th></tr>
1152+ <tr><td class="e">pcre.backtrack_limit</td><td class="v">1000000</td><td class="v">1000000</td></tr>
1153+ <tr><td class="e">pcre.recursion_limit</td><td class="v">100000</td><td class="v">100000</td></tr>
1154+ </table><br />
1155+ <h2><a name="module_PDO">PDO</a></h2>
1156+ <table border="0" cellpadding="3" width="600">
1157+ <tr class="h"><th>PDO support</th><th>enabled</th></tr>
1158+ <tr><td class="e">PDO drivers </td><td class="v">sqlite </td></tr>
1159+ </table><br />
1160+ <h2><a name="module_pdo_sqlite">pdo_sqlite</a></h2>
1161+ <table border="0" cellpadding="3" width="600">
1162+ <tr class="h"><th>PDO Driver for SQLite 3.x</th><th>enabled</th></tr>
1163+ <tr><td class="e">SQLite Library </td><td class="v">3.7.7.1 </td></tr>
1164+ </table><br />
1165+ <h2><a name="module_Phar">Phar</a></h2>
1166+ <table border="0" cellpadding="3" width="600">
1167+ <tr class="h"><th>Phar: PHP Archive support</th><th>enabled</th></tr>
1168+ <tr><td class="e">Phar EXT version </td><td class="v">2.0.1 </td></tr>
1169+ <tr><td class="e">Phar API version </td><td class="v">1.1.1 </td></tr>
1170+ <tr><td class="e">SVN revision </td><td class="v">$Revision$ </td></tr>
1171+ <tr><td class="e">Phar-based phar archives </td><td class="v">enabled </td></tr>
1172+ <tr><td class="e">Tar-based phar archives </td><td class="v">enabled </td></tr>
1173+ <tr><td class="e">ZIP-based phar archives </td><td class="v">enabled </td></tr>
1174+ <tr><td class="e">gzip compression </td><td class="v">enabled </td></tr>
1175+ <tr><td class="e">bzip2 compression </td><td class="v">enabled </td></tr>
1176+ <tr><td class="e">OpenSSL support </td><td class="v">disabled (install ext/openssl) </td></tr>
1177+ </table><br />
1178+ <table border="0" cellpadding="3" width="600">
1179+ <tr class="v"><td>
1180+ Phar based on pear/PHP_Archive, original concept by Davey Shafik.<br />Phar fully realized by Gregory Beaver and Marcus Boerger.<br />Portions of tar implementation Copyright (c) 2003-2009 Tim Kientzle.</td></tr>
1181+ </table><br />
1182+ <table border="0" cellpadding="3" width="600">
1183+ <tr class="h"><th>Directive</th><th>Local Value</th><th>Master Value</th></tr>
1184+ <tr><td class="e">phar.cache_list</td><td class="v"><i>no value</i></td><td class="v"><i>no value</i></td></tr>
1185+ <tr><td class="e">phar.readonly</td><td class="v">On</td><td class="v">Off</td></tr>
1186+ <tr><td class="e">phar.require_hash</td><td class="v">On</td><td class="v">Off</td></tr>
1187+ </table><br />
1188+ <h2><a name="module_posix">posix</a></h2>
1189+ <table border="0" cellpadding="3" width="600">
1190+ <tr><td class="e">Revision </td><td class="v">$Revision$ </td></tr>
1191+ </table><br />
1192+ <h2><a name="module_Reflection">Reflection</a></h2>
1193+ <table border="0" cellpadding="3" width="600">
1194+ <tr class="h"><th>Reflection</th><th>enabled</th></tr>
1195+ <tr><td class="e">Version </td><td class="v">$Revision$ </td></tr>
1196+ </table><br />
1197+ <h2><a name="module_session">session</a></h2>
1198+ <table border="0" cellpadding="3" width="600">
1199+ <tr><td class="e">Session Support </td><td class="v">enabled </td></tr>
1200+ <tr><td class="e">Registered save handlers </td><td class="v">files user  </td></tr>
1201+ <tr><td class="e">Registered serializer handlers </td><td class="v">php php_binary  </td></tr>
1202+ </table><br />
1203+ <table border="0" cellpadding="3" width="600">
1204+ <tr class="h"><th>Directive</th><th>Local Value</th><th>Master Value</th></tr>
1205+ <tr><td class="e">session.auto_start</td><td class="v">Off</td><td class="v">Off</td></tr>
1206+ <tr><td class="e">session.cache_expire</td><td class="v">180</td><td class="v">180</td></tr>
1207+ <tr><td class="e">session.cache_limiter</td><td class="v">nocache</td><td class="v">nocache</td></tr>
1208+ <tr><td class="e">session.cookie_domain</td><td class="v"><i>no value</i></td><td class="v"><i>no value</i></td></tr>
1209+ <tr><td class="e">session.cookie_httponly</td><td class="v">Off</td><td class="v">Off</td></tr>
1210+ <tr><td class="e">session.cookie_lifetime</td><td class="v">0</td><td class="v">0</td></tr>
1211+ <tr><td class="e">session.cookie_path</td><td class="v">/</td><td class="v">/</td></tr>
1212+ <tr><td class="e">session.cookie_secure</td><td class="v">Off</td><td class="v">Off</td></tr>
1213+ <tr><td class="e">session.entropy_file</td><td class="v">/dev/urandom</td><td class="v">/dev/urandom</td></tr>
1214+ <tr><td class="e">session.entropy_length</td><td class="v">32</td><td class="v">32</td></tr>
1215+ <tr><td class="e">session.gc_divisor</td><td class="v">100</td><td class="v">100</td></tr>
1216+ <tr><td class="e">session.gc_maxlifetime</td><td class="v">1440</td><td class="v">1440</td></tr>
1217+ <tr><td class="e">session.gc_probability</td><td class="v">1</td><td class="v">1</td></tr>
1218+ <tr><td class="e">session.hash_bits_per_character</td><td class="v">4</td><td class="v">4</td></tr>
1219+ <tr><td class="e">session.hash_function</td><td class="v">0</td><td class="v">0</td></tr>
1220+ <tr><td class="e">session.name</td><td class="v">PHPSESSID</td><td class="v">PHPSESSID</td></tr>
1221+ <tr><td class="e">session.referer_check</td><td class="v"><i>no value</i></td><td class="v"><i>no value</i></td></tr>
1222+ <tr><td class="e">session.save_handler</td><td class="v">files</td><td class="v">files</td></tr>
1223+ <tr><td class="e">session.save_path</td><td class="v"><i>no value</i></td><td class="v"><i>no value</i></td></tr>
1224+ <tr><td class="e">session.serialize_handler</td><td class="v">php</td><td class="v">php</td></tr>
1225+ <tr><td class="e">session.upload_progress.cleanup</td><td class="v">On</td><td class="v">On</td></tr>
1226+ <tr><td class="e">session.upload_progress.enabled</td><td class="v">On</td><td class="v">On</td></tr>
1227+ <tr><td class="e">session.upload_progress.freq</td><td class="v">1%</td><td class="v">1%</td></tr>
1228+ <tr><td class="e">session.upload_progress.min_freq</td><td class="v">1</td><td class="v">1</td></tr>
1229+ <tr><td class="e">session.upload_progress.name</td><td class="v">PHP_SESSION_UPLOAD_PROGRESS</td><td class="v">PHP_SESSION_UPLOAD_PROGRESS</td></tr>
1230+ <tr><td class="e">session.upload_progress.prefix</td><td class="v">upload_progress_</td><td class="v">upload_progress_</td></tr>
1231+ <tr><td class="e">session.use_cookies</td><td class="v">On</td><td class="v">On</td></tr>
1232+ <tr><td class="e">session.use_only_cookies</td><td class="v">On</td><td class="v">On</td></tr>
1233+ <tr><td class="e">session.use_trans_sid</td><td class="v">0</td><td class="v">0</td></tr>
1234+ </table><br />
1235+ <h2><a name="module_SimpleXML">SimpleXML</a></h2>
1236+ <table border="0" cellpadding="3" width="600">
1237+ <tr class="h"><th>Simplexml support</th><th>enabled</th></tr>
1238+ <tr><td class="e">Revision </td><td class="v">$Revision$ </td></tr>
1239+ <tr><td class="e">Schema support </td><td class="v">enabled </td></tr>
1240+ </table><br />
1241+ <h2><a name="module_SPL">SPL</a></h2>
1242+ <table border="0" cellpadding="3" width="600">
1243+ <tr class="h"><th>SPL support</th><th>enabled</th></tr>
1244+ <tr><td class="e">Interfaces </td><td class="v">Countable, OuterIterator, RecursiveIterator, SeekableIterator, SplObserver, SplSubject </td></tr>
1245+ <tr><td class="e">Classes </td><td class="v">AppendIterator, ArrayIterator, ArrayObject, BadFunctionCallException, BadMethodCallException, CachingIterator, CallbackFilterIterator, DirectoryIterator, DomainException, EmptyIterator, FilesystemIterator, FilterIterator, GlobIterator, InfiniteIterator, InvalidArgumentException, IteratorIterator, LengthException, LimitIterator, LogicException, MultipleIterator, NoRewindIterator, OutOfBoundsException, OutOfRangeException, OverflowException, ParentIterator, RangeException, RecursiveArrayIterator, RecursiveCachingIterator, RecursiveCallbackFilterIterator, RecursiveDirectoryIterator, RecursiveFilterIterator, RecursiveIteratorIterator, RecursiveRegexIterator, RecursiveTreeIterator, RegexIterator, RuntimeException, SplDoublyLinkedList, SplFileInfo, SplFileObject, SplFixedArray, SplHeap, SplMinHeap, SplMaxHeap, SplObjectStorage, SplPriorityQueue, SplQueue, SplStack, SplTempFileObject, UnderflowException, UnexpectedValueException </td></tr>
1246+ </table><br />
1247+ <h2><a name="module_sqlite3">sqlite3</a></h2>
1248+ <table border="0" cellpadding="3" width="600">
1249+ <tr class="h"><th>SQLite3 support</th><th>enabled</th></tr>
1250+ <tr><td class="e">SQLite3 module version </td><td class="v">0.7-dev </td></tr>
1251+ <tr><td class="e">SQLite Library </td><td class="v">3.7.7.1 </td></tr>
1252+ </table><br />
1253+ <table border="0" cellpadding="3" width="600">
1254+ <tr class="h"><th>Directive</th><th>Local Value</th><th>Master Value</th></tr>
1255+ <tr><td class="e">sqlite3.extension_dir</td><td class="v"><i>no value</i></td><td class="v"><i>no value</i></td></tr>
1256+ </table><br />
1257+ <h2><a name="module_standard">standard</a></h2>
1258+ <table border="0" cellpadding="3" width="600">
1259+ <tr><td class="e">Dynamic Library Support </td><td class="v">enabled </td></tr>
1260+ <tr><td class="e">Path to sendmail </td><td class="v"> -t -i  </td></tr>
1261+ </table><br />
1262+ <table border="0" cellpadding="3" width="600">
1263+ <tr class="h"><th>Directive</th><th>Local Value</th><th>Master Value</th></tr>
1264+ <tr><td class="e">assert.active</td><td class="v">1</td><td class="v">1</td></tr>
1265+ <tr><td class="e">assert.bail</td><td class="v">0</td><td class="v">0</td></tr>
1266+ <tr><td class="e">assert.callback</td><td class="v"><i>no value</i></td><td class="v"><i>no value</i></td></tr>
1267+ <tr><td class="e">assert.quiet_eval</td><td class="v">0</td><td class="v">0</td></tr>
1268+ <tr><td class="e">assert.warning</td><td class="v">1</td><td class="v">1</td></tr>
1269+ <tr><td class="e">auto_detect_line_endings</td><td class="v">0</td><td class="v">0</td></tr>
1270+ <tr><td class="e">default_socket_timeout</td><td class="v">60</td><td class="v">60</td></tr>
1271+ <tr><td class="e">from</td><td class="v"><i>no value</i></td><td class="v"><i>no value</i></td></tr>
1272+ <tr><td class="e">url_rewriter.tags</td><td class="v">a=href,area=href,frame=src,form=,fieldset=</td><td class="v">a=href,area=href,frame=src,form=,fieldset=</td></tr>
1273+ <tr><td class="e">user_agent</td><td class="v"><i>no value</i></td><td class="v"><i>no value</i></td></tr>
1274+ </table><br />
1275+ <h2><a name="module_tokenizer">tokenizer</a></h2>
1276+ <table border="0" cellpadding="3" width="600">
1277+ <tr><td class="e">Tokenizer Support </td><td class="v">enabled </td></tr>
1278+ </table><br />
1279+ <h2><a name="module_xml">xml</a></h2>
1280+ <table border="0" cellpadding="3" width="600">
1281+ <tr><td class="e">XML Support </td><td class="v">active </td></tr>
1282+ <tr><td class="e">XML Namespace Support </td><td class="v">active </td></tr>
1283+ <tr><td class="e">libxml2 Version </td><td class="v">2.7.8 </td></tr>
1284+ </table><br />
1285+ <h2><a name="module_xmlreader">xmlreader</a></h2>
1286+ <table border="0" cellpadding="3" width="600">
1287+ <tr><td class="e">XMLReader </td><td class="v">enabled </td></tr>
1288+ </table><br />
1289+ <h2><a name="module_xmlwriter">xmlwriter</a></h2>
1290+ <table border="0" cellpadding="3" width="600">
1291+ <tr><td class="e">XMLWriter </td><td class="v">enabled </td></tr>
1292+ </table><br />
1293+ <h2><a name="module_zlib">zlib</a></h2>
1294+ <table border="0" cellpadding="3" width="600">
1295+ <tr class="h"><th>ZLib Support</th><th>enabled</th></tr>
1296+ <tr><td class="e">Stream Wrapper </td><td class="v">compress.zlib:// </td></tr>
1297+ <tr><td class="e">Stream Filter </td><td class="v">zlib.inflate, zlib.deflate </td></tr>
1298+ <tr><td class="e">Compiled Version </td><td class="v">1.2.3.4 </td></tr>
1299+ <tr><td class="e">Linked Version </td><td class="v">1.2.3.4 </td></tr>
1300+ </table><br />
1301+ <table border="0" cellpadding="3" width="600">
1302+ <tr class="h"><th>Directive</th><th>Local Value</th><th>Master Value</th></tr>
1303+ <tr><td class="e">zlib.output_compression</td><td class="v">Off</td><td class="v">Off</td></tr>
1304+ <tr><td class="e">zlib.output_compression_level</td><td class="v">-1</td><td class="v">-1</td></tr>
1305+ <tr><td class="e">zlib.output_handler</td><td class="v"><i>no value</i></td><td class="v"><i>no value</i></td></tr>
1306+ </table><br />
1307+ <h2>Additional Modules</h2>
1308+ <table border="0" cellpadding="3" width="600">
1309+ <tr class="h"><th>Module Name</th></tr>
1310+ </table><br />
1311+ </div></body></html>===DONE===
]]></failure>
</testcase>
<testcase classname='php-src.ext.phar.tests' name='readfile.phpt - Phar: test readfile() interception' time='0.0244'>
</testcase>
<testcase classname='php-src.ext.phar.tests' name='readfile_edgecases.phpt - Phar: test edge cases of readfile() function interception' time='0.0250'>
</testcase>
<testcase classname='php-src.ext.phar.tests' name='readfile_edgecasesU.phpt - Phar: test edge cases of readfile() function interception' time='0.0147'>
<skipped><![CDATA[
requires php 6.0 or newer
]]></skipped>
</testcase>
<testcase classname='php-src.ext.phar.tests' name='refcount1.phpt - Phar: test that refcounting avoids problems with deleting a file' time='0.0325'>
</testcase>
<testcase classname='php-src.ext.phar.tests' name='refcount1_5_2.phpt - Phar: test that refcounting avoids problems with deleting a file' time='0.0143'>
<skipped><![CDATA[
requires 5.2 or earlier
]]></skipped>
</testcase>
<testcase classname='php-src.ext.phar.tests' name='rename.phpt - Phar: rename test' time='0.0269'>
</testcase>
<testcase classname='php-src.ext.phar.tests' name='rename_dir.phpt - Phar: rename_dir test' time='0.0279'>
</testcase>
<testcase classname='php-src.ext.phar.tests' name='rename_dir_and_mount.phpt - Phar: rename_dir and mount test' time='0.0262'>
</testcase>
<testcase classname='php-src.ext.phar.tests' name='rmdir.phpt - Phar: rmdir test' time='0.0186'>
</testcase>
<testcase classname='php-src.ext.phar.tests' name='security.phpt - Phar: test to ensure phar.readonly cannot be circumvented' time='0.0300'>
</testcase>
<testcase classname='php-src.ext.phar.tests' name='stat.phpt - Phar: test stat function interceptions' time='0.0381'>
</testcase>
<testcase classname='php-src.ext.phar.tests' name='stat2.phpt - Phar: test stat function interceptions and is_file/is_link edge cases (PHP 5.2)' time='0.0143'>
<skipped><![CDATA[
PHP 5.2 required for this test
]]></skipped>
</testcase>
<testcase classname='php-src.ext.phar.tests' name='stat2_5.3.phpt - Phar: test stat function interceptions and is_file/is_link edge cases (PHP 5.3+)' time='0.0636'>
</testcase>
<testcase classname='php-src.ext.phar.tests' name='test_alias_unset.phpt - Phar: test for the odd case where we intend to remove an archive from memory' time='0.0233'>
</testcase>
<testcase classname='php-src.ext.phar.tests' name='test_signaturealgos.phpt - Phar: verify signature parsing works' time='0.0140'>
<skipped><![CDATA[
openssl support required
]]></skipped>
</testcase>
<testcase classname='php-src.ext.phar.tests' name='test_unset.phpt - Phar: ensure unset() works properly on a non-flushed phar archive' time='0.0234'>
</testcase>
<testcase classname='php-src.ext.phar.tests' name='webphar_compilefail.phpt - Phar: Phar::webPhar, open compiled file fails' time='0.0194'>
</testcase>
<testcase classname='php-src.ext.phar.tests' name='withphar.phpt - Phar: phar run with pecl/phar with default stub' time='0.0321'>
</testcase>
<testcase classname='php-src.ext.phar.tests' name='withphar_web.phpt - Phar: default web stub, with phar extension' time='0.0391'>
</testcase>
<testcase classname='php-src.ext.phar.tests' name='zf_test.phpt - Phar: test broken app' time='0.0399'>
</testcase>
</testsuite>
<testsuite name="php-src.ext.phar.tests.cache_list" tests="60" failures="0" errors="0" skip="1" time="1.7361">
<testcase classname='php-src.ext.phar.tests.cache_list' name='copyonwrite1.phar.phpt - Phar: copy-on-write test 1 [cache_list]' time='0.0250'>
</testcase>
<testcase classname='php-src.ext.phar.tests.cache_list' name='copyonwrite10.phar.phpt - Phar: copy-on-write test 10 [cache_list]' time='0.0293'>
</testcase>
<testcase classname='php-src.ext.phar.tests.cache_list' name='copyonwrite11.phar.phpt - Phar: copy-on-write test 11 [cache_list]' time='0.0287'>
</testcase>
<testcase classname='php-src.ext.phar.tests.cache_list' name='copyonwrite12.phar.phpt - Phar: copy-on-write test 12 [cache_list]' time='0.0270'>
</testcase>
<testcase classname='php-src.ext.phar.tests.cache_list' name='copyonwrite13.phar.phpt - Phar: copy-on-write test 13 [cache_list]' time='0.0224'>
</testcase>
<testcase classname='php-src.ext.phar.tests.cache_list' name='copyonwrite14.phar.phpt - Phar: copy-on-write test 14 [cache_list]' time='0.0272'>
</testcase>
<testcase classname='php-src.ext.phar.tests.cache_list' name='copyonwrite15.phar.phpt - Phar: copy-on-write test 15 [cache_list]' time='0.0315'>
</testcase>
<testcase classname='php-src.ext.phar.tests.cache_list' name='copyonwrite16.phar.phpt - Phar: copy-on-write test 16 [cache_list]' time='0.0166'>
</testcase>
<testcase classname='php-src.ext.phar.tests.cache_list' name='copyonwrite17.phar.phpt - Phar: copy-on-write test 17 [cache_list]' time='0.0229'>
</testcase>
<testcase classname='php-src.ext.phar.tests.cache_list' name='copyonwrite18.phar.phpt - Phar: copy-on-write test 18 [cache_list]' time='0.0319'>
</testcase>
<testcase classname='php-src.ext.phar.tests.cache_list' name='copyonwrite19.phar.phpt - Phar: copy-on-write test 19 [cache_list]' time='0.0279'>
</testcase>
<testcase classname='php-src.ext.phar.tests.cache_list' name='copyonwrite2.phar.phpt - Phar: copy-on-write test 2 [cache_list]' time='0.0271'>
</testcase>
<testcase classname='php-src.ext.phar.tests.cache_list' name='copyonwrite20.phar.phpt - Phar: copy-on-write test 20 [cache_list]' time='0.0324'>
</testcase>
<testcase classname='php-src.ext.phar.tests.cache_list' name='copyonwrite21.phar.phpt - Phar: copy-on-write test 21 [cache_list]' time='0.0261'>
</testcase>
<testcase classname='php-src.ext.phar.tests.cache_list' name='copyonwrite22.phar.phpt - Phar: copy-on-write test 22 [cache_list]' time='0.0280'>
</testcase>
<testcase classname='php-src.ext.phar.tests.cache_list' name='copyonwrite23.phar.phpt - Phar: copy-on-write test 23 [cache_list]' time='0.0300'>
</testcase>
<testcase classname='php-src.ext.phar.tests.cache_list' name='copyonwrite24.phar.phpt - Phar: copy-on-write test 24 [cache_list]' time='0.0310'>
</testcase>
<testcase classname='php-src.ext.phar.tests.cache_list' name='copyonwrite25.phar.phpt - Phar: copy-on-write test 25 [cache_list]' time='0.0262'>
</testcase>
<testcase classname='php-src.ext.phar.tests.cache_list' name='copyonwrite3.phar.phpt - Phar: copy-on-write test 3 [cache_list]' time='0.0322'>
</testcase>
<testcase classname='php-src.ext.phar.tests.cache_list' name='copyonwrite4.phar.phpt - Phar: copy-on-write test 4 [cache_list]' time='0.0280'>
</testcase>
<testcase classname='php-src.ext.phar.tests.cache_list' name='copyonwrite4a.phpt - Phar: copy-on-write test 4a [cache_list]' time='0.0231'>
</testcase>
<testcase classname='php-src.ext.phar.tests.cache_list' name='copyonwrite5.phar.phpt - Phar: copy-on-write test 5 [cache_list]' time='0.0325'>
</testcase>
<testcase classname='php-src.ext.phar.tests.cache_list' name='copyonwrite6.phar.phpt - Phar: copy-on-write test 6 [cache_list]' time='0.0308'>
</testcase>
<testcase classname='php-src.ext.phar.tests.cache_list' name='copyonwrite7.phar.phpt - Phar: copy-on-write test 7 [cache_list]' time='0.0258'>
</testcase>
<testcase classname='php-src.ext.phar.tests.cache_list' name='copyonwrite8.phar.phpt - Phar: copy-on-write test 8 [cache_list]' time='0.0218'>
</testcase>
<testcase classname='php-src.ext.phar.tests.cache_list' name='copyonwrite9.phar.phpt - Phar: copy-on-write test 9 [cache_list]' time='0.0263'>
</testcase>
<testcase classname='php-src.ext.phar.tests.cache_list' name='frontcontroller1.phpt - Phar front controller other' time='0.0913'>
</testcase>
<testcase classname='php-src.ext.phar.tests.cache_list' name='frontcontroller10.phpt - Phar front controller rewrite access denied [cache_list]' time='0.0252'>
</testcase>
<testcase classname='php-src.ext.phar.tests.cache_list' name='frontcontroller11.phpt - Phar front controller mime type extension is not a string [cache_list]' time='0.0132'>
<skipped><![CDATA[

]]></skipped>
</testcase>
<testcase classname='php-src.ext.phar.tests.cache_list' name='frontcontroller12.phpt - Phar front controller mime type unknown int [cache_list]' time='0.0455'>
</testcase>
<testcase classname='php-src.ext.phar.tests.cache_list' name='frontcontroller13.phpt - Phar front controller mime type not string/int [cache_list]' time='0.0278'>
</testcase>
<testcase classname='php-src.ext.phar.tests.cache_list' name='frontcontroller14.phpt - Phar front controller mime type override, other [cache_list]' time='0.0276'>
</testcase>
<testcase classname='php-src.ext.phar.tests.cache_list' name='frontcontroller15.phpt - Phar front controller mime type override, Phar::PHPS [cache_list]' time='0.0282'>
</testcase>
<testcase classname='php-src.ext.phar.tests.cache_list' name='frontcontroller16.phpt - Phar front controller mime type override, Phar::PHP [cache_list]' time='0.0305'>
</testcase>
<testcase classname='php-src.ext.phar.tests.cache_list' name='frontcontroller17.phpt - Phar front controller mime type unknown [cache_list]' time='0.0324'>
</testcase>
<testcase classname='php-src.ext.phar.tests.cache_list' name='frontcontroller18.phpt - Phar front controller $_SERVER munging failure [cache_list]' time='0.0244'>
</testcase>
<testcase classname='php-src.ext.phar.tests.cache_list' name='frontcontroller19.phpt - Phar front controller $_SERVER munging failure 2 [cache_list]' time='0.0308'>
</testcase>
<testcase classname='php-src.ext.phar.tests.cache_list' name='frontcontroller2.phpt - Phar front controller PHP test [cache_list]' time='0.0303'>
</testcase>
<testcase classname='php-src.ext.phar.tests.cache_list' name='frontcontroller20.phpt - Phar front controller $_SERVER munging failure 3 [cache_list]' time='0.0255'>
</testcase>
<testcase classname='php-src.ext.phar.tests.cache_list' name='frontcontroller21.phpt - Phar front controller $_SERVER munging success [cache_list]' time='0.0312'>
</testcase>
<testcase classname='php-src.ext.phar.tests.cache_list' name='frontcontroller22.phpt - Phar front controller include from cwd test 1 [cache_list]' time='0.0352'>
</testcase>
<testcase classname='php-src.ext.phar.tests.cache_list' name='frontcontroller23.phpt - Phar front controller with generic action router test [cache_list]' time='0.0222'>
</testcase>
<testcase classname='php-src.ext.phar.tests.cache_list' name='frontcontroller24.phpt - Phar front controller with custom 404 php script [cache_list]' time='0.0288'>
</testcase>
<testcase classname='php-src.ext.phar.tests.cache_list' name='frontcontroller25.phpt - Phar front controller with extra path_info [cache_list]' time='0.0331'>
</testcase>
<testcase classname='php-src.ext.phar.tests.cache_list' name='frontcontroller26.phpt - Phar front controller with unknown extension mime type [cache_list]' time='0.0327'>
</testcase>
<testcase classname='php-src.ext.phar.tests.cache_list' name='frontcontroller27.phpt - Phar front controller with no extension [cache_list]' time='0.0285'>
</testcase>
<testcase classname='php-src.ext.phar.tests.cache_list' name='frontcontroller28.phpt - Phar front controller with huge file [cache_list]' time='0.0316'>
</testcase>
<testcase classname='php-src.ext.phar.tests.cache_list' name='frontcontroller29.phpt - Phar front controller with fatal error in php file [cache_list]' time='0.0204'>
</testcase>
<testcase classname='php-src.ext.phar.tests.cache_list' name='frontcontroller3.phpt - Phar front controller phps [cache_list]' time='0.0232'>
</testcase>
<testcase classname='php-src.ext.phar.tests.cache_list' name='frontcontroller30.phpt - Phar front controller with weird SCRIPT_NAME [cache_list]' time='0.0243'>
</testcase>
<testcase classname='php-src.ext.phar.tests.cache_list' name='frontcontroller31.phpt - Phar front controller with invalid callback for rewrites [cache_list]' time='0.0258'>
</testcase>
<testcase classname='php-src.ext.phar.tests.cache_list' name='frontcontroller32.phpt - Phar front controller with valid callback that is not good [cache_list]' time='0.0301'>
</testcase>
<testcase classname='php-src.ext.phar.tests.cache_list' name='frontcontroller33.phpt - Phar front controller with valid callback that does not return any value [cache_list]' time='0.0262'>
</testcase>
<testcase classname='php-src.ext.phar.tests.cache_list' name='frontcontroller34.phpt - Phar front controller with cwd [cache_list]' time='0.0303'>
</testcase>
<testcase classname='php-src.ext.phar.tests.cache_list' name='frontcontroller4.phpt - Phar front controller index.php relocate (no /) [cache_list]' time='0.0230'>
</testcase>
<testcase classname='php-src.ext.phar.tests.cache_list' name='frontcontroller5.phpt - Phar front controller index.php relocate [cache_list]' time='0.0281'>
</testcase>
<testcase classname='php-src.ext.phar.tests.cache_list' name='frontcontroller6.phpt - Phar front controller 404 [cache_list]' time='0.0344'>
</testcase>
<testcase classname='php-src.ext.phar.tests.cache_list' name='frontcontroller7.phpt - Phar front controller alternate index file [cache_list]' time='0.0240'>
</testcase>
<testcase classname='php-src.ext.phar.tests.cache_list' name='frontcontroller8.phpt - Phar front controller no index file 404 [cache_list]' time='0.0291'>
</testcase>
<testcase classname='php-src.ext.phar.tests.cache_list' name='frontcontroller9.phpt - Phar front controller rewrite array [cache_list]' time='0.0295'>
</testcase>
</testsuite>
<testsuite name="php-src.ext.phar.tests.tar" tests="97" failures="0" errors="0" skip="13" time="2.7989">
<testcase classname='php-src.ext.phar.tests.tar' name='033.phpt - Phar::chmod tar-based' time='0.0352'>
</testcase>
<testcase classname='php-src.ext.phar.tests.tar' name='033a.phpt - Phar::chmod tar-based' time='0.0332'>
</testcase>
<testcase classname='php-src.ext.phar.tests.tar' name='alias_acrobatics.phpt - Phar: alias edge cases' time='0.0345'>
</testcase>
<testcase classname='php-src.ext.phar.tests.tar' name='all.phpt - Phar: test that creation of tar-based phar generates valid tar with all bells/whistles' time='0.0378'>
</testcase>
<testcase classname='php-src.ext.phar.tests.tar' name='allU.phpt - Phar: test that creation of tar-based phar generates valid tar with all bells/whistles' time='0.0153'>
<skipped><![CDATA[
Unicode support required
]]></skipped>
</testcase>
<testcase classname='php-src.ext.phar.tests.tar' name='badalias.phpt - Phar: invalid aliases' time='0.0357'>
</testcase>
<testcase classname='php-src.ext.phar.tests.tar' name='badchecksum.phpt - Phar: tar with bad checksum' time='0.0338'>
</testcase>
<testcase classname='php-src.ext.phar.tests.tar' name='bignames.phpt - Phar: tar with huge filenames' time='0.0314'>
</testcase>
<testcase classname='php-src.ext.phar.tests.tar' name='bignames_overflow.phpt - Phar: tar with huge filenames, buffer overflow' time='0.0363'>
</testcase>
<testcase classname='php-src.ext.phar.tests.tar' name='bug49910.phpt - Bug #49910: no support for ././@LongLink for long filenames in phar tar support' time='0.0356'>
</testcase>
<testcase classname='php-src.ext.phar.tests.tar' name='create_new_and_modify.phpt - Phar: create and modify tar-based phar' time='0.0318'>
</testcase>
<testcase classname='php-src.ext.phar.tests.tar' name='create_new_phar_b.phpt - Phar: create a completely new tar-based phar' time='0.0329'>
</testcase>
<testcase classname='php-src.ext.phar.tests.tar' name='delete.phpt - Phar: delete test, tar-based phar' time='0.0358'>
</testcase>
<testcase classname='php-src.ext.phar.tests.tar' name='delete_in_phar.phpt - Phar: delete a file within a tar-based .phar' time='0.0360'>
</testcase>
<testcase classname='php-src.ext.phar.tests.tar' name='delete_in_phar_b.phpt - Phar: delete a file within a tar-based .phar' time='0.0357'>
</testcase>
<testcase classname='php-src.ext.phar.tests.tar' name='delete_in_phar_confirm.phpt - Phar: delete a file within a tar-based .phar (confirm disk file is changed)' time='0.0280'>
</testcase>
<testcase classname='php-src.ext.phar.tests.tar' name='dir.phpt - Phar: mkdir/rmdir test tar-based' time='0.0314'>
</testcase>
<testcase classname='php-src.ext.phar.tests.tar' name='exists_as_phar.phpt - Phar: phar-based phar named with &quot;.tar&quot; fails' time='0.0348'>
</testcase>
<testcase classname='php-src.ext.phar.tests.tar' name='frontcontroller1.phar.phpt - Phar front controller other tar-based' time='0.0292'>
</testcase>
<testcase classname='php-src.ext.phar.tests.tar' name='frontcontroller10.phar.phpt - Phar front controller rewrite array invalid tar-based' time='0.0336'>
</testcase>
<testcase classname='php-src.ext.phar.tests.tar' name='frontcontroller11.phar.phpt - Phar front controller mime type extension is not a string tar-based' time='0.0094'>
<skipped><![CDATA[

]]></skipped>
</testcase>
<testcase classname='php-src.ext.phar.tests.tar' name='frontcontroller12.phar.phpt - Phar front controller mime type unknown int tar-based' time='0.0269'>
</testcase>
<testcase classname='php-src.ext.phar.tests.tar' name='frontcontroller13.phar.phpt - Phar front controller mime type not string/int tar-based' time='0.0277'>
</testcase>
<testcase classname='php-src.ext.phar.tests.tar' name='frontcontroller14.phar.phpt - Phar front controller mime type override, other tar-based' time='0.0335'>
</testcase>
<testcase classname='php-src.ext.phar.tests.tar' name='frontcontroller15.phar.phpt - Phar front controller mime type override, Phar::PHPS tar-based' time='0.0301'>
</testcase>
<testcase classname='php-src.ext.phar.tests.tar' name='frontcontroller16.phar.phpt - Phar front controller mime type override, Phar::PHP tar-based' time='0.0322'>
</testcase>
<testcase classname='php-src.ext.phar.tests.tar' name='frontcontroller17.phar.phpt - Phar front controller mime type unknown tar-based' time='0.0206'>
</testcase>
<testcase classname='php-src.ext.phar.tests.tar' name='frontcontroller18.phar.phpt - Phar front controller $_SERVER munging failure tar-based' time='0.0234'>
</testcase>
<testcase classname='php-src.ext.phar.tests.tar' name='frontcontroller19.phar.phpt - Phar front controller $_SERVER munging failure 2 tar-based' time='0.0302'>
</testcase>
<testcase classname='php-src.ext.phar.tests.tar' name='frontcontroller2.phar.phpt - Phar front controller PHP test tar-based' time='0.0196'>
</testcase>
<testcase classname='php-src.ext.phar.tests.tar' name='frontcontroller20.phar.phpt - Phar front controller $_SERVER munging failure 3 tar-based' time='0.0326'>
</testcase>
<testcase classname='php-src.ext.phar.tests.tar' name='frontcontroller21.phar.phpt - Phar front controller $_SERVER munging success tar-based' time='0.0207'>
</testcase>
<testcase classname='php-src.ext.phar.tests.tar' name='frontcontroller3.phar.phpt - Phar front controller phps tar-based' time='0.0295'>
</testcase>
<testcase classname='php-src.ext.phar.tests.tar' name='frontcontroller4.phar.phpt - Phar front controller index.php relocate (no /) tar-based' time='0.0314'>
</testcase>
<testcase classname='php-src.ext.phar.tests.tar' name='frontcontroller5.phar.phpt - Phar front controller index.php relocate tar-based' time='0.0199'>
</testcase>
<testcase classname='php-src.ext.phar.tests.tar' name='frontcontroller6.phar.phpt - Phar front controller 404 tar-based' time='0.0242'>
</testcase>
<testcase classname='php-src.ext.phar.tests.tar' name='frontcontroller7.phar.phpt - Phar front controller alternate index file tar-based' time='0.0214'>
</testcase>
<testcase classname='php-src.ext.phar.tests.tar' name='frontcontroller8.phar.phpt - Phar front controller no index file 404 tar-based' time='0.0237'>
</testcase>
<testcase classname='php-src.ext.phar.tests.tar' name='frontcontroller9.phar.phpt - Phar front controller rewrite array tar-based' time='0.0195'>
</testcase>
<testcase classname='php-src.ext.phar.tests.tar' name='links.phpt - Phar: tar with hard link and symbolic link' time='0.0303'>
</testcase>
<testcase classname='php-src.ext.phar.tests.tar' name='links2.phpt - Phar: tar with hard link to nowhere' time='0.0346'>
</testcase>
<testcase classname='php-src.ext.phar.tests.tar' name='links3.phpt - Phar: tar with link to absolute path' time='0.0262'>
</testcase>
<testcase classname='php-src.ext.phar.tests.tar' name='links4.phpt - Phar: tar with link to root directory file from root directory file' time='0.0397'>
</testcase>
<testcase classname='php-src.ext.phar.tests.tar' name='links5.phpt - Phar: tar with relative link to subdirectory file from subdirectory file' time='0.0339'>
</testcase>
<testcase classname='php-src.ext.phar.tests.tar' name='links6.phpt - Phar: test nested linked files' time='0.0312'>
</testcase>
<testcase classname='php-src.ext.phar.tests.tar' name='open_for_write_existing.phpt - Phar: fopen a .phar for writing (existing file) tar-based' time='0.0371'>
</testcase>
<testcase classname='php-src.ext.phar.tests.tar' name='open_for_write_existing_b.phpt - Phar: fopen a .phar for writing (existing file) tar-based' time='0.0311'>
</testcase>
<testcase classname='php-src.ext.phar.tests.tar' name='open_for_write_existing_b_5_2.phpt - Phar: fopen a .phar for writing (existing file) tar-based' time='0.0101'>
<skipped><![CDATA[
requires 5.2 or earlier
]]></skipped>
</testcase>
<testcase classname='php-src.ext.phar.tests.tar' name='open_for_write_existing_c.phpt - Phar: fopen a .phar for writing (existing file) tar-based' time='0.0256'>
</testcase>
<testcase classname='php-src.ext.phar.tests.tar' name='open_for_write_existing_c_5_2.phpt - Phar: fopen a .phar for writing (existing file) tar-based' time='0.0122'>
<skipped><![CDATA[
requires 5.2 or earlier
]]></skipped>
</testcase>
<testcase classname='php-src.ext.phar.tests.tar' name='open_for_write_newfile.phpt - Phar: fopen a .phar for writing (new file) tar-based' time='0.0290'>
</testcase>
<testcase classname='php-src.ext.phar.tests.tar' name='open_for_write_newfile_b.phpt - Phar: fopen a .phar for writing (new file) tar-based' time='0.0348'>
</testcase>
<testcase classname='php-src.ext.phar.tests.tar' name='open_for_write_newfile_b_5_2.phpt - Phar: fopen a .phar for writing (new file) tar-based' time='0.0124'>
<skipped><![CDATA[
requires 5.2 or earlier
]]></skipped>
</testcase>
<testcase classname='php-src.ext.phar.tests.tar' name='open_for_write_newfile_c.phpt - Phar: fopen a .phar for writing (new file) tar-based' time='0.0338'>
</testcase>
<testcase classname='php-src.ext.phar.tests.tar' name='open_for_write_newfile_c_5_2.phpt - Phar: fopen a .phar for writing (new file) tar-based' time='0.0129'>
<skipped><![CDATA[
requires 5.2 or earlier
]]></skipped>
</testcase>
<testcase classname='php-src.ext.phar.tests.tar' name='phar_begin_setstub_commit.phpt - Phar::startBuffering()/setStub()/stopBuffering() tar-based' time='0.0375'>
</testcase>
<testcase classname='php-src.ext.phar.tests.tar' name='phar_begin_setstub_commitU.phpt - Phar::startBuffering()/setStub()/stopBuffering() tar-based' time='0.0152'>
<skipped><![CDATA[
Unicode support required
]]></skipped>
</testcase>
<testcase classname='php-src.ext.phar.tests.tar' name='phar_buildfromiterator4.phpt - Phar::buildFromIterator() iterator, 1 file passed in tar-based' time='0.0205'>
</testcase>
<testcase classname='php-src.ext.phar.tests.tar' name='phar_buildfromiterator5.phpt - Phar::buildFromIterator() iterator, iterator returns non-string tar-based' time='0.0191'>
</testcase>
<testcase classname='php-src.ext.phar.tests.tar' name='phar_buildfromiterator6.phpt - Phar::buildFromIterator() iterator, key is int tar-based' time='0.0206'>
</testcase>
<testcase classname='php-src.ext.phar.tests.tar' name='phar_buildfromiterator7.phpt - Phar::buildFromIterator() iterator, file can&#039;t be opened tar-based' time='0.0283'>
</testcase>
<testcase classname='php-src.ext.phar.tests.tar' name='phar_buildfromiterator8.phpt - Phar::buildFromIterator() iterator, SplFileInfo as current tar-based' time='0.0334'>
</testcase>
<testcase classname='php-src.ext.phar.tests.tar' name='phar_buildfromiterator9.phpt - Phar::buildFromIterator() iterator, 1 file resource passed in tar-based' time='0.0293'>
</testcase>
<testcase classname='php-src.ext.phar.tests.tar' name='phar_commitwrite.phpt - Phar::setStub()/stopBuffering() tar-based' time='0.0236'>
</testcase>
<testcase classname='php-src.ext.phar.tests.tar' name='phar_convert_phar.phpt - Phar::convertToPhar() from tar' time='0.0325'>
</testcase>
<testcase classname='php-src.ext.phar.tests.tar' name='phar_convert_phar2.phpt - Phar::convertToPhar() gzipped' time='0.0253'>
</testcase>
<testcase classname='php-src.ext.phar.tests.tar' name='phar_convert_phar3.phpt - Phar::convertToPhar() bzipped' time='0.0370'>
</testcase>
<testcase classname='php-src.ext.phar.tests.tar' name='phar_convert_phar4.phpt - Phar::convertToPhar() with global metadata' time='0.0344'>
</testcase>
<testcase classname='php-src.ext.phar.tests.tar' name='phar_copy.phpt - Phar: copy() tar-based' time='0.0309'>
</testcase>
<testcase classname='php-src.ext.phar.tests.tar' name='phar_magic.phpt - Phar: include/fopen magic tar-based' time='0.0332'>
</testcase>
<testcase classname='php-src.ext.phar.tests.tar' name='phar_setalias.phpt - Phar::setAlias() tar-based' time='0.0328'>
</testcase>
<testcase classname='php-src.ext.phar.tests.tar' name='phar_setalias2.phpt - Phar::setAlias() error tar-based' time='0.0345'>
</testcase>
<testcase classname='php-src.ext.phar.tests.tar' name='phar_setdefaultstub.phpt - Phar: Phar::setDefaultStub() with and without arg, tar-based phar' time='0.0382'>
</testcase>
<testcase classname='php-src.ext.phar.tests.tar' name='phar_setsignaturealgo2.phpt - Phar::setSupportedSignatures() with hash, tar-based' time='0.0156'>
<skipped><![CDATA[
openssl support required
]]></skipped>
</testcase>
<testcase classname='php-src.ext.phar.tests.tar' name='phar_stub.phpt - Phar::setStub() (tar-based)' time='0.0369'>
</testcase>
<testcase classname='php-src.ext.phar.tests.tar' name='phar_stub_error.phpt - Phar::setStub()/getStub() tar-based' time='0.0361'>
</testcase>
<testcase classname='php-src.ext.phar.tests.tar' name='refcount1.phpt - Phar: test that refcounting avoids problems with deleting a file tar-based' time='0.0351'>
</testcase>
<testcase classname='php-src.ext.phar.tests.tar' name='refcount1_5_2.phpt - Phar: test that refcounting avoids problems with deleting a file tar-based' time='0.0166'>
<skipped><![CDATA[
requires 5.2 or earlier
]]></skipped>
</testcase>
<testcase classname='php-src.ext.phar.tests.tar' name='rename.phpt - Phar: rename test tar-based' time='0.0351'>
</testcase>
<testcase classname='php-src.ext.phar.tests.tar' name='rename_dir.phpt - Phar: rename_dir test tar-based' time='0.0263'>
</testcase>
<testcase classname='php-src.ext.phar.tests.tar' name='require_hash.phpt - Phar: tar-based phar, require_hash=1, no signature' time='0.0389'>
</testcase>
<testcase classname='php-src.ext.phar.tests.tar' name='rmdir.phpt - Phar: rmdir test tar-based' time='0.0283'>
</testcase>
<testcase classname='php-src.ext.phar.tests.tar' name='tar_001.phpt - Phar: tar-based phar corrupted' time='0.0288'>
</testcase>
<testcase classname='php-src.ext.phar.tests.tar' name='tar_002.phpt - Phar: tar-based phar corrupted 2' time='0.0214'>
</testcase>
<testcase classname='php-src.ext.phar.tests.tar' name='tar_003.phpt - Phar: tar-based phar, valid 1' time='0.0348'>
</testcase>
<testcase classname='php-src.ext.phar.tests.tar' name='tar_004.phpt - Phar: tar-based phar, tar phar with stub, mapPhar()' time='0.0340'>
</testcase>
<testcase classname='php-src.ext.phar.tests.tar' name='tar_004U.phpt - Phar: tar-based phar, tar phar with stub, mapPhar()' time='0.0151'>
<skipped><![CDATA[
Unicode support required
]]></skipped>
</testcase>
<testcase classname='php-src.ext.phar.tests.tar' name='tar_bz2.phpt - Phar: tar-based phar, bzipped tar' time='0.0365'>
</testcase>
<testcase classname='php-src.ext.phar.tests.tar' name='tar_bz2U.phpt - Phar: tar-based phar, bzipped tar' time='0.0163'>
<skipped><![CDATA[
Unicode support required
]]></skipped>
</testcase>
<testcase classname='php-src.ext.phar.tests.tar' name='tar_gzip.phpt - Phar: tar-based phar, gzipped tar' time='0.0382'>
</testcase>
<testcase classname='php-src.ext.phar.tests.tar' name='tar_gzipU.phpt - Phar: tar-based phar, gzipped tar' time='0.0148'>
<skipped><![CDATA[
Unicode support required
]]></skipped>
</testcase>
<testcase classname='php-src.ext.phar.tests.tar' name='tar_makebz2.phpt - Phar: tar-based phar, make new bzipped tar' time='0.0327'>
</testcase>
<testcase classname='php-src.ext.phar.tests.tar' name='tar_makegz.phpt - Phar: tar-based phar, make new gzipped tar' time='0.0360'>
</testcase>
<testcase classname='php-src.ext.phar.tests.tar' name='tar_nohash.phpt - Phar: tar archive, require_hash=1, should not error out' time='0.0510'>
</testcase>
<testcase classname='php-src.ext.phar.tests.tar' name='tar_nostub.phpt - Phar: tar-based phar, third-party tar with no stub, Phar-&gt;getStub()' time='0.0312'>
</testcase>
<testcase classname='php-src.ext.phar.tests.tar' name='tar_openssl_hash.phpt - Phar: tar archive, require_hash=1, OpenSSL hash' time='0.0128'>
<skipped><![CDATA[
openssl not available
]]></skipped>
</testcase>
<testcase classname='php-src.ext.phar.tests.tar' name='truncated.phpt - Phar: truncated tar' time='0.0307'>
</testcase>
</testsuite>
<testsuite name="php-src.ext.phar.tests.zip" tests="91" failures="0" errors="0" skip="11" time="2.5527">
<testcase classname='php-src.ext.phar.tests.zip' name='033.phpt - Phar::chmod zip-based' time='0.0400'>
</testcase>
<testcase classname='php-src.ext.phar.tests.zip' name='033a.phpt - Phar::chmod zip-based' time='0.0334'>
</testcase>
<testcase classname='php-src.ext.phar.tests.zip' name='alias_acrobatics.phpt - Phar: alias edge cases' time='0.0317'>
</testcase>
<testcase classname='php-src.ext.phar.tests.zip' name='all.phpt - Phar: test that creation of zip-based phar generates valid zip with all bells/whistles' time='0.0513'>
</testcase>
<testcase classname='php-src.ext.phar.tests.zip' name='allU.phpt - Phar: test that creation of zip-based phar generates valid zip with all bells/whistles' time='0.0166'>
<skipped><![CDATA[
Unicode support required
]]></skipped>
</testcase>
<testcase classname='php-src.ext.phar.tests.zip' name='badalias.phpt - Phar: invalid aliases' time='0.0339'>
</testcase>
<testcase classname='php-src.ext.phar.tests.zip' name='bug48791.phpt - Phar: Bug #48791: open office documents always reported as corrupted by phar extension' time='0.0404'>
</testcase>
<testcase classname='php-src.ext.phar.tests.zip' name='bzip2.phpt - Phar: process bzip2-compressed zip entry' time='0.0252'>
</testcase>
<testcase classname='php-src.ext.phar.tests.zip' name='corrupt_001.phpt - Phar: corrupted zip (count mismatch)' time='0.0321'>
</testcase>
<testcase classname='php-src.ext.phar.tests.zip' name='corrupt_002.phpt - Phar: corrupted zip (no end of zip record)' time='0.0283'>
</testcase>
<testcase classname='php-src.ext.phar.tests.zip' name='corrupt_003.phpt - Phar: corrupted zip (truncated file comment)' time='0.0301'>
</testcase>
<testcase classname='php-src.ext.phar.tests.zip' name='corrupt_004.phpt - Phar: corrupted zip (central directory offset incorrect)' time='0.0259'>
</testcase>
<testcase classname='php-src.ext.phar.tests.zip' name='corrupt_005.phpt - Phar: encrypted zip' time='0.0271'>
</testcase>
<testcase classname='php-src.ext.phar.tests.zip' name='corrupt_006.phpt - Phar: zip with file created from stdin' time='0.0284'>
</testcase>
<testcase classname='php-src.ext.phar.tests.zip' name='corrupt_007.phpt - Phar: corrupted zip (truncated filename record)' time='0.0300'>
</testcase>
<testcase classname='php-src.ext.phar.tests.zip' name='corrupt_008.phpt - Phar: unsupported compression methods' time='0.0289'>
</testcase>
<testcase classname='php-src.ext.phar.tests.zip' name='corrupt_009.phpt - Phar: corrupted zip (extra field way too long)' time='0.0298'>
</testcase>
<testcase classname='php-src.ext.phar.tests.zip' name='corrupt_010.phpt - Phar: unable to process zip (zip spanning multiple archives)' time='0.0318'>
</testcase>
<testcase classname='php-src.ext.phar.tests.zip' name='create_new_and_modify.phpt - Phar: create and modify zip-based phar' time='0.0360'>
</testcase>
<testcase classname='php-src.ext.phar.tests.zip' name='create_new_phar_b.phpt - Phar: create a completely new zip-based phar' time='0.0299'>
</testcase>
<testcase classname='php-src.ext.phar.tests.zip' name='delete.phpt - Phar: delete test, zip-based phar' time='0.0249'>
</testcase>
<testcase classname='php-src.ext.phar.tests.zip' name='delete_in_phar.phpt - Phar: delete a file within a zip-based .phar' time='0.0280'>
</testcase>
<testcase classname='php-src.ext.phar.tests.zip' name='delete_in_phar_b.phpt - Phar: delete a file within a zip-based .phar' time='0.0266'>
</testcase>
<testcase classname='php-src.ext.phar.tests.zip' name='delete_in_phar_confirm.phpt - Phar: delete a file within a zip-based .phar (confirm disk file is changed)' time='0.0317'>
</testcase>
<testcase classname='php-src.ext.phar.tests.zip' name='dir.phpt - Phar: mkdir/rmdir test zip-based' time='0.0376'>
</testcase>
<testcase classname='php-src.ext.phar.tests.zip' name='exists_as_phar.phpt - Phar: phar-based phar named with &quot;.zip&quot; fails' time='0.0264'>
</testcase>
<testcase classname='php-src.ext.phar.tests.zip' name='frontcontroller1.phar.phpt - Phar front controller other zip-based' time='0.0314'>
</testcase>
<testcase classname='php-src.ext.phar.tests.zip' name='frontcontroller10.phar.phpt - Phar front controller rewrite array invalid zip-based' time='0.0354'>
</testcase>
<testcase classname='php-src.ext.phar.tests.zip' name='frontcontroller11.phar.phpt - Phar front controller mime type extension is not a string zip-based' time='0.0102'>
<skipped><![CDATA[

]]></skipped>
</testcase>
<testcase classname='php-src.ext.phar.tests.zip' name='frontcontroller12.phar.phpt - Phar front controller mime type unknown int zip-based' time='0.0219'>
</testcase>
<testcase classname='php-src.ext.phar.tests.zip' name='frontcontroller13.phar.phpt - Phar front controller mime type not string/int zip-based' time='0.0328'>
</testcase>
<testcase classname='php-src.ext.phar.tests.zip' name='frontcontroller14.phar.phpt - Phar front controller mime type override, other zip-based' time='0.0267'>
</testcase>
<testcase classname='php-src.ext.phar.tests.zip' name='frontcontroller15.phar.phpt - Phar front controller mime type override, Phar::PHPS zip-based' time='0.0196'>
</testcase>
<testcase classname='php-src.ext.phar.tests.zip' name='frontcontroller16.phar.phpt - Phar front controller mime type override, Phar::PHP zip-based' time='0.0269'>
</testcase>
<testcase classname='php-src.ext.phar.tests.zip' name='frontcontroller17.phar.phpt - Phar front controller mime type unknown zip-based' time='0.0219'>
</testcase>
<testcase classname='php-src.ext.phar.tests.zip' name='frontcontroller18.phar.phpt - Phar front controller $_SERVER munging failure zip-based' time='0.0263'>
</testcase>
<testcase classname='php-src.ext.phar.tests.zip' name='frontcontroller19.phar.phpt - Phar front controller $_SERVER munging failure 2 zip-based' time='0.0210'>
</testcase>
<testcase classname='php-src.ext.phar.tests.zip' name='frontcontroller2.phar.phpt - Phar front controller PHP test zip-based' time='0.0285'>
</testcase>
<testcase classname='php-src.ext.phar.tests.zip' name='frontcontroller20.phar.phpt - Phar front controller $_SERVER munging failure 3 zip-based' time='0.0289'>
</testcase>
<testcase classname='php-src.ext.phar.tests.zip' name='frontcontroller21.phar.phpt - Phar front controller $_SERVER munging success zip-based' time='0.0194'>
</testcase>
<testcase classname='php-src.ext.phar.tests.zip' name='frontcontroller3.phar.phpt - Phar front controller phps zip-based' time='0.0197'>
</testcase>
<testcase classname='php-src.ext.phar.tests.zip' name='frontcontroller4.phar.phpt - Phar front controller index.php relocate (no /) zip-based' time='0.0309'>
</testcase>
<testcase classname='php-src.ext.phar.tests.zip' name='frontcontroller5.phar.phpt - Phar front controller index.php relocate zip-based' time='0.0221'>
</testcase>
<testcase classname='php-src.ext.phar.tests.zip' name='frontcontroller6.phar.phpt - Phar front controller 404 zip-based' time='0.0291'>
</testcase>
<testcase classname='php-src.ext.phar.tests.zip' name='frontcontroller7.phar.phpt - Phar front controller alternate index file zip-based' time='0.0225'>
</testcase>
<testcase classname='php-src.ext.phar.tests.zip' name='frontcontroller8.phar.phpt - Phar front controller no index file 404 zip-based' time='0.0301'>
</testcase>
<testcase classname='php-src.ext.phar.tests.zip' name='frontcontroller9.phar.phpt - Phar front controller rewrite array zip-based' time='0.0236'>
</testcase>
<testcase classname='php-src.ext.phar.tests.zip' name='getalias.phpt - Phar: getAlias() with an existing phar.zip' time='0.0337'>
</testcase>
<testcase classname='php-src.ext.phar.tests.zip' name='largezip.phpt - Phar: large zip file (zip edge cases)' time='0.0495'>
</testcase>
<testcase classname='php-src.ext.phar.tests.zip' name='metadata_write_commit.phpt - Phar with meta-data (write) zip-based' time='0.0268'>
</testcase>
<testcase classname='php-src.ext.phar.tests.zip' name='metadata_write_commitU.phpt - Phar with meta-data (write) zip-based' time='0.0155'>
<skipped><![CDATA[
Unicode support required
]]></skipped>
</testcase>
<testcase classname='php-src.ext.phar.tests.zip' name='notphar.phpt - Phar: a non-executable zip with no stub named .phar.zip' time='0.0265'>
</testcase>
<testcase classname='php-src.ext.phar.tests.zip' name='odt.phpt - Phar: test a zip archive created by openoffice' time='0.0233'>
</testcase>
<testcase classname='php-src.ext.phar.tests.zip' name='open_for_write_existing.phpt - Phar: fopen a .phar for writing (existing file) zip-based' time='0.0310'>
</testcase>
<testcase classname='php-src.ext.phar.tests.zip' name='open_for_write_existing_b.phpt - Phar: fopen a .phar for writing (existing file) zip-based' time='0.0331'>
</testcase>
<testcase classname='php-src.ext.phar.tests.zip' name='open_for_write_existing_b_5_2.phpt - Phar: fopen a .phar for writing (existing file) zip-based' time='0.0147'>
<skipped><![CDATA[
requires 5.2 or earlier
]]></skipped>
</testcase>
<testcase classname='php-src.ext.phar.tests.zip' name='open_for_write_existing_c.phpt - Phar: fopen a .phar for writing (existing file) zip-based' time='0.0336'>
</testcase>
<testcase classname='php-src.ext.phar.tests.zip' name='open_for_write_existing_c_5_2.phpt - Phar: fopen a .phar for writing (existing file) zip-based' time='0.0155'>
<skipped><![CDATA[
requires 5.2 or earlier
]]></skipped>
</testcase>
<testcase classname='php-src.ext.phar.tests.zip' name='open_for_write_newfile.phpt - Phar: fopen a .phar for writing (new file) zip-based' time='0.0322'>
</testcase>
<testcase classname='php-src.ext.phar.tests.zip' name='open_for_write_newfile_b.phpt - Phar: fopen a .phar for writing (new file) zip-based' time='0.0355'>
</testcase>
<testcase classname='php-src.ext.phar.tests.zip' name='open_for_write_newfile_b_5_2.phpt - Phar: fopen a .phar for writing (new file) zip-based' time='0.0101'>
<skipped><![CDATA[
requires 5.2 or earlier
]]></skipped>
</testcase>
<testcase classname='php-src.ext.phar.tests.zip' name='open_for_write_newfile_c.phpt - Phar: fopen a .phar for writing (new file) zip-based' time='0.0301'>
</testcase>
<testcase classname='php-src.ext.phar.tests.zip' name='open_for_write_newfile_c_5_2.phpt - Phar: fopen a .phar for writing (new file) zip-based' time='0.0140'>
<skipped><![CDATA[
requires 5.2 or earlier
]]></skipped>
</testcase>
<testcase classname='php-src.ext.phar.tests.zip' name='phar_begin_setstub_commit.phpt - Phar::startBuffering()/setStub()/stopBuffering() zip-based' time='0.0283'>
</testcase>
<testcase classname='php-src.ext.phar.tests.zip' name='phar_begin_setstub_commitU.phpt - Phar::startBuffering()/setStub()/stopBuffering() zip-based' time='0.0091'>
<skipped><![CDATA[
Unicode support required
]]></skipped>
</testcase>
<testcase classname='php-src.ext.phar.tests.zip' name='phar_buildfromiterator4.phpt - Phar::buildFromIterator() iterator, 1 file passed in zip-based' time='0.0231'>
</testcase>
<testcase classname='php-src.ext.phar.tests.zip' name='phar_buildfromiterator5.phpt - Phar::buildFromIterator() iterator, iterator returns non-string zip-based' time='0.0267'>
</testcase>
<testcase classname='php-src.ext.phar.tests.zip' name='phar_buildfromiterator6.phpt - Phar::buildFromIterator() iterator, key is int zip-based' time='0.0316'>
</testcase>
<testcase classname='php-src.ext.phar.tests.zip' name='phar_buildfromiterator7.phpt - Phar::buildFromIterator() iterator, file can&#039;t be opened zip-based' time='0.0282'>
</testcase>
<testcase classname='php-src.ext.phar.tests.zip' name='phar_buildfromiterator8.phpt - Phar::buildFromIterator() iterator, SplFileInfo as current zip-based' time='0.0347'>
</testcase>
<testcase classname='php-src.ext.phar.tests.zip' name='phar_buildfromiterator9.phpt - Phar::buildFromIterator() iterator, 1 file resource passed in' time='0.0344'>
</testcase>
<testcase classname='php-src.ext.phar.tests.zip' name='phar_commitwrite.phpt - Phar::setStub()/stopBuffering() zip-based' time='0.0322'>
</testcase>
<testcase classname='php-src.ext.phar.tests.zip' name='phar_convert_phar.phpt - Phar::convertToPhar() from zip' time='0.0306'>
</testcase>
<testcase classname='php-src.ext.phar.tests.zip' name='phar_copy.phpt - Phar: copy() zip-based' time='0.0250'>
</testcase>
<testcase classname='php-src.ext.phar.tests.zip' name='phar_magic.phpt - Phar: include/fopen magic zip-based' time='0.0352'>
</testcase>
<testcase classname='php-src.ext.phar.tests.zip' name='phar_magicU.phpt - Phar: include/fopen magic zip-based' time='0.0154'>
<skipped><![CDATA[
Unicode support required
]]></skipped>
</testcase>
<testcase classname='php-src.ext.phar.tests.zip' name='phar_oo_compressallbz2.phpt - Phar::compressFiles(Phar::BZ2) zip format' time='0.0375'>
</testcase>
<testcase classname='php-src.ext.phar.tests.zip' name='phar_oo_compressallgz.phpt - Phar::compressFiles(Phar::GZ) zip format' time='0.0360'>
</testcase>
<testcase classname='php-src.ext.phar.tests.zip' name='phar_setalias.phpt - Phar::setAlias() zip-based' time='0.0293'>
</testcase>
<testcase classname='php-src.ext.phar.tests.zip' name='phar_setalias2.phpt - Phar::setAlias() error zip-based' time='0.0373'>
</testcase>
<testcase classname='php-src.ext.phar.tests.zip' name='phar_setdefaultstub.phpt - Phar: Phar::setDefaultStub() with and without arg, zip-based phar' time='0.0332'>
</testcase>
<testcase classname='php-src.ext.phar.tests.zip' name='phar_setsignaturealgo2.phpt - Phar::setSupportedSignatures() with hash, zip-based' time='0.0131'>
<skipped><![CDATA[
openssl support required
]]></skipped>
</testcase>
<testcase classname='php-src.ext.phar.tests.zip' name='phar_stub.phpt - Phar::setStub() (zip-based)' time='0.0391'>
</testcase>
<testcase classname='php-src.ext.phar.tests.zip' name='phar_stub_error.phpt - Phar::setStub()/getStub() zip-based' time='0.0235'>
</testcase>
<testcase classname='php-src.ext.phar.tests.zip' name='refcount1.phpt - Phar: test that refcounting avoids problems with deleting a file zip-based' time='0.0309'>
</testcase>
<testcase classname='php-src.ext.phar.tests.zip' name='refcount1_5_2.phpt - Phar: test that refcounting avoids problems with deleting a file zip-based' time='0.0107'>
<skipped><![CDATA[
requires 5.2 or earlier
]]></skipped>
</testcase>
<testcase classname='php-src.ext.phar.tests.zip' name='rename.phpt - Phar: rename test zip-based' time='0.0225'>
</testcase>
<testcase classname='php-src.ext.phar.tests.zip' name='rename_dir.phpt - Phar: rename_dir test zip-based' time='0.0345'>
</testcase>
<testcase classname='php-src.ext.phar.tests.zip' name='rmdir.phpt - Phar: rmdir test zip-based' time='0.0341'>
</testcase>
<testcase classname='php-src.ext.phar.tests.zip' name='unixzip.phpt - Phar: test a zip archive created by unix &quot;zip&quot; command' time='0.0322'>
</testcase>
<testcase classname='php-src.ext.phar.tests.zip' name='zlib.phpt - Phar: process zlib-compressed zip alias' time='0.0243'>
</testcase>
</testsuite>
</testsuite>
</testsuites>